running egg_info
creating ../build/spherebot_slam/spherebot_slam.egg-info
writing ../build/spherebot_slam/spherebot_slam.egg-info/PKG-INFO
writing dependency_links to ../build/spherebot_slam/spherebot_slam.egg-info/dependency_links.txt
writing requirements to ../build/spherebot_slam/spherebot_slam.egg-info/requires.txt
writing top-level names to ../build/spherebot_slam/spherebot_slam.egg-info/top_level.txt
writing manifest file '../build/spherebot_slam/spherebot_slam.egg-info/SOURCES.txt'
reading manifest file '../build/spherebot_slam/spherebot_slam.egg-info/SOURCES.txt'
writing manifest file '../build/spherebot_slam/spherebot_slam.egg-info/SOURCES.txt'
running build
running build_py
creating /home/faseeh/ros2/ros2_ws/src/build/spherebot_slam/build
creating /home/faseeh/ros2/ros2_ws/src/build/spherebot_slam/build/lib
creating /home/faseeh/ros2/ros2_ws/src/build/spherebot_slam/build/lib/spherebot_slam
copying spherebot_slam/__init__.py -> /home/faseeh/ros2/ros2_ws/src/build/spherebot_slam/build/lib/spherebot_slam
running install
running install_lib
creating /home/faseeh/ros2/ros2_ws/src/install/spherebot_slam/lib/python3.12/site-packages/spherebot_slam
copying /home/faseeh/ros2/ros2_ws/src/build/spherebot_slam/build/lib/spherebot_slam/__init__.py -> /home/faseeh/ros2/ros2_ws/src/install/spherebot_slam/lib/python3.12/site-packages/spherebot_slam
byte-compiling /home/faseeh/ros2/ros2_ws/src/install/spherebot_slam/lib/python3.12/site-packages/spherebot_slam/__init__.py to __init__.cpython-312.pyc
running install_data
creating /home/faseeh/ros2/ros2_ws/src/install/spherebot_slam/share/ament_index
creating /home/faseeh/ros2/ros2_ws/src/install/spherebot_slam/share/ament_index/resource_index
creating /home/faseeh/ros2/ros2_ws/src/install/spherebot_slam/share/ament_index/resource_index/packages
copying resource/spherebot_slam -> /home/faseeh/ros2/ros2_ws/src/install/spherebot_slam/share/ament_index/resource_index/packages
copying package.xml -> /home/faseeh/ros2/ros2_ws/src/install/spherebot_slam/share/spherebot_slam
creating /home/faseeh/ros2/ros2_ws/src/install/spherebot_slam/share/spherebot_slam/launch
copying launch/slam.launch.py -> /home/faseeh/ros2/ros2_ws/src/install/spherebot_slam/share/spherebot_slam/launch
creating /home/faseeh/ros2/ros2_ws/src/install/spherebot_slam/share/spherebot_slam/config
copying config/mapper_params_online_async.yaml -> /home/faseeh/ros2/ros2_ws/src/install/spherebot_slam/share/spherebot_slam/config
running install_egg_info
Copying ../build/spherebot_slam/spherebot_slam.egg-info to /home/faseeh/ros2/ros2_ws/src/install/spherebot_slam/lib/python3.12/site-packages/spherebot_slam-0.0.0-py3.12.egg-info
running install_scripts
writing list of installed files to '/home/faseeh/ros2/ros2_ws/src/build/spherebot_slam/install.log'
