running develop
running egg_info
creating spherebot_navigation.egg-info
writing spherebot_navigation.egg-info/PKG-INFO
writing dependency_links to spherebot_navigation.egg-info/dependency_links.txt
writing requirements to spherebot_navigation.egg-info/requires.txt
writing top-level names to spherebot_navigation.egg-info/top_level.txt
writing manifest file 'spherebot_navigation.egg-info/SOURCES.txt'
reading manifest file 'spherebot_navigation.egg-info/SOURCES.txt'
writing manifest file 'spherebot_navigation.egg-info/SOURCES.txt'
running build_ext
Creating /home/faseeh/ros2/ros2_ws/src/install/spherebot_navigation/lib/python3.12/site-packages/spherebot-navigation.egg-link (link to .)

Installed /home/faseeh/ros2/ros2_ws/src/build/spherebot_navigation
running symlink_data
creating /home/faseeh/ros2/ros2_ws/src/install/spherebot_navigation/share/ament_index
creating /home/faseeh/ros2/ros2_ws/src/install/spherebot_navigation/share/ament_index/resource_index
creating /home/faseeh/ros2/ros2_ws/src/install/spherebot_navigation/share/ament_index/resource_index/packages
symbolically linking /home/faseeh/ros2/ros2_ws/src/build/spherebot_navigation/resource/spherebot_navigation -> /home/faseeh/ros2/ros2_ws/src/install/spherebot_navigation/share/ament_index/resource_index/packages
symbolically linking /home/faseeh/ros2/ros2_ws/src/build/spherebot_navigation/package.xml -> /home/faseeh/ros2/ros2_ws/src/install/spherebot_navigation/share/spherebot_navigation
creating /home/faseeh/ros2/ros2_ws/src/install/spherebot_navigation/share/spherebot_navigation/launch
symbolically linking /home/faseeh/ros2/ros2_ws/src/build/spherebot_navigation/launch/navigation.launch.py -> /home/faseeh/ros2/ros2_ws/src/install/spherebot_navigation/share/spherebot_navigation/launch
symbolically linking /home/faseeh/ros2/ros2_ws/src/build/spherebot_navigation/launch/bringup.launch.py -> /home/faseeh/ros2/ros2_ws/src/install/spherebot_navigation/share/spherebot_navigation/launch
creating /home/faseeh/ros2/ros2_ws/src/install/spherebot_navigation/share/spherebot_navigation/config
symbolically linking /home/faseeh/ros2/ros2_ws/src/build/spherebot_navigation/config/nav2_params.yaml -> /home/faseeh/ros2/ros2_ws/src/install/spherebot_navigation/share/spherebot_navigation/config
creating /home/faseeh/ros2/ros2_ws/src/install/spherebot_navigation/share/spherebot_navigation/maps
symbolically linking /home/faseeh/ros2/ros2_ws/src/build/spherebot_navigation/maps/assessment_map.yaml -> /home/faseeh/ros2/ros2_ws/src/install/spherebot_navigation/share/spherebot_navigation/maps
symbolically linking /home/faseeh/ros2/ros2_ws/src/build/spherebot_navigation/maps/assessment_map.pgm -> /home/faseeh/ros2/ros2_ws/src/install/spherebot_navigation/share/spherebot_navigation/maps
creating /home/faseeh/ros2/ros2_ws/src/install/spherebot_navigation/share/spherebot_navigation/rviz
symbolically linking /home/faseeh/ros2/ros2_ws/src/build/spherebot_navigation/rviz/nav2.rviz -> /home/faseeh/ros2/ros2_ws/src/install/spherebot_navigation/share/spherebot_navigation/rviz
