[0.215s] DEBUG:colcon:Command line arguments: ['/usr/bin/colcon', 'build', '--packages-select', 'spherebot_control', 'spherebot_gazebo']
[0.215s] DEBUG:colcon:Parsed command line arguments: Namespace(log_base=None, log_level=None, verb_name='build', build_base='build', install_base='install', merge_install=False, symlink_install=False, test_result_base=None, continue_on_error=False, executor='parallel', parallel_workers=8, event_handlers=None, ignore_user_meta=False, metas=['./colcon.meta'], base_paths=['.'], packages_ignore=None, packages_ignore_regex=None, paths=None, packages_up_to=None, packages_up_to_regex=None, packages_above=None, packages_above_and_dependencies=None, packages_above_depth=None, packages_select_by_dep=None, packages_skip_by_dep=None, packages_skip_up_to=None, packages_select_build_failed=False, packages_skip_build_finished=False, packages_select_test_failures=False, packages_skip_test_passed=False, packages_select=['spherebot_control', 'spherebot_gazebo'], packages_skip=None, packages_select_regex=None, packages_skip_regex=None, packages_start=None, packages_end=None, allow_overriding=[], cmake_args=None, cmake_target=None, cmake_target_skip_unavailable=False, cmake_clean_cache=False, cmake_clean_first=False, cmake_force_configure=False, ament_cmake_args=None, catkin_cmake_args=None, catkin_skip_building_tests=False, verb_parser=<colcon_defaults.argument_parser.defaults.DefaultArgumentsDecorator object at 0x705b6157b4a0>, verb_extension=<colcon_core.verb.build.BuildVerb object at 0x705b616d80e0>, main=<bound method BuildVerb.main of <colcon_core.verb.build.BuildVerb object at 0x705b616d80e0>>)
[0.320s] Level 1:colcon.colcon_core.package_discovery:discover_packages(colcon_meta) check parameters
[0.320s] Level 1:colcon.colcon_core.package_discovery:discover_packages(recursive) check parameters
[0.320s] Level 1:colcon.colcon_core.package_discovery:discover_packages(ignore) check parameters
[0.320s] Level 1:colcon.colcon_core.package_discovery:discover_packages(path) check parameters
[0.320s] Level 1:colcon.colcon_core.package_discovery:discover_packages(colcon_meta) discover
[0.320s] Level 1:colcon.colcon_core.package_discovery:discover_packages(recursive) discover
[0.320s] INFO:colcon.colcon_core.package_discovery:Crawling recursively for packages in '/home/faseeh/ros2/ros2_ws/src'
[0.320s] Level 1:colcon.colcon_core.package_identification:_identify(.) by extensions ['ignore', 'ignore_ament_install']
[0.320s] Level 1:colcon.colcon_core.package_identification:_identify(.) by extension 'ignore'
[0.320s] Level 1:colcon.colcon_core.package_identification:_identify(.) by extension 'ignore_ament_install'
[0.321s] Level 1:colcon.colcon_core.package_identification:_identify(.) by extensions ['colcon_pkg']
[0.321s] Level 1:colcon.colcon_core.package_identification:_identify(.) by extension 'colcon_pkg'
[0.321s] Level 1:colcon.colcon_core.package_identification:_identify(.) by extensions ['colcon_meta']
[0.321s] Level 1:colcon.colcon_core.package_identification:_identify(.) by extension 'colcon_meta'
[0.321s] Level 1:colcon.colcon_core.package_identification:_identify(.) by extensions ['ros']
[0.321s] Level 1:colcon.colcon_core.package_identification:_identify(.) by extension 'ros'
[0.372s] Level 1:colcon.colcon_core.package_identification:_identify(.) by extensions ['cmake', 'python']
[0.372s] Level 1:colcon.colcon_core.package_identification:_identify(.) by extension 'cmake'
[0.372s] Level 1:colcon.colcon_core.package_identification:_identify(.) by extension 'python'
[0.372s] Level 1:colcon.colcon_core.package_identification:_identify(.) by extensions ['python_setup_py']
[0.372s] Level 1:colcon.colcon_core.package_identification:_identify(.) by extension 'python_setup_py'
[0.372s] Level 1:colcon.colcon_core.package_identification:_identify(build) by extensions ['ignore', 'ignore_ament_install']
[0.372s] Level 1:colcon.colcon_core.package_identification:_identify(build) by extension 'ignore'
[0.373s] Level 1:colcon.colcon_core.package_identification:_identify(build) ignored
[0.373s] Level 1:colcon.colcon_core.package_identification:_identify(install) by extensions ['ignore', 'ignore_ament_install']
[0.373s] Level 1:colcon.colcon_core.package_identification:_identify(install) by extension 'ignore'
[0.373s] Level 1:colcon.colcon_core.package_identification:_identify(install) ignored
[0.373s] Level 1:colcon.colcon_core.package_identification:_identify(log) by extensions ['ignore', 'ignore_ament_install']
[0.373s] Level 1:colcon.colcon_core.package_identification:_identify(log) by extension 'ignore'
[0.373s] Level 1:colcon.colcon_core.package_identification:_identify(log) ignored
[0.373s] Level 1:colcon.colcon_core.package_identification:_identify(ros2_assessment_world) by extensions ['ignore', 'ignore_ament_install']
[0.373s] Level 1:colcon.colcon_core.package_identification:_identify(ros2_assessment_world) by extension 'ignore'
[0.373s] Level 1:colcon.colcon_core.package_identification:_identify(ros2_assessment_world) by extension 'ignore_ament_install'
[0.373s] Level 1:colcon.colcon_core.package_identification:_identify(ros2_assessment_world) by extensions ['colcon_pkg']
[0.373s] Level 1:colcon.colcon_core.package_identification:_identify(ros2_assessment_world) by extension 'colcon_pkg'
[0.373s] Level 1:colcon.colcon_core.package_identification:_identify(ros2_assessment_world) by extensions ['colcon_meta']
[0.373s] Level 1:colcon.colcon_core.package_identification:_identify(ros2_assessment_world) by extension 'colcon_meta'
[0.373s] Level 1:colcon.colcon_core.package_identification:_identify(ros2_assessment_world) by extensions ['ros']
[0.373s] Level 1:colcon.colcon_core.package_identification:_identify(ros2_assessment_world) by extension 'ros'
[0.375s] DEBUG:colcon.colcon_core.package_identification:Package 'ros2_assessment_world' with type 'ros.ament_cmake' and name 'assessment_world'
[0.375s] Level 1:colcon.colcon_core.package_identification:_identify(spherebot_control) by extensions ['ignore', 'ignore_ament_install']
[0.375s] Level 1:colcon.colcon_core.package_identification:_identify(spherebot_control) by extension 'ignore'
[0.375s] Level 1:colcon.colcon_core.package_identification:_identify(spherebot_control) by extension 'ignore_ament_install'
[0.375s] Level 1:colcon.colcon_core.package_identification:_identify(spherebot_control) by extensions ['colcon_pkg']
[0.375s] Level 1:colcon.colcon_core.package_identification:_identify(spherebot_control) by extension 'colcon_pkg'
[0.375s] Level 1:colcon.colcon_core.package_identification:_identify(spherebot_control) by extensions ['colcon_meta']
[0.375s] Level 1:colcon.colcon_core.package_identification:_identify(spherebot_control) by extension 'colcon_meta'
[0.375s] Level 1:colcon.colcon_core.package_identification:_identify(spherebot_control) by extensions ['ros']
[0.375s] Level 1:colcon.colcon_core.package_identification:_identify(spherebot_control) by extension 'ros'
[0.376s] DEBUG:colcon.colcon_core.package_identification:Package 'spherebot_control' with type 'ros.ament_python' and name 'spherebot_control'
[0.376s] Level 1:colcon.colcon_core.package_identification:_identify(spherebot_description) by extensions ['ignore', 'ignore_ament_install']
[0.376s] Level 1:colcon.colcon_core.package_identification:_identify(spherebot_description) by extension 'ignore'
[0.376s] Level 1:colcon.colcon_core.package_identification:_identify(spherebot_description) by extension 'ignore_ament_install'
[0.376s] Level 1:colcon.colcon_core.package_identification:_identify(spherebot_description) by extensions ['colcon_pkg']
[0.376s] Level 1:colcon.colcon_core.package_identification:_identify(spherebot_description) by extension 'colcon_pkg'
[0.376s] Level 1:colcon.colcon_core.package_identification:_identify(spherebot_description) by extensions ['colcon_meta']
[0.376s] Level 1:colcon.colcon_core.package_identification:_identify(spherebot_description) by extension 'colcon_meta'
[0.376s] Level 1:colcon.colcon_core.package_identification:_identify(spherebot_description) by extensions ['ros']
[0.376s] Level 1:colcon.colcon_core.package_identification:_identify(spherebot_description) by extension 'ros'
[0.376s] DEBUG:colcon.colcon_core.package_identification:Package 'spherebot_description' with type 'ros.ament_python' and name 'spherebot_description'
[0.376s] Level 1:colcon.colcon_core.package_identification:_identify(spherebot_gazebo) by extensions ['ignore', 'ignore_ament_install']
[0.377s] Level 1:colcon.colcon_core.package_identification:_identify(spherebot_gazebo) by extension 'ignore'
[0.377s] Level 1:colcon.colcon_core.package_identification:_identify(spherebot_gazebo) by extension 'ignore_ament_install'
[0.377s] Level 1:colcon.colcon_core.package_identification:_identify(spherebot_gazebo) by extensions ['colcon_pkg']
[0.377s] Level 1:colcon.colcon_core.package_identification:_identify(spherebot_gazebo) by extension 'colcon_pkg'
[0.377s] Level 1:colcon.colcon_core.package_identification:_identify(spherebot_gazebo) by extensions ['colcon_meta']
[0.377s] Level 1:colcon.colcon_core.package_identification:_identify(spherebot_gazebo) by extension 'colcon_meta'
[0.377s] Level 1:colcon.colcon_core.package_identification:_identify(spherebot_gazebo) by extensions ['ros']
[0.377s] Level 1:colcon.colcon_core.package_identification:_identify(spherebot_gazebo) by extension 'ros'
[0.377s] DEBUG:colcon.colcon_core.package_identification:Package 'spherebot_gazebo' with type 'ros.ament_python' and name 'spherebot_gazebo'
[0.377s] Level 1:colcon.colcon_core.package_identification:_identify(spherebot_navigation) by extensions ['ignore', 'ignore_ament_install']
[0.377s] Level 1:colcon.colcon_core.package_identification:_identify(spherebot_navigation) by extension 'ignore'
[0.377s] Level 1:colcon.colcon_core.package_identification:_identify(spherebot_navigation) by extension 'ignore_ament_install'
[0.377s] Level 1:colcon.colcon_core.package_identification:_identify(spherebot_navigation) by extensions ['colcon_pkg']
[0.377s] Level 1:colcon.colcon_core.package_identification:_identify(spherebot_navigation) by extension 'colcon_pkg'
[0.377s] Level 1:colcon.colcon_core.package_identification:_identify(spherebot_navigation) by extensions ['colcon_meta']
[0.377s] Level 1:colcon.colcon_core.package_identification:_identify(spherebot_navigation) by extension 'colcon_meta'
[0.377s] Level 1:colcon.colcon_core.package_identification:_identify(spherebot_navigation) by extensions ['ros']
[0.377s] Level 1:colcon.colcon_core.package_identification:_identify(spherebot_navigation) by extension 'ros'
[0.378s] DEBUG:colcon.colcon_core.package_identification:Package 'spherebot_navigation' with type 'ros.ament_python' and name 'spherebot_navigation'
[0.378s] Level 1:colcon.colcon_core.package_identification:_identify(spherebot_slam) by extensions ['ignore', 'ignore_ament_install']
[0.378s] Level 1:colcon.colcon_core.package_identification:_identify(spherebot_slam) by extension 'ignore'
[0.378s] Level 1:colcon.colcon_core.package_identification:_identify(spherebot_slam) by extension 'ignore_ament_install'
[0.378s] Level 1:colcon.colcon_core.package_identification:_identify(spherebot_slam) by extensions ['colcon_pkg']
[0.378s] Level 1:colcon.colcon_core.package_identification:_identify(spherebot_slam) by extension 'colcon_pkg'
[0.378s] Level 1:colcon.colcon_core.package_identification:_identify(spherebot_slam) by extensions ['colcon_meta']
[0.378s] Level 1:colcon.colcon_core.package_identification:_identify(spherebot_slam) by extension 'colcon_meta'
[0.378s] Level 1:colcon.colcon_core.package_identification:_identify(spherebot_slam) by extensions ['ros']
[0.378s] Level 1:colcon.colcon_core.package_identification:_identify(spherebot_slam) by extension 'ros'
[0.378s] DEBUG:colcon.colcon_core.package_identification:Package 'spherebot_slam' with type 'ros.ament_python' and name 'spherebot_slam'
[0.378s] Level 1:colcon.colcon_core.package_identification:_identify(spherebot_teleop) by extensions ['ignore', 'ignore_ament_install']
[0.379s] Level 1:colcon.colcon_core.package_identification:_identify(spherebot_teleop) by extension 'ignore'
[0.379s] Level 1:colcon.colcon_core.package_identification:_identify(spherebot_teleop) by extension 'ignore_ament_install'
[0.379s] Level 1:colcon.colcon_core.package_identification:_identify(spherebot_teleop) by extensions ['colcon_pkg']
[0.379s] Level 1:colcon.colcon_core.package_identification:_identify(spherebot_teleop) by extension 'colcon_pkg'
[0.379s] Level 1:colcon.colcon_core.package_identification:_identify(spherebot_teleop) by extensions ['colcon_meta']
[0.379s] Level 1:colcon.colcon_core.package_identification:_identify(spherebot_teleop) by extension 'colcon_meta'
[0.379s] Level 1:colcon.colcon_core.package_identification:_identify(spherebot_teleop) by extensions ['ros']
[0.379s] Level 1:colcon.colcon_core.package_identification:_identify(spherebot_teleop) by extension 'ros'
[0.379s] DEBUG:colcon.colcon_core.package_identification:Package 'spherebot_teleop' with type 'ros.ament_python' and name 'spherebot_teleop'
[0.379s] Level 1:colcon.colcon_core.package_discovery:discover_packages(recursive) using defaults
[0.379s] Level 1:colcon.colcon_core.package_discovery:discover_packages(ignore) discover
[0.379s] Level 1:colcon.colcon_core.package_discovery:discover_packages(ignore) using defaults
[0.379s] Level 1:colcon.colcon_core.package_discovery:discover_packages(path) discover
[0.379s] Level 1:colcon.colcon_core.package_discovery:discover_packages(path) using defaults
[0.394s] INFO:colcon.colcon_core.package_selection:Skipping not selected package 'assessment_world' in 'ros2_assessment_world'
[0.394s] INFO:colcon.colcon_core.package_selection:Skipping not selected package 'spherebot_description' in 'spherebot_description'
[0.394s] INFO:colcon.colcon_core.package_selection:Skipping not selected package 'spherebot_navigation' in 'spherebot_navigation'
[0.394s] INFO:colcon.colcon_core.package_selection:Skipping not selected package 'spherebot_slam' in 'spherebot_slam'
[0.394s] INFO:colcon.colcon_core.package_selection:Skipping not selected package 'spherebot_teleop' in 'spherebot_teleop'
[0.395s] Level 1:colcon.colcon_core.package_discovery:discover_packages(prefix_path) check parameters
[0.395s] Level 1:colcon.colcon_core.package_discovery:discover_packages(prefix_path) discover
[0.448s] DEBUG:colcon.colcon_installed_package_information.package_discovery:Found 492 installed packages in /opt/ros/jazzy
[0.450s] Level 1:colcon.colcon_core.package_discovery:discover_packages(prefix_path) using defaults
[0.489s] Level 5:colcon.colcon_core.verb:set package 'spherebot_control' build argument 'cmake_args' from command line to 'None'
[0.489s] Level 5:colcon.colcon_core.verb:set package 'spherebot_control' build argument 'cmake_target' from command line to 'None'
[0.489s] Level 5:colcon.colcon_core.verb:set package 'spherebot_control' build argument 'cmake_target_skip_unavailable' from command line to 'False'
[0.489s] Level 5:colcon.colcon_core.verb:set package 'spherebot_control' build argument 'cmake_clean_cache' from command line to 'False'
[0.489s] Level 5:colcon.colcon_core.verb:set package 'spherebot_control' build argument 'cmake_clean_first' from command line to 'False'
[0.489s] Level 5:colcon.colcon_core.verb:set package 'spherebot_control' build argument 'cmake_force_configure' from command line to 'False'
[0.489s] Level 5:colcon.colcon_core.verb:set package 'spherebot_control' build argument 'ament_cmake_args' from command line to 'None'
[0.489s] Level 5:colcon.colcon_core.verb:set package 'spherebot_control' build argument 'catkin_cmake_args' from command line to 'None'
[0.489s] Level 5:colcon.colcon_core.verb:set package 'spherebot_control' build argument 'catkin_skip_building_tests' from command line to 'False'
[0.489s] DEBUG:colcon.colcon_core.verb:Building package 'spherebot_control' with the following arguments: {'ament_cmake_args': None, 'build_base': '/home/faseeh/ros2/ros2_ws/src/build/spherebot_control', 'catkin_cmake_args': None, 'catkin_skip_building_tests': False, 'cmake_args': None, 'cmake_clean_cache': False, 'cmake_clean_first': False, 'cmake_force_configure': False, 'cmake_target': None, 'cmake_target_skip_unavailable': False, 'install_base': '/home/faseeh/ros2/ros2_ws/src/install/spherebot_control', 'merge_install': False, 'path': '/home/faseeh/ros2/ros2_ws/src/spherebot_control', 'symlink_install': False, 'test_result_base': None}
[0.489s] Level 5:colcon.colcon_core.verb:set package 'spherebot_gazebo' build argument 'cmake_args' from command line to 'None'
[0.489s] Level 5:colcon.colcon_core.verb:set package 'spherebot_gazebo' build argument 'cmake_target' from command line to 'None'
[0.489s] Level 5:colcon.colcon_core.verb:set package 'spherebot_gazebo' build argument 'cmake_target_skip_unavailable' from command line to 'False'
[0.489s] Level 5:colcon.colcon_core.verb:set package 'spherebot_gazebo' build argument 'cmake_clean_cache' from command line to 'False'
[0.489s] Level 5:colcon.colcon_core.verb:set package 'spherebot_gazebo' build argument 'cmake_clean_first' from command line to 'False'
[0.489s] Level 5:colcon.colcon_core.verb:set package 'spherebot_gazebo' build argument 'cmake_force_configure' from command line to 'False'
[0.489s] Level 5:colcon.colcon_core.verb:set package 'spherebot_gazebo' build argument 'ament_cmake_args' from command line to 'None'
[0.489s] Level 5:colcon.colcon_core.verb:set package 'spherebot_gazebo' build argument 'catkin_cmake_args' from command line to 'None'
[0.489s] Level 5:colcon.colcon_core.verb:set package 'spherebot_gazebo' build argument 'catkin_skip_building_tests' from command line to 'False'
[0.489s] DEBUG:colcon.colcon_core.verb:Building package 'spherebot_gazebo' with the following arguments: {'ament_cmake_args': None, 'build_base': '/home/faseeh/ros2/ros2_ws/src/build/spherebot_gazebo', 'catkin_cmake_args': None, 'catkin_skip_building_tests': False, 'cmake_args': None, 'cmake_clean_cache': False, 'cmake_clean_first': False, 'cmake_force_configure': False, 'cmake_target': None, 'cmake_target_skip_unavailable': False, 'install_base': '/home/faseeh/ros2/ros2_ws/src/install/spherebot_gazebo', 'merge_install': False, 'path': '/home/faseeh/ros2/ros2_ws/src/spherebot_gazebo', 'symlink_install': False, 'test_result_base': None}
[0.489s] INFO:colcon.colcon_core.executor:Executing jobs using 'parallel' executor
[0.490s] DEBUG:colcon.colcon_parallel_executor.executor.parallel:run_until_complete
[0.490s] INFO:colcon.colcon_ros.task.ament_python.build:Building ROS package in '/home/faseeh/ros2/ros2_ws/src/spherebot_control' with build type 'ament_python'
[0.490s] Level 1:colcon.colcon_core.shell:create_environment_hook('spherebot_control', 'ament_prefix_path')
[0.492s] INFO:colcon.colcon_core.plugin_system:Skipping extension 'colcon_core.shell.bat': Not used on non-Windows systems
[0.492s] INFO:colcon.colcon_core.shell:Creating environment hook '/home/faseeh/ros2/ros2_ws/src/install/spherebot_control/share/spherebot_control/hook/ament_prefix_path.ps1'
[0.523s] INFO:colcon.colcon_core.shell:Creating environment descriptor '/home/faseeh/ros2/ros2_ws/src/install/spherebot_control/share/spherebot_control/hook/ament_prefix_path.dsv'
[0.523s] INFO:colcon.colcon_core.shell:Creating environment hook '/home/faseeh/ros2/ros2_ws/src/install/spherebot_control/share/spherebot_control/hook/ament_prefix_path.sh'
[0.536s] INFO:colcon.colcon_core.shell:Skip shell extension 'powershell' for command environment: Not usable outside of PowerShell
[0.536s] DEBUG:colcon.colcon_core.shell:Skip shell extension 'dsv' for command environment
[0.723s] INFO:colcon.colcon_core.task.python.build:Building Python package in '/home/faseeh/ros2/ros2_ws/src/spherebot_control'
[0.724s] INFO:colcon.colcon_core.shell:Skip shell extension 'powershell' for command environment: Not usable outside of PowerShell
[0.724s] DEBUG:colcon.colcon_core.shell:Skip shell extension 'dsv' for command environment
[3.826s] DEBUG:colcon.colcon_core.event_handler.log_command:Invoking command in '/home/faseeh/ros2/ros2_ws/src/spherebot_control': AMENT_PREFIX_PATH=/home/faseeh/ros2/ros2_ws/src/install/spherebot_description:${AMENT_PREFIX_PATH} DEBUGINFOD_URLS=https://debuginfod.ubuntu.com PYTHONPATH=/home/faseeh/ros2/ros2_ws/src/build/spherebot_control/prefix_override:/usr/lib/python3/dist-packages/colcon_core/task/python/colcon_distutils_commands:/home/faseeh/ros2/ros2_ws/src/install/spherebot_control/lib/python3.12/site-packages:/home/faseeh/ros2/ros2_ws/src/install/spherebot_description/lib/python3.12/site-packages:${PYTHONPATH} /usr/bin/python3 -W ignore:setup.py install is deprecated -W ignore:easy_install command is deprecated setup.py egg_info --egg-base ../build/spherebot_control build --build-base /home/faseeh/ros2/ros2_ws/src/build/spherebot_control/build install --record /home/faseeh/ros2/ros2_ws/src/build/spherebot_control/install.log --single-version-externally-managed install_data
[4.307s] DEBUG:colcon.colcon_core.event_handler.log_command:Invoked command in '/home/faseeh/ros2/ros2_ws/src/spherebot_control' returned '0': AMENT_PREFIX_PATH=/home/faseeh/ros2/ros2_ws/src/install/spherebot_description:${AMENT_PREFIX_PATH} DEBUGINFOD_URLS=https://debuginfod.ubuntu.com PYTHONPATH=/home/faseeh/ros2/ros2_ws/src/build/spherebot_control/prefix_override:/usr/lib/python3/dist-packages/colcon_core/task/python/colcon_distutils_commands:/home/faseeh/ros2/ros2_ws/src/install/spherebot_control/lib/python3.12/site-packages:/home/faseeh/ros2/ros2_ws/src/install/spherebot_description/lib/python3.12/site-packages:${PYTHONPATH} /usr/bin/python3 -W ignore:setup.py install is deprecated -W ignore:easy_install command is deprecated setup.py egg_info --egg-base ../build/spherebot_control build --build-base /home/faseeh/ros2/ros2_ws/src/build/spherebot_control/build install --record /home/faseeh/ros2/ros2_ws/src/build/spherebot_control/install.log --single-version-externally-managed install_data
[4.309s] Level 1:colcon.colcon_core.environment:checking '/home/faseeh/ros2/ros2_ws/src/install/spherebot_control' for CMake module files
[4.309s] Level 1:colcon.colcon_core.environment:checking '/home/faseeh/ros2/ros2_ws/src/install/spherebot_control' for CMake config files
[4.309s] Level 1:colcon.colcon_core.environment:checking '/home/faseeh/ros2/ros2_ws/src/install/spherebot_control/lib'
[4.310s] Level 1:colcon.colcon_core.environment:checking '/home/faseeh/ros2/ros2_ws/src/install/spherebot_control/bin'
[4.310s] Level 1:colcon.colcon_core.environment:checking '/home/faseeh/ros2/ros2_ws/src/install/spherebot_control/lib/pkgconfig/spherebot_control.pc'
[4.310s] Level 1:colcon.colcon_core.environment:checking '/home/faseeh/ros2/ros2_ws/src/install/spherebot_control/lib/python3.12/site-packages'
[4.310s] Level 1:colcon.colcon_core.shell:create_environment_hook('spherebot_control', 'pythonpath')
[4.310s] INFO:colcon.colcon_core.shell:Creating environment hook '/home/faseeh/ros2/ros2_ws/src/install/spherebot_control/share/spherebot_control/hook/pythonpath.ps1'
[4.310s] INFO:colcon.colcon_core.shell:Creating environment descriptor '/home/faseeh/ros2/ros2_ws/src/install/spherebot_control/share/spherebot_control/hook/pythonpath.dsv'
[4.311s] INFO:colcon.colcon_core.shell:Creating environment hook '/home/faseeh/ros2/ros2_ws/src/install/spherebot_control/share/spherebot_control/hook/pythonpath.sh'
[4.311s] Level 1:colcon.colcon_core.environment:checking '/home/faseeh/ros2/ros2_ws/src/install/spherebot_control/bin'
[4.311s] Level 1:colcon.colcon_core.environment:create_environment_scripts_only(spherebot_control)
[4.311s] INFO:colcon.colcon_core.shell:Creating package script '/home/faseeh/ros2/ros2_ws/src/install/spherebot_control/share/spherebot_control/package.ps1'
[4.312s] INFO:colcon.colcon_core.shell:Creating package descriptor '/home/faseeh/ros2/ros2_ws/src/install/spherebot_control/share/spherebot_control/package.dsv'
[4.312s] INFO:colcon.colcon_core.shell:Creating package script '/home/faseeh/ros2/ros2_ws/src/install/spherebot_control/share/spherebot_control/package.sh'
[4.313s] INFO:colcon.colcon_core.shell:Creating package script '/home/faseeh/ros2/ros2_ws/src/install/spherebot_control/share/spherebot_control/package.bash'
[4.324s] INFO:colcon.colcon_core.shell:Creating package script '/home/faseeh/ros2/ros2_ws/src/install/spherebot_control/share/spherebot_control/package.zsh'
[4.325s] Level 1:colcon.colcon_core.environment:create_file_with_runtime_dependencies(/home/faseeh/ros2/ros2_ws/src/install/spherebot_control/share/colcon-core/packages/spherebot_control)
[4.325s] INFO:colcon.colcon_ros.task.ament_python.build:Building ROS package in '/home/faseeh/ros2/ros2_ws/src/spherebot_gazebo' with build type 'ament_python'
[4.325s] Level 1:colcon.colcon_core.shell:create_environment_hook('spherebot_gazebo', 'ament_prefix_path')
[4.325s] INFO:colcon.colcon_core.shell:Creating environment hook '/home/faseeh/ros2/ros2_ws/src/install/spherebot_gazebo/share/spherebot_gazebo/hook/ament_prefix_path.ps1'
[4.326s] INFO:colcon.colcon_core.shell:Creating environment descriptor '/home/faseeh/ros2/ros2_ws/src/install/spherebot_gazebo/share/spherebot_gazebo/hook/ament_prefix_path.dsv'
[4.326s] INFO:colcon.colcon_core.shell:Creating environment hook '/home/faseeh/ros2/ros2_ws/src/install/spherebot_gazebo/share/spherebot_gazebo/hook/ament_prefix_path.sh'
[4.326s] INFO:colcon.colcon_core.shell:Skip shell extension 'powershell' for command environment: Not usable outside of PowerShell
[4.326s] DEBUG:colcon.colcon_core.shell:Skip shell extension 'dsv' for command environment
[4.498s] INFO:colcon.colcon_core.task.python.build:Building Python package in '/home/faseeh/ros2/ros2_ws/src/spherebot_gazebo'
[4.498s] INFO:colcon.colcon_core.shell:Skip shell extension 'powershell' for command environment: Not usable outside of PowerShell
[4.498s] DEBUG:colcon.colcon_core.shell:Skip shell extension 'dsv' for command environment
[4.946s] DEBUG:colcon.colcon_core.event_handler.log_command:Invoking command in '/home/faseeh/ros2/ros2_ws/src/spherebot_gazebo': AMENT_PREFIX_PATH=/home/faseeh/ros2/ros2_ws/src/install/spherebot_control:/home/faseeh/ros2/ros2_ws/src/install/spherebot_description:${AMENT_PREFIX_PATH} DEBUGINFOD_URLS=https://debuginfod.ubuntu.com PYTHONPATH=/home/faseeh/ros2/ros2_ws/src/build/spherebot_gazebo/prefix_override:/usr/lib/python3/dist-packages/colcon_core/task/python/colcon_distutils_commands:/home/faseeh/ros2/ros2_ws/src/install/spherebot_gazebo/lib/python3.12/site-packages:/home/faseeh/ros2/ros2_ws/src/install/spherebot_control/lib/python3.12/site-packages:/home/faseeh/ros2/ros2_ws/src/install/spherebot_description/lib/python3.12/site-packages:${PYTHONPATH} /usr/bin/python3 -W ignore:setup.py install is deprecated -W ignore:easy_install command is deprecated setup.py egg_info --egg-base ../build/spherebot_gazebo build --build-base /home/faseeh/ros2/ros2_ws/src/build/spherebot_gazebo/build install --record /home/faseeh/ros2/ros2_ws/src/build/spherebot_gazebo/install.log --single-version-externally-managed install_data
[5.445s] Level 1:colcon.colcon_core.environment:checking '/home/faseeh/ros2/ros2_ws/src/install/spherebot_gazebo' for CMake module files
[5.446s] Level 1:colcon.colcon_core.environment:checking '/home/faseeh/ros2/ros2_ws/src/install/spherebot_gazebo' for CMake config files
[5.446s] Level 1:colcon.colcon_core.environment:checking '/home/faseeh/ros2/ros2_ws/src/install/spherebot_gazebo/lib'
[5.447s] Level 1:colcon.colcon_core.environment:checking '/home/faseeh/ros2/ros2_ws/src/install/spherebot_gazebo/bin'
[5.447s] Level 1:colcon.colcon_core.environment:checking '/home/faseeh/ros2/ros2_ws/src/install/spherebot_gazebo/lib/pkgconfig/spherebot_gazebo.pc'
[5.447s] Level 1:colcon.colcon_core.environment:checking '/home/faseeh/ros2/ros2_ws/src/install/spherebot_gazebo/lib/python3.12/site-packages'
[5.447s] Level 1:colcon.colcon_core.shell:create_environment_hook('spherebot_gazebo', 'pythonpath')
[5.447s] INFO:colcon.colcon_core.shell:Creating environment hook '/home/faseeh/ros2/ros2_ws/src/install/spherebot_gazebo/share/spherebot_gazebo/hook/pythonpath.ps1'
[5.448s] DEBUG:colcon.colcon_core.event_handler.log_command:Invoked command in '/home/faseeh/ros2/ros2_ws/src/spherebot_gazebo' returned '0': AMENT_PREFIX_PATH=/home/faseeh/ros2/ros2_ws/src/install/spherebot_control:/home/faseeh/ros2/ros2_ws/src/install/spherebot_description:${AMENT_PREFIX_PATH} DEBUGINFOD_URLS=https://debuginfod.ubuntu.com PYTHONPATH=/home/faseeh/ros2/ros2_ws/src/build/spherebot_gazebo/prefix_override:/usr/lib/python3/dist-packages/colcon_core/task/python/colcon_distutils_commands:/home/faseeh/ros2/ros2_ws/src/install/spherebot_gazebo/lib/python3.12/site-packages:/home/faseeh/ros2/ros2_ws/src/install/spherebot_control/lib/python3.12/site-packages:/home/faseeh/ros2/ros2_ws/src/install/spherebot_description/lib/python3.12/site-packages:${PYTHONPATH} /usr/bin/python3 -W ignore:setup.py install is deprecated -W ignore:easy_install command is deprecated setup.py egg_info --egg-base ../build/spherebot_gazebo build --build-base /home/faseeh/ros2/ros2_ws/src/build/spherebot_gazebo/build install --record /home/faseeh/ros2/ros2_ws/src/build/spherebot_gazebo/install.log --single-version-externally-managed install_data
[5.449s] INFO:colcon.colcon_core.shell:Creating environment descriptor '/home/faseeh/ros2/ros2_ws/src/install/spherebot_gazebo/share/spherebot_gazebo/hook/pythonpath.dsv'
[5.449s] INFO:colcon.colcon_core.shell:Creating environment hook '/home/faseeh/ros2/ros2_ws/src/install/spherebot_gazebo/share/spherebot_gazebo/hook/pythonpath.sh'
[5.451s] Level 1:colcon.colcon_core.environment:checking '/home/faseeh/ros2/ros2_ws/src/install/spherebot_gazebo/bin'
[5.451s] Level 1:colcon.colcon_core.environment:create_environment_scripts_only(spherebot_gazebo)
[5.451s] INFO:colcon.colcon_core.shell:Creating package script '/home/faseeh/ros2/ros2_ws/src/install/spherebot_gazebo/share/spherebot_gazebo/package.ps1'
[5.452s] INFO:colcon.colcon_core.shell:Creating package descriptor '/home/faseeh/ros2/ros2_ws/src/install/spherebot_gazebo/share/spherebot_gazebo/package.dsv'
[5.452s] INFO:colcon.colcon_core.shell:Creating package script '/home/faseeh/ros2/ros2_ws/src/install/spherebot_gazebo/share/spherebot_gazebo/package.sh'
[5.453s] INFO:colcon.colcon_core.shell:Creating package script '/home/faseeh/ros2/ros2_ws/src/install/spherebot_gazebo/share/spherebot_gazebo/package.bash'
[5.454s] INFO:colcon.colcon_core.shell:Creating package script '/home/faseeh/ros2/ros2_ws/src/install/spherebot_gazebo/share/spherebot_gazebo/package.zsh'
[5.454s] Level 1:colcon.colcon_core.environment:create_file_with_runtime_dependencies(/home/faseeh/ros2/ros2_ws/src/install/spherebot_gazebo/share/colcon-core/packages/spherebot_gazebo)
[5.456s] DEBUG:colcon.colcon_parallel_executor.executor.parallel:closing loop
[5.456s] DEBUG:colcon.colcon_parallel_executor.executor.parallel:loop closed
[5.456s] DEBUG:colcon.colcon_parallel_executor.executor.parallel:run_until_complete finished with '0'
[5.456s] DEBUG:colcon.colcon_core.event_reactor:joining thread
[5.465s] INFO:colcon.colcon_core.plugin_system:Skipping extension 'colcon_notification.desktop_notification.terminal_notifier': Not used on non-Darwin systems
[5.465s] INFO:colcon.colcon_core.plugin_system:Skipping extension 'colcon_notification.desktop_notification.win32': Not used on non-Windows systems
[5.465s] INFO:colcon.colcon_notification.desktop_notification:Sending desktop notification using 'notify2'
[5.484s] DEBUG:colcon.colcon_core.event_reactor:joined thread
[5.484s] INFO:colcon.colcon_core.shell:Creating prefix script '/home/faseeh/ros2/ros2_ws/src/install/local_setup.ps1'
[5.488s] INFO:colcon.colcon_core.shell:Creating prefix util module '/home/faseeh/ros2/ros2_ws/src/install/_local_setup_util_ps1.py'
[5.489s] INFO:colcon.colcon_core.shell:Creating prefix chain script '/home/faseeh/ros2/ros2_ws/src/install/setup.ps1'
[5.490s] INFO:colcon.colcon_core.shell:Creating prefix script '/home/faseeh/ros2/ros2_ws/src/install/local_setup.sh'
[5.491s] INFO:colcon.colcon_core.shell:Creating prefix util module '/home/faseeh/ros2/ros2_ws/src/install/_local_setup_util_sh.py'
[5.491s] INFO:colcon.colcon_core.shell:Creating prefix chain script '/home/faseeh/ros2/ros2_ws/src/install/setup.sh'
[5.492s] INFO:colcon.colcon_core.shell:Creating prefix script '/home/faseeh/ros2/ros2_ws/src/install/local_setup.bash'
[5.492s] INFO:colcon.colcon_core.shell:Creating prefix chain script '/home/faseeh/ros2/ros2_ws/src/install/setup.bash'
[5.493s] INFO:colcon.colcon_core.shell:Creating prefix script '/home/faseeh/ros2/ros2_ws/src/install/local_setup.zsh'
[5.493s] INFO:colcon.colcon_core.shell:Creating prefix chain script '/home/faseeh/ros2/ros2_ws/src/install/setup.zsh'
