[0.430s] Invoking command in '/home/faseeh/ros2/ros2_ws/src/spherebot_navigation': DEBUGINFOD_URLS=https://debuginfod.ubuntu.com PYTHONPATH=/home/faseeh/ros2/ros2_ws/src/build/spherebot_navigation/prefix_override:/usr/lib/python3/dist-packages/colcon_core/task/python/colcon_distutils_commands:/home/faseeh/ros2/ros2_ws/src/install/spherebot_navigation/lib/python3.12/site-packages: /usr/bin/python3 -W ignore:setup.py install is deprecated -W ignore:easy_install command is deprecated setup.py egg_info --egg-base ../build/spherebot_navigation build --build-base /home/faseeh/ros2/ros2_ws/src/build/spherebot_navigation/build install --record /home/faseeh/ros2/ros2_ws/src/build/spherebot_navigation/install.log --single-version-externally-managed install_data
[0.557s] running egg_info
[0.564s] writing ../build/spherebot_navigation/spherebot_navigation.egg-info/PKG-INFO
[0.564s] writing dependency_links to ../build/spherebot_navigation/spherebot_navigation.egg-info/dependency_links.txt
[0.565s] writing entry points to ../build/spherebot_navigation/spherebot_navigation.egg-info/entry_points.txt
[0.565s] writing requirements to ../build/spherebot_navigation/spherebot_navigation.egg-info/requires.txt
[0.565s] writing top-level names to ../build/spherebot_navigation/spherebot_navigation.egg-info/top_level.txt
[0.578s] reading manifest file '../build/spherebot_navigation/spherebot_navigation.egg-info/SOURCES.txt'
[0.579s] writing manifest file '../build/spherebot_navigation/spherebot_navigation.egg-info/SOURCES.txt'
[0.579s] running build
[0.579s] running build_py
[0.579s] copying spherebot_navigation/mission_control.py -> /home/faseeh/ros2/ros2_ws/src/build/spherebot_navigation/build/lib/spherebot_navigation
[0.580s] running install
[0.584s] running install_lib
[0.592s] copying /home/faseeh/ros2/ros2_ws/src/build/spherebot_navigation/build/lib/spherebot_navigation/mission_control.py -> /home/faseeh/ros2/ros2_ws/src/install/spherebot_navigation/lib/python3.12/site-packages/spherebot_navigation
[0.592s] byte-compiling /home/faseeh/ros2/ros2_ws/src/install/spherebot_navigation/lib/python3.12/site-packages/spherebot_navigation/mission_control.py to mission_control.cpython-312.pyc
[0.594s] running install_data
[0.594s] running install_egg_info
[0.602s] removing '/home/faseeh/ros2/ros2_ws/src/install/spherebot_navigation/lib/python3.12/site-packages/spherebot_navigation-0.0.0-py3.12.egg-info' (and everything under it)
[0.602s] Copying ../build/spherebot_navigation/spherebot_navigation.egg-info to /home/faseeh/ros2/ros2_ws/src/install/spherebot_navigation/lib/python3.12/site-packages/spherebot_navigation-0.0.0-py3.12.egg-info
[0.603s] running install_scripts
[0.660s] Installing go_to_pen script to /home/faseeh/ros2/ros2_ws/src/install/spherebot_navigation/lib/spherebot_navigation
[0.660s] Installing mission_control script to /home/faseeh/ros2/ros2_ws/src/install/spherebot_navigation/lib/spherebot_navigation
[0.660s] Installing vision_detector script to /home/faseeh/ros2/ros2_ws/src/install/spherebot_navigation/lib/spherebot_navigation
[0.660s] writing list of installed files to '/home/faseeh/ros2/ros2_ws/src/build/spherebot_navigation/install.log'
[0.680s] Invoked command in '/home/faseeh/ros2/ros2_ws/src/spherebot_navigation' returned '0': DEBUGINFOD_URLS=https://debuginfod.ubuntu.com PYTHONPATH=/home/faseeh/ros2/ros2_ws/src/build/spherebot_navigation/prefix_override:/usr/lib/python3/dist-packages/colcon_core/task/python/colcon_distutils_commands:/home/faseeh/ros2/ros2_ws/src/install/spherebot_navigation/lib/python3.12/site-packages: /usr/bin/python3 -W ignore:setup.py install is deprecated -W ignore:easy_install command is deprecated setup.py egg_info --egg-base ../build/spherebot_navigation build --build-base /home/faseeh/ros2/ros2_ws/src/build/spherebot_navigation/build install --record /home/faseeh/ros2/ros2_ws/src/build/spherebot_navigation/install.log --single-version-externally-managed install_data
