[0.927s] Invoking command in '/home/faseeh/ros2/ros2_ws/src/spherebot_control': AMENT_PREFIX_PATH=/home/faseeh/ros2/ros2_ws/src/install/spherebot_description:${AMENT_PREFIX_PATH} DEBUGINFOD_URLS=https://debuginfod.ubuntu.com PYTHONPATH=/home/faseeh/ros2/ros2_ws/src/build/spherebot_control/prefix_override:/usr/lib/python3/dist-packages/colcon_core/task/python/colcon_distutils_commands:/home/faseeh/ros2/ros2_ws/src/install/spherebot_control/lib/python3.12/site-packages:/home/faseeh/ros2/ros2_ws/src/build/spherebot_description:/home/faseeh/ros2/ros2_ws/src/install/spherebot_description/lib/python3.12/site-packages:${PYTHONPATH} /usr/bin/python3 -W ignore:setup.py install is deprecated -W ignore:easy_install command is deprecated setup.py egg_info --egg-base ../build/spherebot_control build --build-base /home/faseeh/ros2/ros2_ws/src/build/spherebot_control/build install --record /home/faseeh/ros2/ros2_ws/src/build/spherebot_control/install.log --single-version-externally-managed install_data
[1.225s] running egg_info
[1.225s] creating ../build/spherebot_control/spherebot_control.egg-info
[1.244s] writing ../build/spherebot_control/spherebot_control.egg-info/PKG-INFO
[1.244s] writing dependency_links to ../build/spherebot_control/spherebot_control.egg-info/dependency_links.txt
[1.244s] writing entry points to ../build/spherebot_control/spherebot_control.egg-info/entry_points.txt
[1.244s] writing requirements to ../build/spherebot_control/spherebot_control.egg-info/requires.txt
[1.244s] writing top-level names to ../build/spherebot_control/spherebot_control.egg-info/top_level.txt
[1.244s] writing manifest file '../build/spherebot_control/spherebot_control.egg-info/SOURCES.txt'
[1.281s] reading manifest file '../build/spherebot_control/spherebot_control.egg-info/SOURCES.txt'
[1.282s] writing manifest file '../build/spherebot_control/spherebot_control.egg-info/SOURCES.txt'
[1.282s] running build
[1.282s] running build_py
[1.282s] creating /home/faseeh/ros2/ros2_ws/src/build/spherebot_control/build
[1.282s] creating /home/faseeh/ros2/ros2_ws/src/build/spherebot_control/build/lib
[1.283s] creating /home/faseeh/ros2/ros2_ws/src/build/spherebot_control/build/lib/spherebot_control
[1.283s] copying spherebot_control/__init__.py -> /home/faseeh/ros2/ros2_ws/src/build/spherebot_control/build/lib/spherebot_control
[1.283s] copying spherebot_control/safety_stop.py -> /home/faseeh/ros2/ros2_ws/src/build/spherebot_control/build/lib/spherebot_control
[1.283s] running install
[1.289s] running install_lib
[1.311s] creating /home/faseeh/ros2/ros2_ws/src/install/spherebot_control/lib/python3.12/site-packages/spherebot_control
[1.311s] copying /home/faseeh/ros2/ros2_ws/src/build/spherebot_control/build/lib/spherebot_control/__init__.py -> /home/faseeh/ros2/ros2_ws/src/install/spherebot_control/lib/python3.12/site-packages/spherebot_control
[1.311s] copying /home/faseeh/ros2/ros2_ws/src/build/spherebot_control/build/lib/spherebot_control/safety_stop.py -> /home/faseeh/ros2/ros2_ws/src/install/spherebot_control/lib/python3.12/site-packages/spherebot_control
[1.311s] byte-compiling /home/faseeh/ros2/ros2_ws/src/install/spherebot_control/lib/python3.12/site-packages/spherebot_control/__init__.py to __init__.cpython-312.pyc
[1.311s] byte-compiling /home/faseeh/ros2/ros2_ws/src/install/spherebot_control/lib/python3.12/site-packages/spherebot_control/safety_stop.py to safety_stop.cpython-312.pyc
[1.312s] running install_data
[1.312s] creating /home/faseeh/ros2/ros2_ws/src/install/spherebot_control/share/ament_index
[1.312s] creating /home/faseeh/ros2/ros2_ws/src/install/spherebot_control/share/ament_index/resource_index
[1.312s] creating /home/faseeh/ros2/ros2_ws/src/install/spherebot_control/share/ament_index/resource_index/packages
[1.312s] copying resource/spherebot_control -> /home/faseeh/ros2/ros2_ws/src/install/spherebot_control/share/ament_index/resource_index/packages
[1.312s] copying package.xml -> /home/faseeh/ros2/ros2_ws/src/install/spherebot_control/share/spherebot_control
[1.313s] creating /home/faseeh/ros2/ros2_ws/src/install/spherebot_control/share/spherebot_control/launch
[1.313s] copying launch/sim.launch.py -> /home/faseeh/ros2/ros2_ws/src/install/spherebot_control/share/spherebot_control/launch
[1.313s] creating /home/faseeh/ros2/ros2_ws/src/install/spherebot_control/share/spherebot_control/config
[1.313s] copying config/controllers.yaml -> /home/faseeh/ros2/ros2_ws/src/install/spherebot_control/share/spherebot_control/config
[1.313s] copying config/ekf.yaml -> /home/faseeh/ros2/ros2_ws/src/install/spherebot_control/share/spherebot_control/config
[1.313s] running install_egg_info
[1.332s] Copying ../build/spherebot_control/spherebot_control.egg-info to /home/faseeh/ros2/ros2_ws/src/install/spherebot_control/lib/python3.12/site-packages/spherebot_control-0.0.0-py3.12.egg-info
[1.332s] running install_scripts
[1.456s] Installing safety_stop script to /home/faseeh/ros2/ros2_ws/src/install/spherebot_control/lib/spherebot_control
[1.456s] writing list of installed files to '/home/faseeh/ros2/ros2_ws/src/build/spherebot_control/install.log'
[1.493s] Invoked command in '/home/faseeh/ros2/ros2_ws/src/spherebot_control' returned '0': AMENT_PREFIX_PATH=/home/faseeh/ros2/ros2_ws/src/install/spherebot_description:${AMENT_PREFIX_PATH} DEBUGINFOD_URLS=https://debuginfod.ubuntu.com PYTHONPATH=/home/faseeh/ros2/ros2_ws/src/build/spherebot_control/prefix_override:/usr/lib/python3/dist-packages/colcon_core/task/python/colcon_distutils_commands:/home/faseeh/ros2/ros2_ws/src/install/spherebot_control/lib/python3.12/site-packages:/home/faseeh/ros2/ros2_ws/src/build/spherebot_description:/home/faseeh/ros2/ros2_ws/src/install/spherebot_description/lib/python3.12/site-packages:${PYTHONPATH} /usr/bin/python3 -W ignore:setup.py install is deprecated -W ignore:easy_install command is deprecated setup.py egg_info --egg-base ../build/spherebot_control build --build-base /home/faseeh/ros2/ros2_ws/src/build/spherebot_control/build install --record /home/faseeh/ros2/ros2_ws/src/build/spherebot_control/install.log --single-version-externally-managed install_data
