[5.512s] Invoking command in '/home/faseeh/ros2/ros2_ws/src/build/spherebot_description': DEBUGINFOD_URLS=https://debuginfod.ubuntu.com PYTHONPATH=/home/faseeh/ros2/ros2_ws/src/build/spherebot_description/prefix_override:/usr/lib/python3/dist-packages/colcon_core/task/python/colcon_distutils_commands:/home/faseeh/ros2/ros2_ws/src/install/spherebot_description/lib/python3.12/site-packages:${PYTHONPATH} /usr/bin/python3 -W ignore:setup.py install is deprecated -W ignore:easy_install command is deprecated setup.py develop --editable --build-directory /home/faseeh/ros2/ros2_ws/src/build/spherebot_description/build --no-deps symlink_data
[5.743s] running develop
[5.877s] running egg_info
[5.877s] creating spherebot_description.egg-info
[5.889s] writing spherebot_description.egg-info/PKG-INFO
[5.889s] writing dependency_links to spherebot_description.egg-info/dependency_links.txt
[5.890s] writing requirements to spherebot_description.egg-info/requires.txt
[5.890s] writing top-level names to spherebot_description.egg-info/top_level.txt
[5.890s] writing manifest file 'spherebot_description.egg-info/SOURCES.txt'
[5.916s] reading manifest file 'spherebot_description.egg-info/SOURCES.txt'
[5.916s] writing manifest file 'spherebot_description.egg-info/SOURCES.txt'
[5.931s] running build_ext
[5.931s] Creating /home/faseeh/ros2/ros2_ws/src/install/spherebot_description/lib/python3.12/site-packages/spherebot-description.egg-link (link to .)
[5.931s] 
[5.931s] Installed /home/faseeh/ros2/ros2_ws/src/build/spherebot_description
[5.931s] running symlink_data
[5.931s] creating /home/faseeh/ros2/ros2_ws/src/install/spherebot_description/share/ament_index
[5.931s] creating /home/faseeh/ros2/ros2_ws/src/install/spherebot_description/share/ament_index/resource_index
[5.931s] creating /home/faseeh/ros2/ros2_ws/src/install/spherebot_description/share/ament_index/resource_index/packages
[5.931s] symbolically linking /home/faseeh/ros2/ros2_ws/src/build/spherebot_description/resource/spherebot_description -> /home/faseeh/ros2/ros2_ws/src/install/spherebot_description/share/ament_index/resource_index/packages
[5.932s] symbolically linking /home/faseeh/ros2/ros2_ws/src/build/spherebot_description/package.xml -> /home/faseeh/ros2/ros2_ws/src/install/spherebot_description/share/spherebot_description
[5.953s] Invoked command in '/home/faseeh/ros2/ros2_ws/src/build/spherebot_description' returned '0': DEBUGINFOD_URLS=https://debuginfod.ubuntu.com PYTHONPATH=/home/faseeh/ros2/ros2_ws/src/build/spherebot_description/prefix_override:/usr/lib/python3/dist-packages/colcon_core/task/python/colcon_distutils_commands:/home/faseeh/ros2/ros2_ws/src/install/spherebot_description/lib/python3.12/site-packages:${PYTHONPATH} /usr/bin/python3 -W ignore:setup.py install is deprecated -W ignore:easy_install command is deprecated setup.py develop --editable --build-directory /home/faseeh/ros2/ros2_ws/src/build/spherebot_description/build --no-deps symlink_data
