-- Found ament_cmake: 2.5.4 (/opt/ros/jazzy/share/ament_cmake/cmake)
-- Override CMake install command with custom implementation using symlinks instead of copying resources
-- Found ament_lint_auto: 0.17.3 (/opt/ros/jazzy/share/ament_lint_auto/cmake)
-- Added test 'copyright' to check source files copyright and LICENSE
-- Added test 'flake8' to check Python code syntax and style conventions
-- Configured 'flake8' exclude dirs and/or files: 
-- Added test 'lint_cmake' to check CMake code style
-- Added test 'pep257' to check Python code against some of the docstring style conventions in PEP 257
-- Added test 'xmllint' to check XML markup files
-- Configuring done (0.3s)
-- Generating done (0.0s)
-- Build files have been written to: /home/faseeh/ros2/ros2_ws/build/spherebot_navigation
-- Install configuration: ""
-- Execute custom install script
-- Up-to-date symlink: /home/faseeh/ros2/ros2_ws/install/spherebot_navigation/share/spherebot_navigation/launch/spherebot_nav2.launch.py
-- Up-to-date symlink: /home/faseeh/ros2/ros2_ws/install/spherebot_navigation/share/spherebot_navigation/config/nav2_params.yaml
-- Up-to-date symlink: /home/faseeh/ros2/ros2_ws/install/spherebot_navigation/share/spherebot_navigation/behavior_trees/navigate_w_recovery.xml
-- Up-to-date symlink: /home/faseeh/ros2/ros2_ws/install/spherebot_navigation/share/spherebot_navigation/rviz/nav2_view.rviz
-- Up-to-date symlink: /home/faseeh/ros2/ros2_ws/install/spherebot_navigation/share/ament_index/resource_index/package_run_dependencies/spherebot_navigation
-- Up-to-date symlink: /home/faseeh/ros2/ros2_ws/install/spherebot_navigation/share/ament_index/resource_index/parent_prefix_path/spherebot_navigation
-- Up-to-date symlink: /home/faseeh/ros2/ros2_ws/install/spherebot_navigation/share/spherebot_navigation/environment/ament_prefix_path.sh
-- Up-to-date symlink: /home/faseeh/ros2/ros2_ws/install/spherebot_navigation/share/spherebot_navigation/environment/ament_prefix_path.dsv
-- Up-to-date symlink: /home/faseeh/ros2/ros2_ws/install/spherebot_navigation/share/spherebot_navigation/environment/path.sh
-- Up-to-date symlink: /home/faseeh/ros2/ros2_ws/install/spherebot_navigation/share/spherebot_navigation/environment/path.dsv
-- Up-to-date symlink: /home/faseeh/ros2/ros2_ws/install/spherebot_navigation/share/spherebot_navigation/local_setup.bash
-- Up-to-date symlink: /home/faseeh/ros2/ros2_ws/install/spherebot_navigation/share/spherebot_navigation/local_setup.sh
-- Up-to-date symlink: /home/faseeh/ros2/ros2_ws/install/spherebot_navigation/share/spherebot_navigation/local_setup.zsh
-- Up-to-date symlink: /home/faseeh/ros2/ros2_ws/install/spherebot_navigation/share/spherebot_navigation/local_setup.dsv
-- Symlinking: /home/faseeh/ros2/ros2_ws/install/spherebot_navigation/share/spherebot_navigation/package.dsv
-- Up-to-date symlink: /home/faseeh/ros2/ros2_ws/install/spherebot_navigation/share/ament_index/resource_index/packages/spherebot_navigation
-- Up-to-date symlink: /home/faseeh/ros2/ros2_ws/install/spherebot_navigation/share/spherebot_navigation/cmake/spherebot_navigationConfig.cmake
-- Up-to-date symlink: /home/faseeh/ros2/ros2_ws/install/spherebot_navigation/share/spherebot_navigation/cmake/spherebot_navigationConfig-version.cmake
-- Up-to-date symlink: /home/faseeh/ros2/ros2_ws/install/spherebot_navigation/share/spherebot_navigation/package.xml
