[0.096s] DEBUG:colcon:Command line arguments: ['/usr/bin/colcon', 'build', '--packages-select', 'spherebot_navigation', 'spherebot_slam', '--symlink-install', '--build-base', '../build', '--install-base', '../install']
[0.096s] DEBUG:colcon:Parsed command line arguments: Namespace(log_base=None, log_level=None, verb_name='build', build_base='/home/faseeh/ros2/ros2_ws/build', install_base='/home/faseeh/ros2/ros2_ws/install', merge_install=False, symlink_install=True, test_result_base=None, continue_on_error=False, executor='parallel', parallel_workers=8, event_handlers=None, ignore_user_meta=False, metas=['./colcon.meta'], base_paths=['.'], packages_ignore=None, packages_ignore_regex=None, paths=None, packages_up_to=None, packages_up_to_regex=None, packages_above=None, packages_above_and_dependencies=None, packages_above_depth=None, packages_select_by_dep=None, packages_skip_by_dep=None, packages_skip_up_to=None, packages_select_build_failed=False, packages_skip_build_finished=False, packages_select_test_failures=False, packages_skip_test_passed=False, packages_select=['spherebot_navigation', 'spherebot_slam'], packages_skip=None, packages_select_regex=None, packages_skip_regex=None, packages_start=None, packages_end=None, allow_overriding=[], cmake_args=None, cmake_target=None, cmake_target_skip_unavailable=False, cmake_clean_cache=False, cmake_clean_first=False, cmake_force_configure=False, ament_cmake_args=None, catkin_cmake_args=None, catkin_skip_building_tests=False, verb_parser=<colcon_defaults.argument_parser.defaults.DefaultArgumentsDecorator object at 0x75caeef7fec0>, verb_extension=<colcon_core.verb.build.BuildVerb object at 0x75caef0d07a0>, main=<bound method BuildVerb.main of <colcon_core.verb.build.BuildVerb object at 0x75caef0d07a0>>)
[0.132s] Level 1:colcon.colcon_core.package_discovery:discover_packages(colcon_meta) check parameters
[0.133s] Level 1:colcon.colcon_core.package_discovery:discover_packages(recursive) check parameters
[0.133s] Level 1:colcon.colcon_core.package_discovery:discover_packages(ignore) check parameters
[0.133s] Level 1:colcon.colcon_core.package_discovery:discover_packages(path) check parameters
[0.133s] Level 1:colcon.colcon_core.package_discovery:discover_packages(colcon_meta) discover
[0.133s] Level 1:colcon.colcon_core.package_discovery:discover_packages(recursive) discover
[0.133s] INFO:colcon.colcon_core.package_discovery:Crawling recursively for packages in '/home/faseeh/ros2/ros2_ws/src'
[0.133s] Level 1:colcon.colcon_core.package_identification:_identify(.) by extensions ['ignore', 'ignore_ament_install']
[0.133s] Level 1:colcon.colcon_core.package_identification:_identify(.) by extension 'ignore'
[0.133s] Level 1:colcon.colcon_core.package_identification:_identify(.) by extension 'ignore_ament_install'
[0.133s] Level 1:colcon.colcon_core.package_identification:_identify(.) by extensions ['colcon_pkg']
[0.133s] Level 1:colcon.colcon_core.package_identification:_identify(.) by extension 'colcon_pkg'
[0.133s] Level 1:colcon.colcon_core.package_identification:_identify(.) by extensions ['colcon_meta']
[0.133s] Level 1:colcon.colcon_core.package_identification:_identify(.) by extension 'colcon_meta'
[0.133s] Level 1:colcon.colcon_core.package_identification:_identify(.) by extensions ['ros']
[0.133s] Level 1:colcon.colcon_core.package_identification:_identify(.) by extension 'ros'
[0.162s] Level 1:colcon.colcon_core.package_identification:_identify(.) by extensions ['cmake', 'python']
[0.162s] Level 1:colcon.colcon_core.package_identification:_identify(.) by extension 'cmake'
[0.162s] Level 1:colcon.colcon_core.package_identification:_identify(.) by extension 'python'
[0.162s] Level 1:colcon.colcon_core.package_identification:_identify(.) by extensions ['python_setup_py']
[0.162s] Level 1:colcon.colcon_core.package_identification:_identify(.) by extension 'python_setup_py'
[0.162s] Level 1:colcon.colcon_core.package_identification:_identify(build) by extensions ['ignore', 'ignore_ament_install']
[0.162s] Level 1:colcon.colcon_core.package_identification:_identify(build) by extension 'ignore'
[0.162s] Level 1:colcon.colcon_core.package_identification:_identify(build) ignored
[0.162s] Level 1:colcon.colcon_core.package_identification:_identify(install) by extensions ['ignore', 'ignore_ament_install']
[0.162s] Level 1:colcon.colcon_core.package_identification:_identify(install) by extension 'ignore'
[0.162s] Level 1:colcon.colcon_core.package_identification:_identify(install) ignored
[0.162s] Level 1:colcon.colcon_core.package_identification:_identify(log) by extensions ['ignore', 'ignore_ament_install']
[0.162s] Level 1:colcon.colcon_core.package_identification:_identify(log) by extension 'ignore'
[0.163s] Level 1:colcon.colcon_core.package_identification:_identify(log) ignored
[0.163s] Level 1:colcon.colcon_core.package_identification:_identify(spherebot_control) by extensions ['ignore', 'ignore_ament_install']
[0.163s] Level 1:colcon.colcon_core.package_identification:_identify(spherebot_control) by extension 'ignore'
[0.163s] Level 1:colcon.colcon_core.package_identification:_identify(spherebot_control) by extension 'ignore_ament_install'
[0.163s] Level 1:colcon.colcon_core.package_identification:_identify(spherebot_control) by extensions ['colcon_pkg']
[0.163s] Level 1:colcon.colcon_core.package_identification:_identify(spherebot_control) by extension 'colcon_pkg'
[0.163s] Level 1:colcon.colcon_core.package_identification:_identify(spherebot_control) by extensions ['colcon_meta']
[0.163s] Level 1:colcon.colcon_core.package_identification:_identify(spherebot_control) by extension 'colcon_meta'
[0.163s] Level 1:colcon.colcon_core.package_identification:_identify(spherebot_control) by extensions ['ros']
[0.163s] Level 1:colcon.colcon_core.package_identification:_identify(spherebot_control) by extension 'ros'
[0.165s] DEBUG:colcon.colcon_core.package_identification:Package 'spherebot_control' with type 'ros.ament_python' and name 'spherebot_control'
[0.165s] Level 1:colcon.colcon_core.package_identification:_identify(spherebot_description) by extensions ['ignore', 'ignore_ament_install']
[0.165s] Level 1:colcon.colcon_core.package_identification:_identify(spherebot_description) by extension 'ignore'
[0.165s] Level 1:colcon.colcon_core.package_identification:_identify(spherebot_description) by extension 'ignore_ament_install'
[0.165s] Level 1:colcon.colcon_core.package_identification:_identify(spherebot_description) by extensions ['colcon_pkg']
[0.165s] Level 1:colcon.colcon_core.package_identification:_identify(spherebot_description) by extension 'colcon_pkg'
[0.165s] Level 1:colcon.colcon_core.package_identification:_identify(spherebot_description) by extensions ['colcon_meta']
[0.165s] Level 1:colcon.colcon_core.package_identification:_identify(spherebot_description) by extension 'colcon_meta'
[0.165s] Level 1:colcon.colcon_core.package_identification:_identify(spherebot_description) by extensions ['ros']
[0.165s] Level 1:colcon.colcon_core.package_identification:_identify(spherebot_description) by extension 'ros'
[0.165s] DEBUG:colcon.colcon_core.package_identification:Package 'spherebot_description' with type 'ros.ament_python' and name 'spherebot_description'
[0.165s] Level 1:colcon.colcon_core.package_identification:_identify(spherebot_gazebo) by extensions ['ignore', 'ignore_ament_install']
[0.165s] Level 1:colcon.colcon_core.package_identification:_identify(spherebot_gazebo) by extension 'ignore'
[0.166s] Level 1:colcon.colcon_core.package_identification:_identify(spherebot_gazebo) by extension 'ignore_ament_install'
[0.166s] Level 1:colcon.colcon_core.package_identification:_identify(spherebot_gazebo) by extensions ['colcon_pkg']
[0.166s] Level 1:colcon.colcon_core.package_identification:_identify(spherebot_gazebo) by extension 'colcon_pkg'
[0.166s] Level 1:colcon.colcon_core.package_identification:_identify(spherebot_gazebo) by extensions ['colcon_meta']
[0.166s] Level 1:colcon.colcon_core.package_identification:_identify(spherebot_gazebo) by extension 'colcon_meta'
[0.166s] Level 1:colcon.colcon_core.package_identification:_identify(spherebot_gazebo) by extensions ['ros']
[0.166s] Level 1:colcon.colcon_core.package_identification:_identify(spherebot_gazebo) by extension 'ros'
[0.166s] DEBUG:colcon.colcon_core.package_identification:Package 'spherebot_gazebo' with type 'ros.ament_python' and name 'spherebot_gazebo'
[0.166s] Level 1:colcon.colcon_core.package_identification:_identify(spherebot_navigation) by extensions ['ignore', 'ignore_ament_install']
[0.166s] Level 1:colcon.colcon_core.package_identification:_identify(spherebot_navigation) by extension 'ignore'
[0.166s] Level 1:colcon.colcon_core.package_identification:_identify(spherebot_navigation) by extension 'ignore_ament_install'
[0.166s] Level 1:colcon.colcon_core.package_identification:_identify(spherebot_navigation) by extensions ['colcon_pkg']
[0.166s] Level 1:colcon.colcon_core.package_identification:_identify(spherebot_navigation) by extension 'colcon_pkg'
[0.166s] Level 1:colcon.colcon_core.package_identification:_identify(spherebot_navigation) by extensions ['colcon_meta']
[0.166s] Level 1:colcon.colcon_core.package_identification:_identify(spherebot_navigation) by extension 'colcon_meta'
[0.166s] Level 1:colcon.colcon_core.package_identification:_identify(spherebot_navigation) by extensions ['ros']
[0.166s] Level 1:colcon.colcon_core.package_identification:_identify(spherebot_navigation) by extension 'ros'
[0.167s] DEBUG:colcon.colcon_core.package_identification:Package 'spherebot_navigation' with type 'ros.ament_cmake' and name 'spherebot_navigation'
[0.167s] Level 1:colcon.colcon_core.package_identification:_identify(spherebot_slam) by extensions ['ignore', 'ignore_ament_install']
[0.167s] Level 1:colcon.colcon_core.package_identification:_identify(spherebot_slam) by extension 'ignore'
[0.167s] Level 1:colcon.colcon_core.package_identification:_identify(spherebot_slam) by extension 'ignore_ament_install'
[0.167s] Level 1:colcon.colcon_core.package_identification:_identify(spherebot_slam) by extensions ['colcon_pkg']
[0.167s] Level 1:colcon.colcon_core.package_identification:_identify(spherebot_slam) by extension 'colcon_pkg'
[0.167s] Level 1:colcon.colcon_core.package_identification:_identify(spherebot_slam) by extensions ['colcon_meta']
[0.167s] Level 1:colcon.colcon_core.package_identification:_identify(spherebot_slam) by extension 'colcon_meta'
[0.167s] Level 1:colcon.colcon_core.package_identification:_identify(spherebot_slam) by extensions ['ros']
[0.167s] Level 1:colcon.colcon_core.package_identification:_identify(spherebot_slam) by extension 'ros'
[0.167s] DEBUG:colcon.colcon_core.package_identification:Package 'spherebot_slam' with type 'ros.ament_python' and name 'spherebot_slam'
[0.168s] Level 1:colcon.colcon_core.package_identification:_identify(spherebot_teleop) by extensions ['ignore', 'ignore_ament_install']
[0.168s] Level 1:colcon.colcon_core.package_identification:_identify(spherebot_teleop) by extension 'ignore'
[0.168s] Level 1:colcon.colcon_core.package_identification:_identify(spherebot_teleop) by extension 'ignore_ament_install'
[0.168s] Level 1:colcon.colcon_core.package_identification:_identify(spherebot_teleop) by extensions ['colcon_pkg']
[0.168s] Level 1:colcon.colcon_core.package_identification:_identify(spherebot_teleop) by extension 'colcon_pkg'
[0.168s] Level 1:colcon.colcon_core.package_identification:_identify(spherebot_teleop) by extensions ['colcon_meta']
[0.168s] Level 1:colcon.colcon_core.package_identification:_identify(spherebot_teleop) by extension 'colcon_meta'
[0.168s] Level 1:colcon.colcon_core.package_identification:_identify(spherebot_teleop) by extensions ['ros']
[0.168s] Level 1:colcon.colcon_core.package_identification:_identify(spherebot_teleop) by extension 'ros'
[0.168s] DEBUG:colcon.colcon_core.package_identification:Package 'spherebot_teleop' with type 'ros.ament_python' and name 'spherebot_teleop'
[0.168s] Level 1:colcon.colcon_core.package_discovery:discover_packages(recursive) using defaults
[0.168s] Level 1:colcon.colcon_core.package_discovery:discover_packages(ignore) discover
[0.168s] Level 1:colcon.colcon_core.package_discovery:discover_packages(ignore) using defaults
[0.168s] Level 1:colcon.colcon_core.package_discovery:discover_packages(path) discover
[0.168s] Level 1:colcon.colcon_core.package_discovery:discover_packages(path) using defaults
[0.184s] INFO:colcon.colcon_core.package_selection:Skipping not selected package 'spherebot_description' in 'spherebot_description'
[0.184s] INFO:colcon.colcon_core.package_selection:Skipping not selected package 'spherebot_teleop' in 'spherebot_teleop'
[0.184s] INFO:colcon.colcon_core.package_selection:Skipping not selected package 'spherebot_control' in 'spherebot_control'
[0.184s] INFO:colcon.colcon_core.package_selection:Skipping not selected package 'spherebot_gazebo' in 'spherebot_gazebo'
[0.184s] Level 1:colcon.colcon_core.package_discovery:discover_packages(prefix_path) check parameters
[0.184s] Level 1:colcon.colcon_core.package_discovery:discover_packages(prefix_path) discover
[0.186s] DEBUG:colcon.colcon_installed_package_information.package_discovery:Found 6 installed packages in /home/faseeh/ros2/ros2_ws/install
[0.187s] DEBUG:colcon.colcon_installed_package_information.package_discovery:Found 492 installed packages in /opt/ros/jazzy
[0.189s] Level 1:colcon.colcon_core.package_discovery:discover_packages(prefix_path) using defaults
[0.238s] Level 5:colcon.colcon_core.verb:set package 'spherebot_slam' build argument 'cmake_args' from command line to 'None'
[0.238s] Level 5:colcon.colcon_core.verb:set package 'spherebot_slam' build argument 'cmake_target' from command line to 'None'
[0.238s] Level 5:colcon.colcon_core.verb:set package 'spherebot_slam' build argument 'cmake_target_skip_unavailable' from command line to 'False'
[0.238s] Level 5:colcon.colcon_core.verb:set package 'spherebot_slam' build argument 'cmake_clean_cache' from command line to 'False'
[0.238s] Level 5:colcon.colcon_core.verb:set package 'spherebot_slam' build argument 'cmake_clean_first' from command line to 'False'
[0.238s] Level 5:colcon.colcon_core.verb:set package 'spherebot_slam' build argument 'cmake_force_configure' from command line to 'False'
[0.238s] Level 5:colcon.colcon_core.verb:set package 'spherebot_slam' build argument 'ament_cmake_args' from command line to 'None'
[0.238s] Level 5:colcon.colcon_core.verb:set package 'spherebot_slam' build argument 'catkin_cmake_args' from command line to 'None'
[0.238s] Level 5:colcon.colcon_core.verb:set package 'spherebot_slam' build argument 'catkin_skip_building_tests' from command line to 'False'
[0.238s] DEBUG:colcon.colcon_core.verb:Building package 'spherebot_slam' with the following arguments: {'ament_cmake_args': None, 'build_base': '/home/faseeh/ros2/ros2_ws/build/spherebot_slam', 'catkin_cmake_args': None, 'catkin_skip_building_tests': False, 'cmake_args': None, 'cmake_clean_cache': False, 'cmake_clean_first': False, 'cmake_force_configure': False, 'cmake_target': None, 'cmake_target_skip_unavailable': False, 'install_base': '/home/faseeh/ros2/ros2_ws/install/spherebot_slam', 'merge_install': False, 'path': '/home/faseeh/ros2/ros2_ws/src/spherebot_slam', 'symlink_install': True, 'test_result_base': None}
[0.238s] Level 5:colcon.colcon_core.verb:set package 'spherebot_navigation' build argument 'cmake_args' from command line to 'None'
[0.238s] Level 5:colcon.colcon_core.verb:set package 'spherebot_navigation' build argument 'cmake_target' from command line to 'None'
[0.238s] Level 5:colcon.colcon_core.verb:set package 'spherebot_navigation' build argument 'cmake_target_skip_unavailable' from command line to 'False'
[0.238s] Level 5:colcon.colcon_core.verb:set package 'spherebot_navigation' build argument 'cmake_clean_cache' from command line to 'False'
[0.238s] Level 5:colcon.colcon_core.verb:set package 'spherebot_navigation' build argument 'cmake_clean_first' from command line to 'False'
[0.239s] Level 5:colcon.colcon_core.verb:set package 'spherebot_navigation' build argument 'cmake_force_configure' from command line to 'False'
[0.239s] Level 5:colcon.colcon_core.verb:set package 'spherebot_navigation' build argument 'ament_cmake_args' from command line to 'None'
[0.239s] Level 5:colcon.colcon_core.verb:set package 'spherebot_navigation' build argument 'catkin_cmake_args' from command line to 'None'
[0.239s] Level 5:colcon.colcon_core.verb:set package 'spherebot_navigation' build argument 'catkin_skip_building_tests' from command line to 'False'
[0.239s] DEBUG:colcon.colcon_core.verb:Building package 'spherebot_navigation' with the following arguments: {'ament_cmake_args': None, 'build_base': '/home/faseeh/ros2/ros2_ws/build/spherebot_navigation', 'catkin_cmake_args': None, 'catkin_skip_building_tests': False, 'cmake_args': None, 'cmake_clean_cache': False, 'cmake_clean_first': False, 'cmake_force_configure': False, 'cmake_target': None, 'cmake_target_skip_unavailable': False, 'install_base': '/home/faseeh/ros2/ros2_ws/install/spherebot_navigation', 'merge_install': False, 'path': '/home/faseeh/ros2/ros2_ws/src/spherebot_navigation', 'symlink_install': True, 'test_result_base': None}
[0.239s] INFO:colcon.colcon_core.executor:Executing jobs using 'parallel' executor
[0.241s] DEBUG:colcon.colcon_parallel_executor.executor.parallel:run_until_complete
[0.241s] INFO:colcon.colcon_ros.task.ament_python.build:Building ROS package in '/home/faseeh/ros2/ros2_ws/src/spherebot_slam' with build type 'ament_python'
[0.241s] Level 1:colcon.colcon_core.shell:create_environment_hook('spherebot_slam', 'ament_prefix_path')
[0.243s] INFO:colcon.colcon_core.plugin_system:Skipping extension 'colcon_core.shell.bat': Not used on non-Windows systems
[0.243s] INFO:colcon.colcon_core.shell:Creating environment hook '/home/faseeh/ros2/ros2_ws/install/spherebot_slam/share/spherebot_slam/hook/ament_prefix_path.ps1'
[0.244s] INFO:colcon.colcon_core.shell:Creating environment descriptor '/home/faseeh/ros2/ros2_ws/install/spherebot_slam/share/spherebot_slam/hook/ament_prefix_path.dsv'
[0.245s] INFO:colcon.colcon_core.shell:Creating environment hook '/home/faseeh/ros2/ros2_ws/install/spherebot_slam/share/spherebot_slam/hook/ament_prefix_path.sh'
[0.246s] INFO:colcon.colcon_core.shell:Skip shell extension 'powershell' for command environment: Not usable outside of PowerShell
[0.246s] DEBUG:colcon.colcon_core.shell:Skip shell extension 'dsv' for command environment
[0.449s] INFO:colcon.colcon_core.task.python.build:Building Python package in '/home/faseeh/ros2/ros2_ws/src/spherebot_slam'
[0.449s] INFO:colcon.colcon_core.shell:Skip shell extension 'powershell' for command environment: Not usable outside of PowerShell
[0.449s] DEBUG:colcon.colcon_core.shell:Skip shell extension 'dsv' for command environment
[1.018s] DEBUG:colcon.colcon_core.task.python.build:While undoing a previous installation files outside the Python library path are being ignored: /home/faseeh/ros2/ros2_ws/install/spherebot_slam/share/ament_index/resource_index/packages/spherebot_slam
[1.018s] DEBUG:colcon.colcon_core.task.python.build:While undoing a previous installation files outside the Python library path are being ignored: /home/faseeh/ros2/ros2_ws/install/spherebot_slam/share/spherebot_slam/package.xml
[1.018s] DEBUG:colcon.colcon_core.task.python.build:While undoing a previous installation files outside the Python library path are being ignored: /home/faseeh/ros2/ros2_ws/install/spherebot_slam/share/spherebot_slam/launch/slam.launch.py
[1.018s] DEBUG:colcon.colcon_core.task.python.build:While undoing a previous installation files outside the Python library path are being ignored: /home/faseeh/ros2/ros2_ws/install/spherebot_slam/share/spherebot_slam/config/mapper_params_online_async.yaml
[1.020s] DEBUG:colcon.colcon_core.event_handler.log_command:Invoking command in '/home/faseeh/ros2/ros2_ws/build/spherebot_slam': DEBUGINFOD_URLS=https://debuginfod.ubuntu.com PYTHONPATH=/home/faseeh/ros2/ros2_ws/build/spherebot_slam/prefix_override:/usr/lib/python3/dist-packages/colcon_core/task/python/colcon_distutils_commands:/home/faseeh/ros2/ros2_ws/install/spherebot_slam/lib/python3.12/site-packages:${PYTHONPATH} /usr/bin/python3 -W ignore:setup.py install is deprecated -W ignore:easy_install command is deprecated setup.py develop --editable --build-directory /home/faseeh/ros2/ros2_ws/build/spherebot_slam/build --no-deps symlink_data --force
[1.612s] Level 1:colcon.colcon_core.shell:create_environment_hook('spherebot_slam', 'pythonpath_develop')
[1.613s] INFO:colcon.colcon_core.shell:Creating environment hook '/home/faseeh/ros2/ros2_ws/build/spherebot_slam/share/spherebot_slam/hook/pythonpath_develop.ps1'
[1.613s] DEBUG:colcon.colcon_core.event_handler.log_command:Invoked command in '/home/faseeh/ros2/ros2_ws/build/spherebot_slam' returned '0': DEBUGINFOD_URLS=https://debuginfod.ubuntu.com PYTHONPATH=/home/faseeh/ros2/ros2_ws/build/spherebot_slam/prefix_override:/usr/lib/python3/dist-packages/colcon_core/task/python/colcon_distutils_commands:/home/faseeh/ros2/ros2_ws/install/spherebot_slam/lib/python3.12/site-packages:${PYTHONPATH} /usr/bin/python3 -W ignore:setup.py install is deprecated -W ignore:easy_install command is deprecated setup.py develop --editable --build-directory /home/faseeh/ros2/ros2_ws/build/spherebot_slam/build --no-deps symlink_data --force
[1.613s] INFO:colcon.colcon_core.shell:Creating environment descriptor '/home/faseeh/ros2/ros2_ws/build/spherebot_slam/share/spherebot_slam/hook/pythonpath_develop.dsv'
[1.614s] INFO:colcon.colcon_core.shell:Creating environment hook '/home/faseeh/ros2/ros2_ws/build/spherebot_slam/share/spherebot_slam/hook/pythonpath_develop.sh'
[1.615s] Level 1:colcon.colcon_core.environment:checking '/home/faseeh/ros2/ros2_ws/install/spherebot_slam' for CMake module files
[1.616s] Level 1:colcon.colcon_core.environment:checking '/home/faseeh/ros2/ros2_ws/install/spherebot_slam' for CMake config files
[1.616s] Level 1:colcon.colcon_core.environment:checking '/home/faseeh/ros2/ros2_ws/install/spherebot_slam/lib'
[1.616s] Level 1:colcon.colcon_core.environment:checking '/home/faseeh/ros2/ros2_ws/install/spherebot_slam/bin'
[1.616s] Level 1:colcon.colcon_core.environment:checking '/home/faseeh/ros2/ros2_ws/install/spherebot_slam/lib/pkgconfig/spherebot_slam.pc'
[1.616s] Level 1:colcon.colcon_core.environment:checking '/home/faseeh/ros2/ros2_ws/install/spherebot_slam/lib/python3.12/site-packages'
[1.616s] Level 1:colcon.colcon_core.shell:create_environment_hook('spherebot_slam', 'pythonpath')
[1.617s] INFO:colcon.colcon_core.shell:Creating environment hook '/home/faseeh/ros2/ros2_ws/install/spherebot_slam/share/spherebot_slam/hook/pythonpath.ps1'
[1.617s] INFO:colcon.colcon_core.shell:Creating environment descriptor '/home/faseeh/ros2/ros2_ws/install/spherebot_slam/share/spherebot_slam/hook/pythonpath.dsv'
[1.617s] INFO:colcon.colcon_core.shell:Creating environment hook '/home/faseeh/ros2/ros2_ws/install/spherebot_slam/share/spherebot_slam/hook/pythonpath.sh'
[1.618s] Level 1:colcon.colcon_core.environment:checking '/home/faseeh/ros2/ros2_ws/install/spherebot_slam/bin'
[1.618s] Level 1:colcon.colcon_core.environment:create_environment_scripts_only(spherebot_slam)
[1.618s] INFO:colcon.colcon_core.shell:Creating package script '/home/faseeh/ros2/ros2_ws/install/spherebot_slam/share/spherebot_slam/package.ps1'
[1.618s] INFO:colcon.colcon_core.shell:Creating package descriptor '/home/faseeh/ros2/ros2_ws/install/spherebot_slam/share/spherebot_slam/package.dsv'
[1.619s] INFO:colcon.colcon_core.shell:Creating package script '/home/faseeh/ros2/ros2_ws/install/spherebot_slam/share/spherebot_slam/package.sh'
[1.619s] INFO:colcon.colcon_core.shell:Creating package script '/home/faseeh/ros2/ros2_ws/install/spherebot_slam/share/spherebot_slam/package.bash'
[1.620s] INFO:colcon.colcon_core.shell:Creating package script '/home/faseeh/ros2/ros2_ws/install/spherebot_slam/share/spherebot_slam/package.zsh'
[1.620s] Level 1:colcon.colcon_core.environment:create_file_with_runtime_dependencies(/home/faseeh/ros2/ros2_ws/install/spherebot_slam/share/colcon-core/packages/spherebot_slam)
[1.620s] INFO:colcon.colcon_ros.task.ament_cmake.build:Building ROS package in '/home/faseeh/ros2/ros2_ws/src/spherebot_navigation' with build type 'ament_cmake'
[1.620s] INFO:colcon.colcon_cmake.task.cmake.build:Building CMake package in '/home/faseeh/ros2/ros2_ws/src/spherebot_navigation'
[1.620s] INFO:colcon.colcon_core.shell:Skip shell extension 'powershell' for command environment: Not usable outside of PowerShell
[1.620s] DEBUG:colcon.colcon_core.shell:Skip shell extension 'dsv' for command environment
[1.663s] DEBUG:colcon.colcon_core.event_handler.log_command:Invoking command in '/home/faseeh/ros2/ros2_ws/build/spherebot_navigation': AMENT_PREFIX_PATH=/home/faseeh/ros2/ros2_ws/install/spherebot_gazebo:/home/faseeh/ros2/ros2_ws/install/spherebot_control:/home/faseeh/ros2/ros2_ws/install/spherebot_slam:/home/faseeh/ros2/ros2_ws/install/spherebot_description:/home/faseeh/ros2/ros2_ws/install/spherebot_teleop:/home/faseeh/ros2/ros2_ws/install/spherebot_navigation:/opt/ros/jazzy CMAKE_PREFIX_PATH=${CMAKE_PREFIX_PATH}:/home/faseeh/ros2/ros2_ws/install/spherebot_teleop:/home/faseeh/ros2/ros2_ws/install/spherebot_slam:/home/faseeh/ros2/ros2_ws/install/spherebot_gazebo:/home/faseeh/ros2/ros2_ws/install/spherebot_control:/home/faseeh/ros2/ros2_ws/install/spherebot_description:/opt/ros/jazzy DEBUGINFOD_URLS=https://debuginfod.ubuntu.com PYTHONPATH=/home/faseeh/ros2/ros2_ws/install/spherebot_gazebo/lib/python3.12/site-packages:/home/faseeh/ros2/ros2_ws/install/spherebot_control/lib/python3.12/site-packages:/home/faseeh/ros2/ros2_ws/build/spherebot_slam:/home/faseeh/ros2/ros2_ws/install/spherebot_slam/lib/python3.12/site-packages:/home/faseeh/ros2/ros2_ws/install/spherebot_description/lib/python3.12/site-packages:/home/faseeh/ros2/ros2_ws/install/spherebot_teleop/lib/python3.12/site-packages:/opt/ros/jazzy/lib/python3.12/site-packages /usr/bin/cmake /home/faseeh/ros2/ros2_ws/src/spherebot_navigation -DAMENT_CMAKE_SYMLINK_INSTALL=1 -DCMAKE_INSTALL_PREFIX=/home/faseeh/ros2/ros2_ws/install/spherebot_navigation
[1.937s] DEBUG:colcon.colcon_core.event_handler.log_command:Invoked command in '/home/faseeh/ros2/ros2_ws/build/spherebot_navigation' returned '0': AMENT_PREFIX_PATH=/home/faseeh/ros2/ros2_ws/install/spherebot_gazebo:/home/faseeh/ros2/ros2_ws/install/spherebot_control:/home/faseeh/ros2/ros2_ws/install/spherebot_slam:/home/faseeh/ros2/ros2_ws/install/spherebot_description:/home/faseeh/ros2/ros2_ws/install/spherebot_teleop:/home/faseeh/ros2/ros2_ws/install/spherebot_navigation:/opt/ros/jazzy CMAKE_PREFIX_PATH=${CMAKE_PREFIX_PATH}:/home/faseeh/ros2/ros2_ws/install/spherebot_teleop:/home/faseeh/ros2/ros2_ws/install/spherebot_slam:/home/faseeh/ros2/ros2_ws/install/spherebot_gazebo:/home/faseeh/ros2/ros2_ws/install/spherebot_control:/home/faseeh/ros2/ros2_ws/install/spherebot_description:/opt/ros/jazzy DEBUGINFOD_URLS=https://debuginfod.ubuntu.com PYTHONPATH=/home/faseeh/ros2/ros2_ws/install/spherebot_gazebo/lib/python3.12/site-packages:/home/faseeh/ros2/ros2_ws/install/spherebot_control/lib/python3.12/site-packages:/home/faseeh/ros2/ros2_ws/build/spherebot_slam:/home/faseeh/ros2/ros2_ws/install/spherebot_slam/lib/python3.12/site-packages:/home/faseeh/ros2/ros2_ws/install/spherebot_description/lib/python3.12/site-packages:/home/faseeh/ros2/ros2_ws/install/spherebot_teleop/lib/python3.12/site-packages:/opt/ros/jazzy/lib/python3.12/site-packages /usr/bin/cmake /home/faseeh/ros2/ros2_ws/src/spherebot_navigation -DAMENT_CMAKE_SYMLINK_INSTALL=1 -DCMAKE_INSTALL_PREFIX=/home/faseeh/ros2/ros2_ws/install/spherebot_navigation
[1.938s] DEBUG:colcon.colcon_core.event_handler.log_command:Invoking command in '/home/faseeh/ros2/ros2_ws/build/spherebot_navigation': AMENT_PREFIX_PATH=/home/faseeh/ros2/ros2_ws/install/spherebot_gazebo:/home/faseeh/ros2/ros2_ws/install/spherebot_control:/home/faseeh/ros2/ros2_ws/install/spherebot_slam:/home/faseeh/ros2/ros2_ws/install/spherebot_description:/home/faseeh/ros2/ros2_ws/install/spherebot_teleop:/home/faseeh/ros2/ros2_ws/install/spherebot_navigation:/opt/ros/jazzy CMAKE_PREFIX_PATH=${CMAKE_PREFIX_PATH}:/home/faseeh/ros2/ros2_ws/install/spherebot_teleop:/home/faseeh/ros2/ros2_ws/install/spherebot_slam:/home/faseeh/ros2/ros2_ws/install/spherebot_gazebo:/home/faseeh/ros2/ros2_ws/install/spherebot_control:/home/faseeh/ros2/ros2_ws/install/spherebot_description:/opt/ros/jazzy DEBUGINFOD_URLS=https://debuginfod.ubuntu.com PYTHONPATH=/home/faseeh/ros2/ros2_ws/install/spherebot_gazebo/lib/python3.12/site-packages:/home/faseeh/ros2/ros2_ws/install/spherebot_control/lib/python3.12/site-packages:/home/faseeh/ros2/ros2_ws/build/spherebot_slam:/home/faseeh/ros2/ros2_ws/install/spherebot_slam/lib/python3.12/site-packages:/home/faseeh/ros2/ros2_ws/install/spherebot_description/lib/python3.12/site-packages:/home/faseeh/ros2/ros2_ws/install/spherebot_teleop/lib/python3.12/site-packages:/opt/ros/jazzy/lib/python3.12/site-packages /usr/bin/cmake --build /home/faseeh/ros2/ros2_ws/build/spherebot_navigation -- -j8 -l8
[1.971s] DEBUG:colcon.colcon_core.event_handler.log_command:Invoked command in '/home/faseeh/ros2/ros2_ws/build/spherebot_navigation' returned '0': AMENT_PREFIX_PATH=/home/faseeh/ros2/ros2_ws/install/spherebot_gazebo:/home/faseeh/ros2/ros2_ws/install/spherebot_control:/home/faseeh/ros2/ros2_ws/install/spherebot_slam:/home/faseeh/ros2/ros2_ws/install/spherebot_description:/home/faseeh/ros2/ros2_ws/install/spherebot_teleop:/home/faseeh/ros2/ros2_ws/install/spherebot_navigation:/opt/ros/jazzy CMAKE_PREFIX_PATH=${CMAKE_PREFIX_PATH}:/home/faseeh/ros2/ros2_ws/install/spherebot_teleop:/home/faseeh/ros2/ros2_ws/install/spherebot_slam:/home/faseeh/ros2/ros2_ws/install/spherebot_gazebo:/home/faseeh/ros2/ros2_ws/install/spherebot_control:/home/faseeh/ros2/ros2_ws/install/spherebot_description:/opt/ros/jazzy DEBUGINFOD_URLS=https://debuginfod.ubuntu.com PYTHONPATH=/home/faseeh/ros2/ros2_ws/install/spherebot_gazebo/lib/python3.12/site-packages:/home/faseeh/ros2/ros2_ws/install/spherebot_control/lib/python3.12/site-packages:/home/faseeh/ros2/ros2_ws/build/spherebot_slam:/home/faseeh/ros2/ros2_ws/install/spherebot_slam/lib/python3.12/site-packages:/home/faseeh/ros2/ros2_ws/install/spherebot_description/lib/python3.12/site-packages:/home/faseeh/ros2/ros2_ws/install/spherebot_teleop/lib/python3.12/site-packages:/opt/ros/jazzy/lib/python3.12/site-packages /usr/bin/cmake --build /home/faseeh/ros2/ros2_ws/build/spherebot_navigation -- -j8 -l8
[1.982s] DEBUG:colcon.colcon_core.event_handler.log_command:Invoking command in '/home/faseeh/ros2/ros2_ws/build/spherebot_navigation': AMENT_PREFIX_PATH=/home/faseeh/ros2/ros2_ws/install/spherebot_gazebo:/home/faseeh/ros2/ros2_ws/install/spherebot_control:/home/faseeh/ros2/ros2_ws/install/spherebot_slam:/home/faseeh/ros2/ros2_ws/install/spherebot_description:/home/faseeh/ros2/ros2_ws/install/spherebot_teleop:/home/faseeh/ros2/ros2_ws/install/spherebot_navigation:/opt/ros/jazzy CMAKE_PREFIX_PATH=${CMAKE_PREFIX_PATH}:/home/faseeh/ros2/ros2_ws/install/spherebot_teleop:/home/faseeh/ros2/ros2_ws/install/spherebot_slam:/home/faseeh/ros2/ros2_ws/install/spherebot_gazebo:/home/faseeh/ros2/ros2_ws/install/spherebot_control:/home/faseeh/ros2/ros2_ws/install/spherebot_description:/opt/ros/jazzy DEBUGINFOD_URLS=https://debuginfod.ubuntu.com PYTHONPATH=/home/faseeh/ros2/ros2_ws/install/spherebot_gazebo/lib/python3.12/site-packages:/home/faseeh/ros2/ros2_ws/install/spherebot_control/lib/python3.12/site-packages:/home/faseeh/ros2/ros2_ws/build/spherebot_slam:/home/faseeh/ros2/ros2_ws/install/spherebot_slam/lib/python3.12/site-packages:/home/faseeh/ros2/ros2_ws/install/spherebot_description/lib/python3.12/site-packages:/home/faseeh/ros2/ros2_ws/install/spherebot_teleop/lib/python3.12/site-packages:/opt/ros/jazzy/lib/python3.12/site-packages /usr/bin/cmake --install /home/faseeh/ros2/ros2_ws/build/spherebot_navigation
[2.000s] Level 1:colcon.colcon_core.environment:create_environment_scripts_only(spherebot_navigation)
[2.000s] Level 1:colcon.colcon_core.environment:checking '/home/faseeh/ros2/ros2_ws/install/spherebot_navigation' for CMake module files
[2.000s] DEBUG:colcon.colcon_core.event_handler.log_command:Invoked command in '/home/faseeh/ros2/ros2_ws/build/spherebot_navigation' returned '0': AMENT_PREFIX_PATH=/home/faseeh/ros2/ros2_ws/install/spherebot_gazebo:/home/faseeh/ros2/ros2_ws/install/spherebot_control:/home/faseeh/ros2/ros2_ws/install/spherebot_slam:/home/faseeh/ros2/ros2_ws/install/spherebot_description:/home/faseeh/ros2/ros2_ws/install/spherebot_teleop:/home/faseeh/ros2/ros2_ws/install/spherebot_navigation:/opt/ros/jazzy CMAKE_PREFIX_PATH=${CMAKE_PREFIX_PATH}:/home/faseeh/ros2/ros2_ws/install/spherebot_teleop:/home/faseeh/ros2/ros2_ws/install/spherebot_slam:/home/faseeh/ros2/ros2_ws/install/spherebot_gazebo:/home/faseeh/ros2/ros2_ws/install/spherebot_control:/home/faseeh/ros2/ros2_ws/install/spherebot_description:/opt/ros/jazzy DEBUGINFOD_URLS=https://debuginfod.ubuntu.com PYTHONPATH=/home/faseeh/ros2/ros2_ws/install/spherebot_gazebo/lib/python3.12/site-packages:/home/faseeh/ros2/ros2_ws/install/spherebot_control/lib/python3.12/site-packages:/home/faseeh/ros2/ros2_ws/build/spherebot_slam:/home/faseeh/ros2/ros2_ws/install/spherebot_slam/lib/python3.12/site-packages:/home/faseeh/ros2/ros2_ws/install/spherebot_description/lib/python3.12/site-packages:/home/faseeh/ros2/ros2_ws/install/spherebot_teleop/lib/python3.12/site-packages:/opt/ros/jazzy/lib/python3.12/site-packages /usr/bin/cmake --install /home/faseeh/ros2/ros2_ws/build/spherebot_navigation
[2.000s] Level 1:colcon.colcon_core.environment:checking '/home/faseeh/ros2/ros2_ws/install/spherebot_navigation' for CMake config files
[2.001s] Level 1:colcon.colcon_core.shell:create_environment_hook('spherebot_navigation', 'cmake_prefix_path')
[2.001s] INFO:colcon.colcon_core.shell:Creating environment hook '/home/faseeh/ros2/ros2_ws/install/spherebot_navigation/share/spherebot_navigation/hook/cmake_prefix_path.ps1'
[2.001s] INFO:colcon.colcon_core.shell:Creating environment descriptor '/home/faseeh/ros2/ros2_ws/install/spherebot_navigation/share/spherebot_navigation/hook/cmake_prefix_path.dsv'
[2.001s] INFO:colcon.colcon_core.shell:Creating environment hook '/home/faseeh/ros2/ros2_ws/install/spherebot_navigation/share/spherebot_navigation/hook/cmake_prefix_path.sh'
[2.002s] Level 1:colcon.colcon_core.environment:checking '/home/faseeh/ros2/ros2_ws/install/spherebot_navigation/bin'
[2.002s] Level 1:colcon.colcon_core.environment:checking '/home/faseeh/ros2/ros2_ws/install/spherebot_navigation/lib/pkgconfig/spherebot_navigation.pc'
[2.002s] Level 1:colcon.colcon_core.environment:checking '/home/faseeh/ros2/ros2_ws/install/spherebot_navigation/lib/python3.12/site-packages'
[2.002s] Level 1:colcon.colcon_core.environment:checking '/home/faseeh/ros2/ros2_ws/install/spherebot_navigation/bin'
[2.003s] INFO:colcon.colcon_core.shell:Creating package script '/home/faseeh/ros2/ros2_ws/install/spherebot_navigation/share/spherebot_navigation/package.ps1'
[2.003s] INFO:colcon.colcon_core.shell:Creating package descriptor '/home/faseeh/ros2/ros2_ws/install/spherebot_navigation/share/spherebot_navigation/package.dsv'
[2.003s] INFO:colcon.colcon_core.shell:Creating package script '/home/faseeh/ros2/ros2_ws/install/spherebot_navigation/share/spherebot_navigation/package.sh'
[2.003s] INFO:colcon.colcon_core.shell:Creating package script '/home/faseeh/ros2/ros2_ws/install/spherebot_navigation/share/spherebot_navigation/package.bash'
[2.004s] INFO:colcon.colcon_core.shell:Creating package script '/home/faseeh/ros2/ros2_ws/install/spherebot_navigation/share/spherebot_navigation/package.zsh'
[2.004s] Level 1:colcon.colcon_core.environment:create_file_with_runtime_dependencies(/home/faseeh/ros2/ros2_ws/install/spherebot_navigation/share/colcon-core/packages/spherebot_navigation)
[2.004s] Level 1:colcon.colcon_core.environment:create_environment_scripts_only(spherebot_navigation)
[2.004s] Level 1:colcon.colcon_core.environment:checking '/home/faseeh/ros2/ros2_ws/install/spherebot_navigation' for CMake module files
[2.004s] Level 1:colcon.colcon_core.environment:checking '/home/faseeh/ros2/ros2_ws/install/spherebot_navigation' for CMake config files
[2.005s] Level 1:colcon.colcon_core.shell:create_environment_hook('spherebot_navigation', 'cmake_prefix_path')
[2.005s] INFO:colcon.colcon_core.shell:Creating environment hook '/home/faseeh/ros2/ros2_ws/install/spherebot_navigation/share/spherebot_navigation/hook/cmake_prefix_path.ps1'
[2.005s] INFO:colcon.colcon_core.shell:Creating environment descriptor '/home/faseeh/ros2/ros2_ws/install/spherebot_navigation/share/spherebot_navigation/hook/cmake_prefix_path.dsv'
[2.005s] INFO:colcon.colcon_core.shell:Creating environment hook '/home/faseeh/ros2/ros2_ws/install/spherebot_navigation/share/spherebot_navigation/hook/cmake_prefix_path.sh'
[2.006s] Level 1:colcon.colcon_core.environment:checking '/home/faseeh/ros2/ros2_ws/install/spherebot_navigation/bin'
[2.006s] Level 1:colcon.colcon_core.environment:checking '/home/faseeh/ros2/ros2_ws/install/spherebot_navigation/lib/pkgconfig/spherebot_navigation.pc'
[2.006s] Level 1:colcon.colcon_core.environment:checking '/home/faseeh/ros2/ros2_ws/install/spherebot_navigation/lib/python3.12/site-packages'
[2.006s] Level 1:colcon.colcon_core.environment:checking '/home/faseeh/ros2/ros2_ws/install/spherebot_navigation/bin'
[2.006s] INFO:colcon.colcon_core.shell:Creating package script '/home/faseeh/ros2/ros2_ws/install/spherebot_navigation/share/spherebot_navigation/package.ps1'
[2.006s] INFO:colcon.colcon_core.shell:Creating package descriptor '/home/faseeh/ros2/ros2_ws/install/spherebot_navigation/share/spherebot_navigation/package.dsv'
[2.007s] INFO:colcon.colcon_core.shell:Creating package script '/home/faseeh/ros2/ros2_ws/install/spherebot_navigation/share/spherebot_navigation/package.sh'
[2.007s] INFO:colcon.colcon_core.shell:Creating package script '/home/faseeh/ros2/ros2_ws/install/spherebot_navigation/share/spherebot_navigation/package.bash'
[2.007s] INFO:colcon.colcon_core.shell:Creating package script '/home/faseeh/ros2/ros2_ws/install/spherebot_navigation/share/spherebot_navigation/package.zsh'
[2.007s] Level 1:colcon.colcon_core.environment:create_file_with_runtime_dependencies(/home/faseeh/ros2/ros2_ws/install/spherebot_navigation/share/colcon-core/packages/spherebot_navigation)
[2.008s] DEBUG:colcon.colcon_parallel_executor.executor.parallel:closing loop
[2.008s] DEBUG:colcon.colcon_parallel_executor.executor.parallel:loop closed
[2.008s] DEBUG:colcon.colcon_parallel_executor.executor.parallel:run_until_complete finished with '0'
[2.008s] DEBUG:colcon.colcon_core.event_reactor:joining thread
[2.012s] INFO:colcon.colcon_core.plugin_system:Skipping extension 'colcon_notification.desktop_notification.terminal_notifier': Not used on non-Darwin systems
[2.012s] INFO:colcon.colcon_core.plugin_system:Skipping extension 'colcon_notification.desktop_notification.win32': Not used on non-Windows systems
[2.012s] INFO:colcon.colcon_notification.desktop_notification:Sending desktop notification using 'notify2'
[2.022s] DEBUG:colcon.colcon_core.event_reactor:joined thread
[2.022s] INFO:colcon.colcon_core.shell:Creating prefix script '/home/faseeh/ros2/ros2_ws/install/local_setup.ps1'
[2.023s] INFO:colcon.colcon_core.shell:Creating prefix util module '/home/faseeh/ros2/ros2_ws/install/_local_setup_util_ps1.py'
[2.024s] INFO:colcon.colcon_core.shell:Creating prefix chain script '/home/faseeh/ros2/ros2_ws/install/setup.ps1'
[2.025s] INFO:colcon.colcon_core.shell:Creating prefix script '/home/faseeh/ros2/ros2_ws/install/local_setup.sh'
[2.025s] INFO:colcon.colcon_core.shell:Creating prefix util module '/home/faseeh/ros2/ros2_ws/install/_local_setup_util_sh.py'
[2.025s] INFO:colcon.colcon_core.shell:Creating prefix chain script '/home/faseeh/ros2/ros2_ws/install/setup.sh'
[2.026s] INFO:colcon.colcon_core.shell:Creating prefix script '/home/faseeh/ros2/ros2_ws/install/local_setup.bash'
[2.026s] INFO:colcon.colcon_core.shell:Creating prefix chain script '/home/faseeh/ros2/ros2_ws/install/setup.bash'
[2.027s] INFO:colcon.colcon_core.shell:Creating prefix script '/home/faseeh/ros2/ros2_ws/install/local_setup.zsh'
[2.028s] INFO:colcon.colcon_core.shell:Creating prefix chain script '/home/faseeh/ros2/ros2_ws/install/setup.zsh'
