/home/faseeh/ros2/ros2_ws/src/install/spherebot_control/lib/python3.12/site-packages/spherebot_control/__init__.py
/home/faseeh/ros2/ros2_ws/src/install/spherebot_control/lib/python3.12/site-packages/spherebot_control/safety_stop.py
/home/faseeh/ros2/ros2_ws/src/install/spherebot_control/lib/python3.12/site-packages/spherebot_control/odom_fixer.py
/home/faseeh/ros2/ros2_ws/src/install/spherebot_control/lib/python3.12/site-packages/spherebot_control/__pycache__/__init__.cpython-312.pyc
/home/faseeh/ros2/ros2_ws/src/install/spherebot_control/lib/python3.12/site-packages/spherebot_control/__pycache__/safety_stop.cpython-312.pyc
/home/faseeh/ros2/ros2_ws/src/install/spherebot_control/lib/python3.12/site-packages/spherebot_control/__pycache__/odom_fixer.cpython-312.pyc
/home/faseeh/ros2/ros2_ws/src/install/spherebot_control/share/ament_index/resource_index/packages/spherebot_control
/home/faseeh/ros2/ros2_ws/src/install/spherebot_control/share/spherebot_control/package.xml
/home/faseeh/ros2/ros2_ws/src/install/spherebot_control/share/spherebot_control/launch/sim.launch.py
/home/faseeh/ros2/ros2_ws/src/install/spherebot_control/share/spherebot_control/config/controllers.yaml
/home/faseeh/ros2/ros2_ws/src/install/spherebot_control/share/spherebot_control/config/ekf.yaml
/home/faseeh/ros2/ros2_ws/src/install/spherebot_control/lib/python3.12/site-packages/spherebot_control-0.0.0-py3.12.egg-info/entry_points.txt
/home/faseeh/ros2/ros2_ws/src/install/spherebot_control/lib/python3.12/site-packages/spherebot_control-0.0.0-py3.12.egg-info/zip-safe
/home/faseeh/ros2/ros2_ws/src/install/spherebot_control/lib/python3.12/site-packages/spherebot_control-0.0.0-py3.12.egg-info/SOURCES.txt
/home/faseeh/ros2/ros2_ws/src/install/spherebot_control/lib/python3.12/site-packages/spherebot_control-0.0.0-py3.12.egg-info/PKG-INFO
/home/faseeh/ros2/ros2_ws/src/install/spherebot_control/lib/python3.12/site-packages/spherebot_control-0.0.0-py3.12.egg-info/dependency_links.txt
/home/faseeh/ros2/ros2_ws/src/install/spherebot_control/lib/python3.12/site-packages/spherebot_control-0.0.0-py3.12.egg-info/requires.txt
/home/faseeh/ros2/ros2_ws/src/install/spherebot_control/lib/python3.12/site-packages/spherebot_control-0.0.0-py3.12.egg-info/top_level.txt
/home/faseeh/ros2/ros2_ws/src/install/spherebot_control/lib/spherebot_control/odom_fixer
/home/faseeh/ros2/ros2_ws/src/install/spherebot_control/lib/spherebot_control/safety_stop
