[0.000000] (-) TimerEvent: {}
[0.000070] (-) JobUnselected: {'identifier': 'assessment_world'}
[0.000153] (-) JobUnselected: {'identifier': 'spherebot_control'}
[0.000167] (-) JobUnselected: {'identifier': 'spherebot_description'}
[0.000177] (-) JobUnselected: {'identifier': 'spherebot_gazebo'}
[0.000186] (-) JobUnselected: {'identifier': 'spherebot_slam'}
[0.000194] (-) JobUnselected: {'identifier': 'spherebot_teleop'}
[0.000204] (spherebot_navigation) JobQueued: {'identifier': 'spherebot_navigation', 'dependencies': OrderedDict()}
[0.000344] (spherebot_navigation) JobStarted: {'identifier': 'spherebot_navigation'}
[0.099839] (-) TimerEvent: {}
[0.200003] (-) TimerEvent: {}
[0.300261] (-) TimerEvent: {}
[0.400433] (-) TimerEvent: {}
[0.500598] (-) TimerEvent: {}
[0.593539] (spherebot_navigation) Command: {'cmd': ['/usr/bin/python3', '-W', 'ignore:setup.py install is deprecated', '-W', 'ignore:easy_install command is deprecated', 'setup.py', 'develop', '--uninstall', '--editable', '--build-directory', '/home/faseeh/ros2/ros2_ws/src/build/spherebot_navigation/build'], 'cwd': '/home/faseeh/ros2/ros2_ws/src/build/spherebot_navigation', 'env': {'VSCODE_CWD': '/home/faseeh', 'VSCODE_ESM_ENTRYPOINT': 'vs/workbench/api/node/extensionHostProcess', 'USER': 'faseeh', 'VSCODE_NLS_CONFIG': '{"userLocale":"en-us","osLocale":"en-us","resolvedLanguage":"en","defaultMessagesFile":"/usr/share/antigravity/resources/app/out/nls.messages.json","locale":"en-us","availableLanguages":{}}', 'VSCODE_HANDLES_UNCAUGHT_ERRORS': 'true', 'XDG_SESSION_TYPE': 'wayland', 'SHLVL': '0', 'HOME': '/home/faseeh', 'CHROME_DESKTOP': 'antigravity.desktop', 'OLDPWD': '/home/faseeh/ros2/ros2_ws/src', 'DESKTOP_SESSION': 'ubuntu-wayland', 'NO_PROXY': '*.azureedge.net', 'VSCODE_IPC_HOOK': '/run/user/1000/vscode-7a193a5c-1.10-main.sock', 'GIO_LAUNCHED_DESKTOP_FILE': '/home/faseeh/.config/autostart/ulauncher.desktop', 'GNOME_SHELL_SESSION_MODE': 'ubuntu', 'GTK_MODULES': 'gail:atk-bridge', 'MANAGERPID': '1956', 'SYSTEMD_EXEC_PID': '2255', 'GSM_SKIP_SSH_AGENT_WORKAROUND': 'true', 'DBUS_SESSION_BUS_ADDRESS': 'unix:path=/run/user/1000/bus', 'GIO_LAUNCHED_DESKTOP_FILE_PID': '2833', 'VSCODE_CRASH_REPORTER_PROCESS_TYPE': 'extensionHost', 'DEBUGINFOD_URLS': 'https://debuginfod.ubuntu.com', 'IM_CONFIG_PHASE': '1', 'WAYLAND_DISPLAY': 'wayland-0', 'LOGNAME': 'faseeh', 'DESKTOP_AUTOSTART_ID': '1034ae9ad38d808924176586796827642800000022550016', 'JOURNAL_STREAM': '9:20699', '_': '/usr/bin/colcon', 'MEMORY_PRESSURE_WATCH': '/sys/fs/cgroup/user.slice/user-1000.slice/user@1000.service/app.slice/app-gnome\\x2dsession\\x2dmanager.slice/gnome-session-manager@ubuntu.service/memory.pressure', 'XDG_SESSION_CLASS': 'user', 'USERNAME': 'faseeh', 'GNOME_DESKTOP_SESSION_ID': 'this-is-deprecated', 'ANTIGRAVITY_EDITOR_APP_ROOT': '/usr/share/antigravity/resources/app', 'PATH': '/usr/local/sbin:/usr/local/bin:/usr/sbin:/usr/bin:/sbin:/bin:/usr/games:/usr/local/games:/snap/bin:/snap/bin', 'SESSION_MANAGER': 'local/THinkbookROS:@/tmp/.ICE-unix/2255,unix/THinkbookROS:/tmp/.ICE-unix/2255', 'INVOCATION_ID': '1bac7065211344ea9ce8bdb3335e247e', 'XDG_MENU_PREFIX': 'gnome-', 'GNOME_SETUP_DISPLAY': ':1', 'XDG_RUNTIME_DIR': '/run/user/1000', 'GDK_BACKEND': 'x11', 'DISPLAY': ':0', 'LANG': 'en_US.UTF-8', 'XDG_CURRENT_DESKTOP': 'Unity', 'XMODIFIERS': '@im=ibus', 'XDG_SESSION_DESKTOP': 'ubuntu-wayland', 'XAUTHORITY': '/run/user/1000/.mutter-Xwaylandauth.XHSLH3', 'SBX_CHROME_API_RQ': '1', 'SSH_AUTH_SOCK': '/run/user/1000/keyring/ssh', 'ORIGINAL_XDG_CURRENT_DESKTOP': 'ubuntu:GNOME', 'SHELL': '/bin/bash', 'QT_ACCESSIBILITY': '1', 'ELECTRON_RUN_AS_NODE': '1', 'GDMSESSION': 'ubuntu-wayland', 'QT_IM_MODULE': 'ibus', 'PWD': '/home/faseeh/ros2/ros2_ws/src/build/spherebot_navigation', 'LC_ALL': 'en_US.UTF-8', 'XDG_CONFIG_DIRS': '/etc/xdg/xdg-ubuntu-wayland:/etc/xdg', 'VSCODE_CODE_CACHE_PATH': '/home/faseeh/.config/Antigravity/CachedData/b31a0ea425328717c6bd1cff12c6755fd3d63a9d', 'XDG_DATA_DIRS': '/usr/share/ubuntu-wayland:/usr/share/gnome:/home/faseeh/.local/share/flatpak/exports/share:/var/lib/flatpak/exports/share:/usr/local/share/:/usr/share/:/var/lib/snapd/desktop', 'COLCON': '1', 'MEMORY_PRESSURE_WRITE': 'c29tZSAyMDAwMDAgMjAwMDAwMAA=', 'VSCODE_PID': '5251', 'PYTHONPATH': '/home/faseeh/ros2/ros2_ws/src/build/spherebot_navigation/prefix_override:/usr/lib/python3/dist-packages/colcon_core/task/python/colcon_distutils_commands:/home/faseeh/ros2/ros2_ws/src/install/spherebot_navigation/lib/python3.12/site-packages:'}, 'shell': False}
[0.600691] (-) TimerEvent: {}
[0.700871] (-) TimerEvent: {}
[0.745266] (spherebot_navigation) StdoutLine: {'line': b'running develop\n'}
[0.800960] (-) TimerEvent: {}
[0.830677] (spherebot_navigation) StdoutLine: {'line': b'Removing /home/faseeh/ros2/ros2_ws/src/install/spherebot_navigation/lib/python3.12/site-packages/spherebot-navigation.egg-link (link to .)\n'}
[0.849520] (spherebot_navigation) CommandEnded: {'returncode': 0}
[0.850499] (spherebot_navigation) Command: {'cmd': ['/usr/bin/python3', '-W', 'ignore:setup.py install is deprecated', '-W', 'ignore:easy_install command is deprecated', 'setup.py', 'egg_info', '--egg-base', '../build/spherebot_navigation', 'build', '--build-base', '/home/faseeh/ros2/ros2_ws/src/build/spherebot_navigation/build', 'install', '--record', '/home/faseeh/ros2/ros2_ws/src/build/spherebot_navigation/install.log', '--single-version-externally-managed', 'install_data', '--force'], 'cwd': '/home/faseeh/ros2/ros2_ws/src/spherebot_navigation', 'env': {'VSCODE_CWD': '/home/faseeh', 'VSCODE_ESM_ENTRYPOINT': 'vs/workbench/api/node/extensionHostProcess', 'USER': 'faseeh', 'VSCODE_NLS_CONFIG': '{"userLocale":"en-us","osLocale":"en-us","resolvedLanguage":"en","defaultMessagesFile":"/usr/share/antigravity/resources/app/out/nls.messages.json","locale":"en-us","availableLanguages":{}}', 'VSCODE_HANDLES_UNCAUGHT_ERRORS': 'true', 'XDG_SESSION_TYPE': 'wayland', 'SHLVL': '0', 'HOME': '/home/faseeh', 'CHROME_DESKTOP': 'antigravity.desktop', 'OLDPWD': '/home/faseeh/ros2/ros2_ws/src', 'DESKTOP_SESSION': 'ubuntu-wayland', 'NO_PROXY': '*.azureedge.net', 'VSCODE_IPC_HOOK': '/run/user/1000/vscode-7a193a5c-1.10-main.sock', 'GIO_LAUNCHED_DESKTOP_FILE': '/home/faseeh/.config/autostart/ulauncher.desktop', 'GNOME_SHELL_SESSION_MODE': 'ubuntu', 'GTK_MODULES': 'gail:atk-bridge', 'MANAGERPID': '1956', 'SYSTEMD_EXEC_PID': '2255', 'GSM_SKIP_SSH_AGENT_WORKAROUND': 'true', 'DBUS_SESSION_BUS_ADDRESS': 'unix:path=/run/user/1000/bus', 'GIO_LAUNCHED_DESKTOP_FILE_PID': '2833', 'VSCODE_CRASH_REPORTER_PROCESS_TYPE': 'extensionHost', 'DEBUGINFOD_URLS': 'https://debuginfod.ubuntu.com', 'IM_CONFIG_PHASE': '1', 'WAYLAND_DISPLAY': 'wayland-0', 'LOGNAME': 'faseeh', 'DESKTOP_AUTOSTART_ID': '1034ae9ad38d808924176586796827642800000022550016', 'JOURNAL_STREAM': '9:20699', '_': '/usr/bin/colcon', 'MEMORY_PRESSURE_WATCH': '/sys/fs/cgroup/user.slice/user-1000.slice/user@1000.service/app.slice/app-gnome\\x2dsession\\x2dmanager.slice/gnome-session-manager@ubuntu.service/memory.pressure', 'XDG_SESSION_CLASS': 'user', 'USERNAME': 'faseeh', 'GNOME_DESKTOP_SESSION_ID': 'this-is-deprecated', 'ANTIGRAVITY_EDITOR_APP_ROOT': '/usr/share/antigravity/resources/app', 'PATH': '/usr/local/sbin:/usr/local/bin:/usr/sbin:/usr/bin:/sbin:/bin:/usr/games:/usr/local/games:/snap/bin:/snap/bin', 'SESSION_MANAGER': 'local/THinkbookROS:@/tmp/.ICE-unix/2255,unix/THinkbookROS:/tmp/.ICE-unix/2255', 'INVOCATION_ID': '1bac7065211344ea9ce8bdb3335e247e', 'XDG_MENU_PREFIX': 'gnome-', 'GNOME_SETUP_DISPLAY': ':1', 'XDG_RUNTIME_DIR': '/run/user/1000', 'GDK_BACKEND': 'x11', 'DISPLAY': ':0', 'LANG': 'en_US.UTF-8', 'XDG_CURRENT_DESKTOP': 'Unity', 'XMODIFIERS': '@im=ibus', 'XDG_SESSION_DESKTOP': 'ubuntu-wayland', 'XAUTHORITY': '/run/user/1000/.mutter-Xwaylandauth.XHSLH3', 'SBX_CHROME_API_RQ': '1', 'SSH_AUTH_SOCK': '/run/user/1000/keyring/ssh', 'ORIGINAL_XDG_CURRENT_DESKTOP': 'ubuntu:GNOME', 'SHELL': '/bin/bash', 'QT_ACCESSIBILITY': '1', 'ELECTRON_RUN_AS_NODE': '1', 'GDMSESSION': 'ubuntu-wayland', 'QT_IM_MODULE': 'ibus', 'PWD': '/home/faseeh/ros2/ros2_ws/src/build/spherebot_navigation', 'LC_ALL': 'en_US.UTF-8', 'XDG_CONFIG_DIRS': '/etc/xdg/xdg-ubuntu-wayland:/etc/xdg', 'VSCODE_CODE_CACHE_PATH': '/home/faseeh/.config/Antigravity/CachedData/b31a0ea425328717c6bd1cff12c6755fd3d63a9d', 'XDG_DATA_DIRS': '/usr/share/ubuntu-wayland:/usr/share/gnome:/home/faseeh/.local/share/flatpak/exports/share:/var/lib/flatpak/exports/share:/usr/local/share/:/usr/share/:/var/lib/snapd/desktop', 'COLCON': '1', 'MEMORY_PRESSURE_WRITE': 'c29tZSAyMDAwMDAgMjAwMDAwMAA=', 'VSCODE_PID': '5251', 'PYTHONPATH': '/home/faseeh/ros2/ros2_ws/src/build/spherebot_navigation/prefix_override:/usr/lib/python3/dist-packages/colcon_core/task/python/colcon_distutils_commands:/home/faseeh/ros2/ros2_ws/src/install/spherebot_navigation/lib/python3.12/site-packages:'}, 'shell': False}
[0.901046] (-) TimerEvent: {}
[0.973380] (spherebot_navigation) StdoutLine: {'line': b'running egg_info\n'}
[0.980473] (spherebot_navigation) StdoutLine: {'line': b'writing ../build/spherebot_navigation/spherebot_navigation.egg-info/PKG-INFO\n'}
[0.980665] (spherebot_navigation) StdoutLine: {'line': b'writing dependency_links to ../build/spherebot_navigation/spherebot_navigation.egg-info/dependency_links.txt\n'}
[0.980787] (spherebot_navigation) StdoutLine: {'line': b'writing entry points to ../build/spherebot_navigation/spherebot_navigation.egg-info/entry_points.txt\n'}
[0.980912] (spherebot_navigation) StdoutLine: {'line': b'writing requirements to ../build/spherebot_navigation/spherebot_navigation.egg-info/requires.txt\n'}
[0.981026] (spherebot_navigation) StdoutLine: {'line': b'writing top-level names to ../build/spherebot_navigation/spherebot_navigation.egg-info/top_level.txt\n'}
[0.995063] (spherebot_navigation) StdoutLine: {'line': b"reading manifest file '../build/spherebot_navigation/spherebot_navigation.egg-info/SOURCES.txt'\n"}
[0.995756] (spherebot_navigation) StdoutLine: {'line': b"writing manifest file '../build/spherebot_navigation/spherebot_navigation.egg-info/SOURCES.txt'\n"}
[0.995967] (spherebot_navigation) StdoutLine: {'line': b'running build\n'}
[0.996045] (spherebot_navigation) StdoutLine: {'line': b'running build_py\n'}
[0.996189] (spherebot_navigation) StdoutLine: {'line': b'copying spherebot_navigation/mission_control.py -> /home/faseeh/ros2/ros2_ws/src/build/spherebot_navigation/build/lib/spherebot_navigation\n'}
[0.996269] (spherebot_navigation) StdoutLine: {'line': b'copying spherebot_navigation/vision_detector.py -> /home/faseeh/ros2/ros2_ws/src/build/spherebot_navigation/build/lib/spherebot_navigation\n'}
[0.996344] (spherebot_navigation) StdoutLine: {'line': b'copying spherebot_navigation/go_to_pen.py -> /home/faseeh/ros2/ros2_ws/src/build/spherebot_navigation/build/lib/spherebot_navigation\n'}
[0.996450] (spherebot_navigation) StdoutLine: {'line': b'running install\n'}
[1.001130] (-) TimerEvent: {}
[1.001203] (spherebot_navigation) StdoutLine: {'line': b'running install_lib\n'}
[1.008003] (spherebot_navigation) StdoutLine: {'line': b'copying /home/faseeh/ros2/ros2_ws/src/build/spherebot_navigation/build/lib/spherebot_navigation/mission_control.py -> /home/faseeh/ros2/ros2_ws/src/install/spherebot_navigation/lib/python3.12/site-packages/spherebot_navigation\n'}
[1.008177] (spherebot_navigation) StdoutLine: {'line': b'copying /home/faseeh/ros2/ros2_ws/src/build/spherebot_navigation/build/lib/spherebot_navigation/vision_detector.py -> /home/faseeh/ros2/ros2_ws/src/install/spherebot_navigation/lib/python3.12/site-packages/spherebot_navigation\n'}
[1.008259] (spherebot_navigation) StdoutLine: {'line': b'copying /home/faseeh/ros2/ros2_ws/src/build/spherebot_navigation/build/lib/spherebot_navigation/go_to_pen.py -> /home/faseeh/ros2/ros2_ws/src/install/spherebot_navigation/lib/python3.12/site-packages/spherebot_navigation\n'}
[1.008463] (spherebot_navigation) StdoutLine: {'line': b'byte-compiling /home/faseeh/ros2/ros2_ws/src/install/spherebot_navigation/lib/python3.12/site-packages/spherebot_navigation/mission_control.py to mission_control.cpython-312.pyc\n'}
[1.009931] (spherebot_navigation) StdoutLine: {'line': b'byte-compiling /home/faseeh/ros2/ros2_ws/src/install/spherebot_navigation/lib/python3.12/site-packages/spherebot_navigation/vision_detector.py to vision_detector.cpython-312.pyc\n'}
[1.010457] (spherebot_navigation) StdoutLine: {'line': b'byte-compiling /home/faseeh/ros2/ros2_ws/src/install/spherebot_navigation/lib/python3.12/site-packages/spherebot_navigation/go_to_pen.py to go_to_pen.cpython-312.pyc\n'}
[1.010959] (spherebot_navigation) StdoutLine: {'line': b'running install_data\n'}
[1.011043] (spherebot_navigation) StdoutLine: {'line': b'copying resource/spherebot_navigation -> /home/faseeh/ros2/ros2_ws/src/install/spherebot_navigation/share/ament_index/resource_index/packages\n'}
[1.011213] (spherebot_navigation) StdoutLine: {'line': b'copying package.xml -> /home/faseeh/ros2/ros2_ws/src/install/spherebot_navigation/share/spherebot_navigation\n'}
[1.011318] (spherebot_navigation) StdoutLine: {'line': b'copying launch/navigation.launch.py -> /home/faseeh/ros2/ros2_ws/src/install/spherebot_navigation/share/spherebot_navigation/launch\n'}
[1.011418] (spherebot_navigation) StdoutLine: {'line': b'copying launch/go_to_pen.launch.py -> /home/faseeh/ros2/ros2_ws/src/install/spherebot_navigation/share/spherebot_navigation/launch\n'}
[1.011516] (spherebot_navigation) StdoutLine: {'line': b'copying config/nav2_params.yaml -> /home/faseeh/ros2/ros2_ws/src/install/spherebot_navigation/share/spherebot_navigation/config\n'}
[1.011592] (spherebot_navigation) StdoutLine: {'line': b'copying maps/assessment_map.yaml -> /home/faseeh/ros2/ros2_ws/src/install/spherebot_navigation/share/spherebot_navigation/maps\n'}
[1.011664] (spherebot_navigation) StdoutLine: {'line': b'copying maps/assessment_map.pgm -> /home/faseeh/ros2/ros2_ws/src/install/spherebot_navigation/share/spherebot_navigation/maps\n'}
[1.046489] (spherebot_navigation) StdoutLine: {'line': b'running install_egg_info\n'}
[1.054014] (spherebot_navigation) StdoutLine: {'line': b"removing '/home/faseeh/ros2/ros2_ws/src/install/spherebot_navigation/lib/python3.12/site-packages/spherebot_navigation-0.0.0-py3.12.egg-info' (and everything under it)\n"}
[1.054173] (spherebot_navigation) StdoutLine: {'line': b'Copying ../build/spherebot_navigation/spherebot_navigation.egg-info to /home/faseeh/ros2/ros2_ws/src/install/spherebot_navigation/lib/python3.12/site-packages/spherebot_navigation-0.0.0-py3.12.egg-info\n'}
[1.090754] (spherebot_navigation) StdoutLine: {'line': b'running install_scripts\n'}
[1.101229] (-) TimerEvent: {}
[1.144410] (spherebot_navigation) StdoutLine: {'line': b'Installing go_to_pen script to /home/faseeh/ros2/ros2_ws/src/install/spherebot_navigation/lib/spherebot_navigation\n'}
[1.144581] (spherebot_navigation) StdoutLine: {'line': b'Installing mission_control script to /home/faseeh/ros2/ros2_ws/src/install/spherebot_navigation/lib/spherebot_navigation\n'}
[1.144786] (spherebot_navigation) StdoutLine: {'line': b'Installing vision_detector script to /home/faseeh/ros2/ros2_ws/src/install/spherebot_navigation/lib/spherebot_navigation\n'}
[1.144878] (spherebot_navigation) StdoutLine: {'line': b"writing list of installed files to '/home/faseeh/ros2/ros2_ws/src/build/spherebot_navigation/install.log'\n"}
[1.164568] (spherebot_navigation) CommandEnded: {'returncode': 0}
[1.170860] (spherebot_navigation) JobEnded: {'identifier': 'spherebot_navigation', 'rc': 0}
[1.171238] (-) EventReactorShutdown: {}
