[4.900s] DEBUG:colcon:Command line arguments: ['/usr/bin/colcon', 'build']
[4.901s] DEBUG:colcon:Parsed command line arguments: Namespace(log_base=None, log_level=None, verb_name='build', build_base='build', install_base='install', merge_install=False, symlink_install=False, test_result_base=None, continue_on_error=False, executor='parallel', parallel_workers=8, event_handlers=None, ignore_user_meta=False, metas=['./colcon.meta'], base_paths=['.'], packages_ignore=None, packages_ignore_regex=None, paths=None, packages_up_to=None, packages_up_to_regex=None, packages_above=None, packages_above_and_dependencies=None, packages_above_depth=None, packages_select_by_dep=None, packages_skip_by_dep=None, packages_skip_up_to=None, packages_select_build_failed=False, packages_skip_build_finished=False, packages_select_test_failures=False, packages_skip_test_passed=False, packages_select=None, packages_skip=None, packages_select_regex=None, packages_skip_regex=None, packages_start=None, packages_end=None, allow_overriding=[], cmake_args=None, cmake_target=None, cmake_target_skip_unavailable=False, cmake_clean_cache=False, cmake_clean_first=False, cmake_force_configure=False, ament_cmake_args=None, catkin_cmake_args=None, catkin_skip_building_tests=False, verb_parser=<colcon_defaults.argument_parser.defaults.DefaultArgumentsDecorator object at 0x730c8123b440>, verb_extension=<colcon_core.verb.build.BuildVerb object at 0x730c813d8050>, main=<bound method BuildVerb.main of <colcon_core.verb.build.BuildVerb object at 0x730c813d8050>>)
[5.313s] Level 1:colcon.colcon_core.package_discovery:discover_packages(colcon_meta) check parameters
[5.313s] Level 1:colcon.colcon_core.package_discovery:discover_packages(recursive) check parameters
[5.313s] Level 1:colcon.colcon_core.package_discovery:discover_packages(ignore) check parameters
[5.313s] Level 1:colcon.colcon_core.package_discovery:discover_packages(path) check parameters
[5.313s] Level 1:colcon.colcon_core.package_discovery:discover_packages(colcon_meta) discover
[5.313s] Level 1:colcon.colcon_core.package_discovery:discover_packages(recursive) discover
[5.314s] INFO:colcon.colcon_core.package_discovery:Crawling recursively for packages in '/home/faseeh/ros2/ros2_ws/src'
[5.314s] Level 1:colcon.colcon_core.package_identification:_identify(.) by extensions ['ignore', 'ignore_ament_install']
[5.314s] Level 1:colcon.colcon_core.package_identification:_identify(.) by extension 'ignore'
[5.314s] Level 1:colcon.colcon_core.package_identification:_identify(.) by extension 'ignore_ament_install'
[5.314s] Level 1:colcon.colcon_core.package_identification:_identify(.) by extensions ['colcon_pkg']
[5.314s] Level 1:colcon.colcon_core.package_identification:_identify(.) by extension 'colcon_pkg'
[5.314s] Level 1:colcon.colcon_core.package_identification:_identify(.) by extensions ['colcon_meta']
[5.314s] Level 1:colcon.colcon_core.package_identification:_identify(.) by extension 'colcon_meta'
[5.314s] Level 1:colcon.colcon_core.package_identification:_identify(.) by extensions ['ros']
[5.314s] Level 1:colcon.colcon_core.package_identification:_identify(.) by extension 'ros'
[5.414s] Level 1:colcon.colcon_core.package_identification:_identify(.) by extensions ['cmake', 'python']
[5.414s] Level 1:colcon.colcon_core.package_identification:_identify(.) by extension 'cmake'
[5.414s] Level 1:colcon.colcon_core.package_identification:_identify(.) by extension 'python'
[5.414s] Level 1:colcon.colcon_core.package_identification:_identify(.) by extensions ['python_setup_py']
[5.415s] Level 1:colcon.colcon_core.package_identification:_identify(.) by extension 'python_setup_py'
[5.415s] Level 1:colcon.colcon_core.package_identification:_identify(build) by extensions ['ignore', 'ignore_ament_install']
[5.415s] Level 1:colcon.colcon_core.package_identification:_identify(build) by extension 'ignore'
[5.415s] Level 1:colcon.colcon_core.package_identification:_identify(build) ignored
[5.415s] Level 1:colcon.colcon_core.package_identification:_identify(install) by extensions ['ignore', 'ignore_ament_install']
[5.415s] Level 1:colcon.colcon_core.package_identification:_identify(install) by extension 'ignore'
[5.415s] Level 1:colcon.colcon_core.package_identification:_identify(install) ignored
[5.415s] Level 1:colcon.colcon_core.package_identification:_identify(log) by extensions ['ignore', 'ignore_ament_install']
[5.415s] Level 1:colcon.colcon_core.package_identification:_identify(log) by extension 'ignore'
[5.415s] Level 1:colcon.colcon_core.package_identification:_identify(log) ignored
[5.415s] Level 1:colcon.colcon_core.package_identification:_identify(spherebot_control) by extensions ['ignore', 'ignore_ament_install']
[5.415s] Level 1:colcon.colcon_core.package_identification:_identify(spherebot_control) by extension 'ignore'
[5.415s] Level 1:colcon.colcon_core.package_identification:_identify(spherebot_control) by extension 'ignore_ament_install'
[5.415s] Level 1:colcon.colcon_core.package_identification:_identify(spherebot_control) by extensions ['colcon_pkg']
[5.415s] Level 1:colcon.colcon_core.package_identification:_identify(spherebot_control) by extension 'colcon_pkg'
[5.415s] Level 1:colcon.colcon_core.package_identification:_identify(spherebot_control) by extensions ['colcon_meta']
[5.415s] Level 1:colcon.colcon_core.package_identification:_identify(spherebot_control) by extension 'colcon_meta'
[5.415s] Level 1:colcon.colcon_core.package_identification:_identify(spherebot_control) by extensions ['ros']
[5.415s] Level 1:colcon.colcon_core.package_identification:_identify(spherebot_control) by extension 'ros'
[5.434s] DEBUG:colcon.colcon_core.package_identification:Package 'spherebot_control' with type 'ros.ament_python' and name 'spherebot_control'
[5.434s] Level 1:colcon.colcon_core.package_identification:_identify(spherebot_description) by extensions ['ignore', 'ignore_ament_install']
[5.434s] Level 1:colcon.colcon_core.package_identification:_identify(spherebot_description) by extension 'ignore'
[5.434s] Level 1:colcon.colcon_core.package_identification:_identify(spherebot_description) by extension 'ignore_ament_install'
[5.434s] Level 1:colcon.colcon_core.package_identification:_identify(spherebot_description) by extensions ['colcon_pkg']
[5.434s] Level 1:colcon.colcon_core.package_identification:_identify(spherebot_description) by extension 'colcon_pkg'
[5.434s] Level 1:colcon.colcon_core.package_identification:_identify(spherebot_description) by extensions ['colcon_meta']
[5.434s] Level 1:colcon.colcon_core.package_identification:_identify(spherebot_description) by extension 'colcon_meta'
[5.434s] Level 1:colcon.colcon_core.package_identification:_identify(spherebot_description) by extensions ['ros']
[5.434s] Level 1:colcon.colcon_core.package_identification:_identify(spherebot_description) by extension 'ros'
[5.434s] DEBUG:colcon.colcon_core.package_identification:Package 'spherebot_description' with type 'ros.ament_python' and name 'spherebot_description'
[5.434s] Level 1:colcon.colcon_core.package_identification:_identify(spherebot_gazebo) by extensions ['ignore', 'ignore_ament_install']
[5.434s] Level 1:colcon.colcon_core.package_identification:_identify(spherebot_gazebo) by extension 'ignore'
[5.435s] Level 1:colcon.colcon_core.package_identification:_identify(spherebot_gazebo) by extension 'ignore_ament_install'
[5.435s] Level 1:colcon.colcon_core.package_identification:_identify(spherebot_gazebo) by extensions ['colcon_pkg']
[5.435s] Level 1:colcon.colcon_core.package_identification:_identify(spherebot_gazebo) by extension 'colcon_pkg'
[5.435s] Level 1:colcon.colcon_core.package_identification:_identify(spherebot_gazebo) by extensions ['colcon_meta']
[5.435s] Level 1:colcon.colcon_core.package_identification:_identify(spherebot_gazebo) by extension 'colcon_meta'
[5.435s] Level 1:colcon.colcon_core.package_identification:_identify(spherebot_gazebo) by extensions ['ros']
[5.435s] Level 1:colcon.colcon_core.package_identification:_identify(spherebot_gazebo) by extension 'ros'
[5.435s] DEBUG:colcon.colcon_core.package_identification:Package 'spherebot_gazebo' with type 'ros.ament_python' and name 'spherebot_gazebo'
[5.435s] Level 1:colcon.colcon_core.package_identification:_identify(spherebot_slam) by extensions ['ignore', 'ignore_ament_install']
[5.435s] Level 1:colcon.colcon_core.package_identification:_identify(spherebot_slam) by extension 'ignore'
[5.435s] Level 1:colcon.colcon_core.package_identification:_identify(spherebot_slam) by extension 'ignore_ament_install'
[5.435s] Level 1:colcon.colcon_core.package_identification:_identify(spherebot_slam) by extensions ['colcon_pkg']
[5.435s] Level 1:colcon.colcon_core.package_identification:_identify(spherebot_slam) by extension 'colcon_pkg'
[5.435s] Level 1:colcon.colcon_core.package_identification:_identify(spherebot_slam) by extensions ['colcon_meta']
[5.435s] Level 1:colcon.colcon_core.package_identification:_identify(spherebot_slam) by extension 'colcon_meta'
[5.435s] Level 1:colcon.colcon_core.package_identification:_identify(spherebot_slam) by extensions ['ros']
[5.435s] Level 1:colcon.colcon_core.package_identification:_identify(spherebot_slam) by extension 'ros'
[5.436s] DEBUG:colcon.colcon_core.package_identification:Package 'spherebot_slam' with type 'ros.ament_python' and name 'spherebot_slam'
[5.436s] Level 1:colcon.colcon_core.package_identification:_identify(spherebot_teleop) by extensions ['ignore', 'ignore_ament_install']
[5.436s] Level 1:colcon.colcon_core.package_identification:_identify(spherebot_teleop) by extension 'ignore'
[5.436s] Level 1:colcon.colcon_core.package_identification:_identify(spherebot_teleop) by extension 'ignore_ament_install'
[5.436s] Level 1:colcon.colcon_core.package_identification:_identify(spherebot_teleop) by extensions ['colcon_pkg']
[5.436s] Level 1:colcon.colcon_core.package_identification:_identify(spherebot_teleop) by extension 'colcon_pkg'
[5.436s] Level 1:colcon.colcon_core.package_identification:_identify(spherebot_teleop) by extensions ['colcon_meta']
[5.436s] Level 1:colcon.colcon_core.package_identification:_identify(spherebot_teleop) by extension 'colcon_meta'
[5.436s] Level 1:colcon.colcon_core.package_identification:_identify(spherebot_teleop) by extensions ['ros']
[5.436s] Level 1:colcon.colcon_core.package_identification:_identify(spherebot_teleop) by extension 'ros'
[5.436s] DEBUG:colcon.colcon_core.package_identification:Package 'spherebot_teleop' with type 'ros.ament_python' and name 'spherebot_teleop'
[5.436s] Level 1:colcon.colcon_core.package_discovery:discover_packages(recursive) using defaults
[5.436s] Level 1:colcon.colcon_core.package_discovery:discover_packages(ignore) discover
[5.436s] Level 1:colcon.colcon_core.package_discovery:discover_packages(ignore) using defaults
[5.436s] Level 1:colcon.colcon_core.package_discovery:discover_packages(path) discover
[5.436s] Level 1:colcon.colcon_core.package_discovery:discover_packages(path) using defaults
[5.544s] Level 1:colcon.colcon_core.package_discovery:discover_packages(prefix_path) check parameters
[5.544s] Level 1:colcon.colcon_core.package_discovery:discover_packages(prefix_path) discover
[5.548s] DEBUG:colcon.colcon_installed_package_information.package_discovery:Found 492 installed packages in /opt/ros/jazzy
[5.550s] Level 1:colcon.colcon_core.package_discovery:discover_packages(prefix_path) using defaults
[5.594s] Level 5:colcon.colcon_core.verb:set package 'spherebot_description' build argument 'cmake_args' from command line to 'None'
[5.595s] Level 5:colcon.colcon_core.verb:set package 'spherebot_description' build argument 'cmake_target' from command line to 'None'
[5.595s] Level 5:colcon.colcon_core.verb:set package 'spherebot_description' build argument 'cmake_target_skip_unavailable' from command line to 'False'
[5.595s] Level 5:colcon.colcon_core.verb:set package 'spherebot_description' build argument 'cmake_clean_cache' from command line to 'False'
[5.595s] Level 5:colcon.colcon_core.verb:set package 'spherebot_description' build argument 'cmake_clean_first' from command line to 'False'
[5.595s] Level 5:colcon.colcon_core.verb:set package 'spherebot_description' build argument 'cmake_force_configure' from command line to 'False'
[5.595s] Level 5:colcon.colcon_core.verb:set package 'spherebot_description' build argument 'ament_cmake_args' from command line to 'None'
[5.595s] Level 5:colcon.colcon_core.verb:set package 'spherebot_description' build argument 'catkin_cmake_args' from command line to 'None'
[5.595s] Level 5:colcon.colcon_core.verb:set package 'spherebot_description' build argument 'catkin_skip_building_tests' from command line to 'False'
[5.595s] DEBUG:colcon.colcon_core.verb:Building package 'spherebot_description' with the following arguments: {'ament_cmake_args': None, 'build_base': '/home/faseeh/ros2/ros2_ws/src/build/spherebot_description', 'catkin_cmake_args': None, 'catkin_skip_building_tests': False, 'cmake_args': None, 'cmake_clean_cache': False, 'cmake_clean_first': False, 'cmake_force_configure': False, 'cmake_target': None, 'cmake_target_skip_unavailable': False, 'install_base': '/home/faseeh/ros2/ros2_ws/src/install/spherebot_description', 'merge_install': False, 'path': '/home/faseeh/ros2/ros2_ws/src/spherebot_description', 'symlink_install': False, 'test_result_base': None}
[5.595s] Level 5:colcon.colcon_core.verb:set package 'spherebot_slam' build argument 'cmake_args' from command line to 'None'
[5.595s] Level 5:colcon.colcon_core.verb:set package 'spherebot_slam' build argument 'cmake_target' from command line to 'None'
[5.595s] Level 5:colcon.colcon_core.verb:set package 'spherebot_slam' build argument 'cmake_target_skip_unavailable' from command line to 'False'
[5.595s] Level 5:colcon.colcon_core.verb:set package 'spherebot_slam' build argument 'cmake_clean_cache' from command line to 'False'
[5.595s] Level 5:colcon.colcon_core.verb:set package 'spherebot_slam' build argument 'cmake_clean_first' from command line to 'False'
[5.595s] Level 5:colcon.colcon_core.verb:set package 'spherebot_slam' build argument 'cmake_force_configure' from command line to 'False'
[5.595s] Level 5:colcon.colcon_core.verb:set package 'spherebot_slam' build argument 'ament_cmake_args' from command line to 'None'
[5.595s] Level 5:colcon.colcon_core.verb:set package 'spherebot_slam' build argument 'catkin_cmake_args' from command line to 'None'
[5.595s] Level 5:colcon.colcon_core.verb:set package 'spherebot_slam' build argument 'catkin_skip_building_tests' from command line to 'False'
[5.595s] DEBUG:colcon.colcon_core.verb:Building package 'spherebot_slam' with the following arguments: {'ament_cmake_args': None, 'build_base': '/home/faseeh/ros2/ros2_ws/src/build/spherebot_slam', 'catkin_cmake_args': None, 'catkin_skip_building_tests': False, 'cmake_args': None, 'cmake_clean_cache': False, 'cmake_clean_first': False, 'cmake_force_configure': False, 'cmake_target': None, 'cmake_target_skip_unavailable': False, 'install_base': '/home/faseeh/ros2/ros2_ws/src/install/spherebot_slam', 'merge_install': False, 'path': '/home/faseeh/ros2/ros2_ws/src/spherebot_slam', 'symlink_install': False, 'test_result_base': None}
[5.595s] Level 5:colcon.colcon_core.verb:set package 'spherebot_teleop' build argument 'cmake_args' from command line to 'None'
[5.595s] Level 5:colcon.colcon_core.verb:set package 'spherebot_teleop' build argument 'cmake_target' from command line to 'None'
[5.595s] Level 5:colcon.colcon_core.verb:set package 'spherebot_teleop' build argument 'cmake_target_skip_unavailable' from command line to 'False'
[5.595s] Level 5:colcon.colcon_core.verb:set package 'spherebot_teleop' build argument 'cmake_clean_cache' from command line to 'False'
[5.595s] Level 5:colcon.colcon_core.verb:set package 'spherebot_teleop' build argument 'cmake_clean_first' from command line to 'False'
[5.595s] Level 5:colcon.colcon_core.verb:set package 'spherebot_teleop' build argument 'cmake_force_configure' from command line to 'False'
[5.595s] Level 5:colcon.colcon_core.verb:set package 'spherebot_teleop' build argument 'ament_cmake_args' from command line to 'None'
[5.595s] Level 5:colcon.colcon_core.verb:set package 'spherebot_teleop' build argument 'catkin_cmake_args' from command line to 'None'
[5.595s] Level 5:colcon.colcon_core.verb:set package 'spherebot_teleop' build argument 'catkin_skip_building_tests' from command line to 'False'
[5.595s] DEBUG:colcon.colcon_core.verb:Building package 'spherebot_teleop' with the following arguments: {'ament_cmake_args': None, 'build_base': '/home/faseeh/ros2/ros2_ws/src/build/spherebot_teleop', 'catkin_cmake_args': None, 'catkin_skip_building_tests': False, 'cmake_args': None, 'cmake_clean_cache': False, 'cmake_clean_first': False, 'cmake_force_configure': False, 'cmake_target': None, 'cmake_target_skip_unavailable': False, 'install_base': '/home/faseeh/ros2/ros2_ws/src/install/spherebot_teleop', 'merge_install': False, 'path': '/home/faseeh/ros2/ros2_ws/src/spherebot_teleop', 'symlink_install': False, 'test_result_base': None}
[5.596s] Level 5:colcon.colcon_core.verb:set package 'spherebot_control' build argument 'cmake_args' from command line to 'None'
[5.596s] Level 5:colcon.colcon_core.verb:set package 'spherebot_control' build argument 'cmake_target' from command line to 'None'
[5.596s] Level 5:colcon.colcon_core.verb:set package 'spherebot_control' build argument 'cmake_target_skip_unavailable' from command line to 'False'
[5.596s] Level 5:colcon.colcon_core.verb:set package 'spherebot_control' build argument 'cmake_clean_cache' from command line to 'False'
[5.596s] Level 5:colcon.colcon_core.verb:set package 'spherebot_control' build argument 'cmake_clean_first' from command line to 'False'
[5.596s] Level 5:colcon.colcon_core.verb:set package 'spherebot_control' build argument 'cmake_force_configure' from command line to 'False'
[5.596s] Level 5:colcon.colcon_core.verb:set package 'spherebot_control' build argument 'ament_cmake_args' from command line to 'None'
[5.596s] Level 5:colcon.colcon_core.verb:set package 'spherebot_control' build argument 'catkin_cmake_args' from command line to 'None'
[5.596s] Level 5:colcon.colcon_core.verb:set package 'spherebot_control' build argument 'catkin_skip_building_tests' from command line to 'False'
[5.596s] DEBUG:colcon.colcon_core.verb:Building package 'spherebot_control' with the following arguments: {'ament_cmake_args': None, 'build_base': '/home/faseeh/ros2/ros2_ws/src/build/spherebot_control', 'catkin_cmake_args': None, 'catkin_skip_building_tests': False, 'cmake_args': None, 'cmake_clean_cache': False, 'cmake_clean_first': False, 'cmake_force_configure': False, 'cmake_target': None, 'cmake_target_skip_unavailable': False, 'install_base': '/home/faseeh/ros2/ros2_ws/src/install/spherebot_control', 'merge_install': False, 'path': '/home/faseeh/ros2/ros2_ws/src/spherebot_control', 'symlink_install': False, 'test_result_base': None}
[5.596s] Level 5:colcon.colcon_core.verb:set package 'spherebot_gazebo' build argument 'cmake_args' from command line to 'None'
[5.596s] Level 5:colcon.colcon_core.verb:set package 'spherebot_gazebo' build argument 'cmake_target' from command line to 'None'
[5.596s] Level 5:colcon.colcon_core.verb:set package 'spherebot_gazebo' build argument 'cmake_target_skip_unavailable' from command line to 'False'
[5.596s] Level 5:colcon.colcon_core.verb:set package 'spherebot_gazebo' build argument 'cmake_clean_cache' from command line to 'False'
[5.596s] Level 5:colcon.colcon_core.verb:set package 'spherebot_gazebo' build argument 'cmake_clean_first' from command line to 'False'
[5.596s] Level 5:colcon.colcon_core.verb:set package 'spherebot_gazebo' build argument 'cmake_force_configure' from command line to 'False'
[5.596s] Level 5:colcon.colcon_core.verb:set package 'spherebot_gazebo' build argument 'ament_cmake_args' from command line to 'None'
[5.596s] Level 5:colcon.colcon_core.verb:set package 'spherebot_gazebo' build argument 'catkin_cmake_args' from command line to 'None'
[5.596s] Level 5:colcon.colcon_core.verb:set package 'spherebot_gazebo' build argument 'catkin_skip_building_tests' from command line to 'False'
[5.596s] DEBUG:colcon.colcon_core.verb:Building package 'spherebot_gazebo' with the following arguments: {'ament_cmake_args': None, 'build_base': '/home/faseeh/ros2/ros2_ws/src/build/spherebot_gazebo', 'catkin_cmake_args': None, 'catkin_skip_building_tests': False, 'cmake_args': None, 'cmake_clean_cache': False, 'cmake_clean_first': False, 'cmake_force_configure': False, 'cmake_target': None, 'cmake_target_skip_unavailable': False, 'install_base': '/home/faseeh/ros2/ros2_ws/src/install/spherebot_gazebo', 'merge_install': False, 'path': '/home/faseeh/ros2/ros2_ws/src/spherebot_gazebo', 'symlink_install': False, 'test_result_base': None}
[5.596s] INFO:colcon.colcon_core.executor:Executing jobs using 'parallel' executor
[5.597s] DEBUG:colcon.colcon_parallel_executor.executor.parallel:run_until_complete
[5.597s] INFO:colcon.colcon_ros.task.ament_python.build:Building ROS package in '/home/faseeh/ros2/ros2_ws/src/spherebot_description' with build type 'ament_python'
[5.597s] Level 1:colcon.colcon_core.shell:create_environment_hook('spherebot_description', 'ament_prefix_path')
[5.601s] INFO:colcon.colcon_core.plugin_system:Skipping extension 'colcon_core.shell.bat': Not used on non-Windows systems
[5.601s] INFO:colcon.colcon_core.shell:Creating environment hook '/home/faseeh/ros2/ros2_ws/src/install/spherebot_description/share/spherebot_description/hook/ament_prefix_path.ps1'
[5.602s] INFO:colcon.colcon_core.shell:Creating environment descriptor '/home/faseeh/ros2/ros2_ws/src/install/spherebot_description/share/spherebot_description/hook/ament_prefix_path.dsv'
[5.616s] INFO:colcon.colcon_core.shell:Creating environment hook '/home/faseeh/ros2/ros2_ws/src/install/spherebot_description/share/spherebot_description/hook/ament_prefix_path.sh'
[5.617s] INFO:colcon.colcon_core.shell:Skip shell extension 'powershell' for command environment: Not usable outside of PowerShell
[5.617s] DEBUG:colcon.colcon_core.shell:Skip shell extension 'dsv' for command environment
[5.619s] INFO:colcon.colcon_ros.task.ament_python.build:Building ROS package in '/home/faseeh/ros2/ros2_ws/src/spherebot_slam' with build type 'ament_python'
[5.620s] Level 1:colcon.colcon_core.shell:create_environment_hook('spherebot_slam', 'ament_prefix_path')
[5.620s] INFO:colcon.colcon_core.shell:Creating environment hook '/home/faseeh/ros2/ros2_ws/src/install/spherebot_slam/share/spherebot_slam/hook/ament_prefix_path.ps1'
[5.620s] INFO:colcon.colcon_core.shell:Creating environment descriptor '/home/faseeh/ros2/ros2_ws/src/install/spherebot_slam/share/spherebot_slam/hook/ament_prefix_path.dsv'
[5.620s] INFO:colcon.colcon_core.shell:Creating environment hook '/home/faseeh/ros2/ros2_ws/src/install/spherebot_slam/share/spherebot_slam/hook/ament_prefix_path.sh'
[5.621s] INFO:colcon.colcon_core.shell:Skip shell extension 'powershell' for command environment: Not usable outside of PowerShell
[5.621s] DEBUG:colcon.colcon_core.shell:Skip shell extension 'dsv' for command environment
[5.623s] INFO:colcon.colcon_ros.task.ament_python.build:Building ROS package in '/home/faseeh/ros2/ros2_ws/src/spherebot_teleop' with build type 'ament_python'
[5.623s] Level 1:colcon.colcon_core.shell:create_environment_hook('spherebot_teleop', 'ament_prefix_path')
[5.623s] INFO:colcon.colcon_core.shell:Creating environment hook '/home/faseeh/ros2/ros2_ws/src/install/spherebot_teleop/share/spherebot_teleop/hook/ament_prefix_path.ps1'
[5.624s] INFO:colcon.colcon_core.shell:Creating environment descriptor '/home/faseeh/ros2/ros2_ws/src/install/spherebot_teleop/share/spherebot_teleop/hook/ament_prefix_path.dsv'
[5.624s] INFO:colcon.colcon_core.shell:Creating environment hook '/home/faseeh/ros2/ros2_ws/src/install/spherebot_teleop/share/spherebot_teleop/hook/ament_prefix_path.sh'
[5.624s] INFO:colcon.colcon_core.shell:Skip shell extension 'powershell' for command environment: Not usable outside of PowerShell
[5.624s] DEBUG:colcon.colcon_core.shell:Skip shell extension 'dsv' for command environment
[5.842s] INFO:colcon.colcon_core.task.python.build:Building Python package in '/home/faseeh/ros2/ros2_ws/src/spherebot_description'
[5.843s] INFO:colcon.colcon_core.shell:Skip shell extension 'powershell' for command environment: Not usable outside of PowerShell
[5.843s] DEBUG:colcon.colcon_core.shell:Skip shell extension 'dsv' for command environment
[6.014s] INFO:colcon.colcon_core.task.python.build:Building Python package in '/home/faseeh/ros2/ros2_ws/src/spherebot_slam'
[6.014s] INFO:colcon.colcon_core.shell:Skip shell extension 'powershell' for command environment: Not usable outside of PowerShell
[6.014s] DEBUG:colcon.colcon_core.shell:Skip shell extension 'dsv' for command environment
[6.193s] INFO:colcon.colcon_core.task.python.build:Building Python package in '/home/faseeh/ros2/ros2_ws/src/spherebot_teleop'
[6.194s] INFO:colcon.colcon_core.shell:Skip shell extension 'powershell' for command environment: Not usable outside of PowerShell
[6.194s] DEBUG:colcon.colcon_core.shell:Skip shell extension 'dsv' for command environment
[11.766s] DEBUG:colcon.colcon_core.event_handler.log_command:Invoking command in '/home/faseeh/ros2/ros2_ws/src/spherebot_description': DEBUGINFOD_URLS=https://debuginfod.ubuntu.com PYTHONPATH=/home/faseeh/ros2/ros2_ws/src/build/spherebot_description/prefix_override:/usr/lib/python3/dist-packages/colcon_core/task/python/colcon_distutils_commands:/home/faseeh/ros2/ros2_ws/src/install/spherebot_description/lib/python3.12/site-packages:${PYTHONPATH} /usr/bin/python3 -W ignore:setup.py install is deprecated -W ignore:easy_install command is deprecated setup.py egg_info --egg-base ../build/spherebot_description build --build-base /home/faseeh/ros2/ros2_ws/src/build/spherebot_description/build install --record /home/faseeh/ros2/ros2_ws/src/build/spherebot_description/install.log --single-version-externally-managed install_data
[11.768s] DEBUG:colcon.colcon_core.event_handler.log_command:Invoking command in '/home/faseeh/ros2/ros2_ws/src/spherebot_teleop': DEBUGINFOD_URLS=https://debuginfod.ubuntu.com PYTHONPATH=/home/faseeh/ros2/ros2_ws/src/build/spherebot_teleop/prefix_override:/usr/lib/python3/dist-packages/colcon_core/task/python/colcon_distutils_commands:/home/faseeh/ros2/ros2_ws/src/install/spherebot_teleop/lib/python3.12/site-packages:${PYTHONPATH} /usr/bin/python3 -W ignore:setup.py install is deprecated -W ignore:easy_install command is deprecated setup.py egg_info --egg-base ../build/spherebot_teleop build --build-base /home/faseeh/ros2/ros2_ws/src/build/spherebot_teleop/build install --record /home/faseeh/ros2/ros2_ws/src/build/spherebot_teleop/install.log --single-version-externally-managed install_data
[11.770s] DEBUG:colcon.colcon_core.event_handler.log_command:Invoking command in '/home/faseeh/ros2/ros2_ws/src/spherebot_slam': DEBUGINFOD_URLS=https://debuginfod.ubuntu.com PYTHONPATH=/home/faseeh/ros2/ros2_ws/src/build/spherebot_slam/prefix_override:/usr/lib/python3/dist-packages/colcon_core/task/python/colcon_distutils_commands:/home/faseeh/ros2/ros2_ws/src/install/spherebot_slam/lib/python3.12/site-packages:${PYTHONPATH} /usr/bin/python3 -W ignore:setup.py install is deprecated -W ignore:easy_install command is deprecated setup.py egg_info --egg-base ../build/spherebot_slam build --build-base /home/faseeh/ros2/ros2_ws/src/build/spherebot_slam/build install --record /home/faseeh/ros2/ros2_ws/src/build/spherebot_slam/install.log --single-version-externally-managed install_data
[12.175s] DEBUG:colcon.colcon_core.event_handler.log_command:Invoked command in '/home/faseeh/ros2/ros2_ws/src/spherebot_slam' returned '0': DEBUGINFOD_URLS=https://debuginfod.ubuntu.com PYTHONPATH=/home/faseeh/ros2/ros2_ws/src/build/spherebot_slam/prefix_override:/usr/lib/python3/dist-packages/colcon_core/task/python/colcon_distutils_commands:/home/faseeh/ros2/ros2_ws/src/install/spherebot_slam/lib/python3.12/site-packages:${PYTHONPATH} /usr/bin/python3 -W ignore:setup.py install is deprecated -W ignore:easy_install command is deprecated setup.py egg_info --egg-base ../build/spherebot_slam build --build-base /home/faseeh/ros2/ros2_ws/src/build/spherebot_slam/build install --record /home/faseeh/ros2/ros2_ws/src/build/spherebot_slam/install.log --single-version-externally-managed install_data
[12.251s] Level 1:colcon.colcon_core.environment:checking '/home/faseeh/ros2/ros2_ws/src/install/spherebot_slam' for CMake module files
[12.251s] Level 1:colcon.colcon_core.environment:checking '/home/faseeh/ros2/ros2_ws/src/install/spherebot_slam' for CMake config files
[12.251s] Level 1:colcon.colcon_core.environment:checking '/home/faseeh/ros2/ros2_ws/src/install/spherebot_slam/lib'
[12.252s] Level 1:colcon.colcon_core.environment:checking '/home/faseeh/ros2/ros2_ws/src/install/spherebot_slam/bin'
[12.252s] Level 1:colcon.colcon_core.environment:checking '/home/faseeh/ros2/ros2_ws/src/install/spherebot_slam/lib/pkgconfig/spherebot_slam.pc'
[12.252s] Level 1:colcon.colcon_core.environment:checking '/home/faseeh/ros2/ros2_ws/src/install/spherebot_slam/lib/python3.12/site-packages'
[12.252s] Level 1:colcon.colcon_core.shell:create_environment_hook('spherebot_slam', 'pythonpath')
[12.252s] INFO:colcon.colcon_core.shell:Creating environment hook '/home/faseeh/ros2/ros2_ws/src/install/spherebot_slam/share/spherebot_slam/hook/pythonpath.ps1'
[12.252s] INFO:colcon.colcon_core.shell:Creating environment descriptor '/home/faseeh/ros2/ros2_ws/src/install/spherebot_slam/share/spherebot_slam/hook/pythonpath.dsv'
[12.252s] INFO:colcon.colcon_core.shell:Creating environment hook '/home/faseeh/ros2/ros2_ws/src/install/spherebot_slam/share/spherebot_slam/hook/pythonpath.sh'
[12.253s] Level 1:colcon.colcon_core.environment:checking '/home/faseeh/ros2/ros2_ws/src/install/spherebot_slam/bin'
[12.253s] Level 1:colcon.colcon_core.environment:create_environment_scripts_only(spherebot_slam)
[12.253s] INFO:colcon.colcon_core.shell:Creating package script '/home/faseeh/ros2/ros2_ws/src/install/spherebot_slam/share/spherebot_slam/package.ps1'
[12.261s] INFO:colcon.colcon_core.shell:Creating package descriptor '/home/faseeh/ros2/ros2_ws/src/install/spherebot_slam/share/spherebot_slam/package.dsv'
[12.283s] INFO:colcon.colcon_core.shell:Creating package script '/home/faseeh/ros2/ros2_ws/src/install/spherebot_slam/share/spherebot_slam/package.sh'
[12.283s] INFO:colcon.colcon_core.shell:Creating package script '/home/faseeh/ros2/ros2_ws/src/install/spherebot_slam/share/spherebot_slam/package.bash'
[12.284s] INFO:colcon.colcon_core.shell:Creating package script '/home/faseeh/ros2/ros2_ws/src/install/spherebot_slam/share/spherebot_slam/package.zsh'
[12.285s] Level 1:colcon.colcon_core.environment:create_file_with_runtime_dependencies(/home/faseeh/ros2/ros2_ws/src/install/spherebot_slam/share/colcon-core/packages/spherebot_slam)
[12.286s] Level 1:colcon.colcon_core.environment:checking '/home/faseeh/ros2/ros2_ws/src/install/spherebot_description' for CMake module files
[12.286s] DEBUG:colcon.colcon_core.event_handler.log_command:Invoked command in '/home/faseeh/ros2/ros2_ws/src/spherebot_description' returned '0': DEBUGINFOD_URLS=https://debuginfod.ubuntu.com PYTHONPATH=/home/faseeh/ros2/ros2_ws/src/build/spherebot_description/prefix_override:/usr/lib/python3/dist-packages/colcon_core/task/python/colcon_distutils_commands:/home/faseeh/ros2/ros2_ws/src/install/spherebot_description/lib/python3.12/site-packages:${PYTHONPATH} /usr/bin/python3 -W ignore:setup.py install is deprecated -W ignore:easy_install command is deprecated setup.py egg_info --egg-base ../build/spherebot_description build --build-base /home/faseeh/ros2/ros2_ws/src/build/spherebot_description/build install --record /home/faseeh/ros2/ros2_ws/src/build/spherebot_description/install.log --single-version-externally-managed install_data
[12.287s] Level 1:colcon.colcon_core.environment:checking '/home/faseeh/ros2/ros2_ws/src/install/spherebot_description' for CMake config files
[12.287s] Level 1:colcon.colcon_core.environment:checking '/home/faseeh/ros2/ros2_ws/src/install/spherebot_description/lib'
[12.287s] Level 1:colcon.colcon_core.environment:checking '/home/faseeh/ros2/ros2_ws/src/install/spherebot_description/bin'
[12.287s] Level 1:colcon.colcon_core.environment:checking '/home/faseeh/ros2/ros2_ws/src/install/spherebot_description/lib/pkgconfig/spherebot_description.pc'
[12.287s] Level 1:colcon.colcon_core.environment:checking '/home/faseeh/ros2/ros2_ws/src/install/spherebot_description/lib/python3.12/site-packages'
[12.287s] Level 1:colcon.colcon_core.shell:create_environment_hook('spherebot_description', 'pythonpath')
[12.288s] INFO:colcon.colcon_core.shell:Creating environment hook '/home/faseeh/ros2/ros2_ws/src/install/spherebot_description/share/spherebot_description/hook/pythonpath.ps1'
[12.288s] INFO:colcon.colcon_core.shell:Creating environment descriptor '/home/faseeh/ros2/ros2_ws/src/install/spherebot_description/share/spherebot_description/hook/pythonpath.dsv'
[12.288s] INFO:colcon.colcon_core.shell:Creating environment hook '/home/faseeh/ros2/ros2_ws/src/install/spherebot_description/share/spherebot_description/hook/pythonpath.sh'
[12.289s] Level 1:colcon.colcon_core.environment:checking '/home/faseeh/ros2/ros2_ws/src/install/spherebot_description/bin'
[12.289s] Level 1:colcon.colcon_core.environment:create_environment_scripts_only(spherebot_description)
[12.289s] INFO:colcon.colcon_core.shell:Creating package script '/home/faseeh/ros2/ros2_ws/src/install/spherebot_description/share/spherebot_description/package.ps1'
[12.289s] INFO:colcon.colcon_core.shell:Creating package descriptor '/home/faseeh/ros2/ros2_ws/src/install/spherebot_description/share/spherebot_description/package.dsv'
[12.289s] INFO:colcon.colcon_core.shell:Creating package script '/home/faseeh/ros2/ros2_ws/src/install/spherebot_description/share/spherebot_description/package.sh'
[12.290s] INFO:colcon.colcon_core.shell:Creating package script '/home/faseeh/ros2/ros2_ws/src/install/spherebot_description/share/spherebot_description/package.bash'
[12.290s] INFO:colcon.colcon_core.shell:Creating package script '/home/faseeh/ros2/ros2_ws/src/install/spherebot_description/share/spherebot_description/package.zsh'
[12.290s] Level 1:colcon.colcon_core.environment:create_file_with_runtime_dependencies(/home/faseeh/ros2/ros2_ws/src/install/spherebot_description/share/colcon-core/packages/spherebot_description)
[12.290s] Level 1:colcon.colcon_core.environment:checking '/home/faseeh/ros2/ros2_ws/src/install/spherebot_teleop' for CMake module files
[12.291s] DEBUG:colcon.colcon_core.event_handler.log_command:Invoked command in '/home/faseeh/ros2/ros2_ws/src/spherebot_teleop' returned '0': DEBUGINFOD_URLS=https://debuginfod.ubuntu.com PYTHONPATH=/home/faseeh/ros2/ros2_ws/src/build/spherebot_teleop/prefix_override:/usr/lib/python3/dist-packages/colcon_core/task/python/colcon_distutils_commands:/home/faseeh/ros2/ros2_ws/src/install/spherebot_teleop/lib/python3.12/site-packages:${PYTHONPATH} /usr/bin/python3 -W ignore:setup.py install is deprecated -W ignore:easy_install command is deprecated setup.py egg_info --egg-base ../build/spherebot_teleop build --build-base /home/faseeh/ros2/ros2_ws/src/build/spherebot_teleop/build install --record /home/faseeh/ros2/ros2_ws/src/build/spherebot_teleop/install.log --single-version-externally-managed install_data
[12.291s] Level 1:colcon.colcon_core.environment:checking '/home/faseeh/ros2/ros2_ws/src/install/spherebot_teleop' for CMake config files
[12.291s] Level 1:colcon.colcon_core.environment:checking '/home/faseeh/ros2/ros2_ws/src/install/spherebot_teleop/lib'
[12.291s] Level 1:colcon.colcon_core.environment:checking '/home/faseeh/ros2/ros2_ws/src/install/spherebot_teleop/bin'
[12.291s] Level 1:colcon.colcon_core.environment:checking '/home/faseeh/ros2/ros2_ws/src/install/spherebot_teleop/lib/pkgconfig/spherebot_teleop.pc'
[12.292s] Level 1:colcon.colcon_core.environment:checking '/home/faseeh/ros2/ros2_ws/src/install/spherebot_teleop/lib/python3.12/site-packages'
[12.292s] Level 1:colcon.colcon_core.shell:create_environment_hook('spherebot_teleop', 'pythonpath')
[12.292s] INFO:colcon.colcon_core.shell:Creating environment hook '/home/faseeh/ros2/ros2_ws/src/install/spherebot_teleop/share/spherebot_teleop/hook/pythonpath.ps1'
[12.292s] INFO:colcon.colcon_core.shell:Creating environment descriptor '/home/faseeh/ros2/ros2_ws/src/install/spherebot_teleop/share/spherebot_teleop/hook/pythonpath.dsv'
[12.292s] INFO:colcon.colcon_core.shell:Creating environment hook '/home/faseeh/ros2/ros2_ws/src/install/spherebot_teleop/share/spherebot_teleop/hook/pythonpath.sh'
[12.293s] Level 1:colcon.colcon_core.environment:checking '/home/faseeh/ros2/ros2_ws/src/install/spherebot_teleop/bin'
[12.293s] Level 1:colcon.colcon_core.environment:create_environment_scripts_only(spherebot_teleop)
[12.293s] INFO:colcon.colcon_core.shell:Creating package script '/home/faseeh/ros2/ros2_ws/src/install/spherebot_teleop/share/spherebot_teleop/package.ps1'
[12.293s] INFO:colcon.colcon_core.shell:Creating package descriptor '/home/faseeh/ros2/ros2_ws/src/install/spherebot_teleop/share/spherebot_teleop/package.dsv'
[12.293s] INFO:colcon.colcon_core.shell:Creating package script '/home/faseeh/ros2/ros2_ws/src/install/spherebot_teleop/share/spherebot_teleop/package.sh'
[12.293s] INFO:colcon.colcon_core.shell:Creating package script '/home/faseeh/ros2/ros2_ws/src/install/spherebot_teleop/share/spherebot_teleop/package.bash'
[12.294s] INFO:colcon.colcon_core.shell:Creating package script '/home/faseeh/ros2/ros2_ws/src/install/spherebot_teleop/share/spherebot_teleop/package.zsh'
[12.294s] Level 1:colcon.colcon_core.environment:create_file_with_runtime_dependencies(/home/faseeh/ros2/ros2_ws/src/install/spherebot_teleop/share/colcon-core/packages/spherebot_teleop)
[12.294s] INFO:colcon.colcon_ros.task.ament_python.build:Building ROS package in '/home/faseeh/ros2/ros2_ws/src/spherebot_control' with build type 'ament_python'
[12.294s] Level 1:colcon.colcon_core.shell:create_environment_hook('spherebot_control', 'ament_prefix_path')
[12.294s] INFO:colcon.colcon_core.shell:Creating environment hook '/home/faseeh/ros2/ros2_ws/src/install/spherebot_control/share/spherebot_control/hook/ament_prefix_path.ps1'
[12.295s] INFO:colcon.colcon_core.shell:Creating environment descriptor '/home/faseeh/ros2/ros2_ws/src/install/spherebot_control/share/spherebot_control/hook/ament_prefix_path.dsv'
[12.295s] INFO:colcon.colcon_core.shell:Creating environment hook '/home/faseeh/ros2/ros2_ws/src/install/spherebot_control/share/spherebot_control/hook/ament_prefix_path.sh'
[12.295s] INFO:colcon.colcon_core.shell:Skip shell extension 'powershell' for command environment: Not usable outside of PowerShell
[12.295s] DEBUG:colcon.colcon_core.shell:Skip shell extension 'dsv' for command environment
[12.472s] INFO:colcon.colcon_core.task.python.build:Building Python package in '/home/faseeh/ros2/ros2_ws/src/spherebot_control'
[12.472s] INFO:colcon.colcon_core.shell:Skip shell extension 'powershell' for command environment: Not usable outside of PowerShell
[12.472s] DEBUG:colcon.colcon_core.shell:Skip shell extension 'dsv' for command environment
[12.855s] DEBUG:colcon.colcon_core.event_handler.log_command:Invoking command in '/home/faseeh/ros2/ros2_ws/src/spherebot_control': AMENT_PREFIX_PATH=/home/faseeh/ros2/ros2_ws/src/install/spherebot_description:${AMENT_PREFIX_PATH} DEBUGINFOD_URLS=https://debuginfod.ubuntu.com PYTHONPATH=/home/faseeh/ros2/ros2_ws/src/build/spherebot_control/prefix_override:/usr/lib/python3/dist-packages/colcon_core/task/python/colcon_distutils_commands:/home/faseeh/ros2/ros2_ws/src/install/spherebot_control/lib/python3.12/site-packages:/home/faseeh/ros2/ros2_ws/src/install/spherebot_description/lib/python3.12/site-packages:${PYTHONPATH} /usr/bin/python3 -W ignore:setup.py install is deprecated -W ignore:easy_install command is deprecated setup.py egg_info --egg-base ../build/spherebot_control build --build-base /home/faseeh/ros2/ros2_ws/src/build/spherebot_control/build install --record /home/faseeh/ros2/ros2_ws/src/build/spherebot_control/install.log --single-version-externally-managed install_data
[13.220s] Level 1:colcon.colcon_core.environment:checking '/home/faseeh/ros2/ros2_ws/src/install/spherebot_control' for CMake module files
[13.221s] DEBUG:colcon.colcon_core.event_handler.log_command:Invoked command in '/home/faseeh/ros2/ros2_ws/src/spherebot_control' returned '0': AMENT_PREFIX_PATH=/home/faseeh/ros2/ros2_ws/src/install/spherebot_description:${AMENT_PREFIX_PATH} DEBUGINFOD_URLS=https://debuginfod.ubuntu.com PYTHONPATH=/home/faseeh/ros2/ros2_ws/src/build/spherebot_control/prefix_override:/usr/lib/python3/dist-packages/colcon_core/task/python/colcon_distutils_commands:/home/faseeh/ros2/ros2_ws/src/install/spherebot_control/lib/python3.12/site-packages:/home/faseeh/ros2/ros2_ws/src/install/spherebot_description/lib/python3.12/site-packages:${PYTHONPATH} /usr/bin/python3 -W ignore:setup.py install is deprecated -W ignore:easy_install command is deprecated setup.py egg_info --egg-base ../build/spherebot_control build --build-base /home/faseeh/ros2/ros2_ws/src/build/spherebot_control/build install --record /home/faseeh/ros2/ros2_ws/src/build/spherebot_control/install.log --single-version-externally-managed install_data
[13.221s] Level 1:colcon.colcon_core.environment:checking '/home/faseeh/ros2/ros2_ws/src/install/spherebot_control' for CMake config files
[13.222s] Level 1:colcon.colcon_core.environment:checking '/home/faseeh/ros2/ros2_ws/src/install/spherebot_control/lib'
[13.222s] Level 1:colcon.colcon_core.environment:checking '/home/faseeh/ros2/ros2_ws/src/install/spherebot_control/bin'
[13.222s] Level 1:colcon.colcon_core.environment:checking '/home/faseeh/ros2/ros2_ws/src/install/spherebot_control/lib/pkgconfig/spherebot_control.pc'
[13.222s] Level 1:colcon.colcon_core.environment:checking '/home/faseeh/ros2/ros2_ws/src/install/spherebot_control/lib/python3.12/site-packages'
[13.222s] Level 1:colcon.colcon_core.shell:create_environment_hook('spherebot_control', 'pythonpath')
[13.222s] INFO:colcon.colcon_core.shell:Creating environment hook '/home/faseeh/ros2/ros2_ws/src/install/spherebot_control/share/spherebot_control/hook/pythonpath.ps1'
[13.223s] INFO:colcon.colcon_core.shell:Creating environment descriptor '/home/faseeh/ros2/ros2_ws/src/install/spherebot_control/share/spherebot_control/hook/pythonpath.dsv'
[13.223s] INFO:colcon.colcon_core.shell:Creating environment hook '/home/faseeh/ros2/ros2_ws/src/install/spherebot_control/share/spherebot_control/hook/pythonpath.sh'
[13.223s] Level 1:colcon.colcon_core.environment:checking '/home/faseeh/ros2/ros2_ws/src/install/spherebot_control/bin'
[13.223s] Level 1:colcon.colcon_core.environment:create_environment_scripts_only(spherebot_control)
[13.224s] INFO:colcon.colcon_core.shell:Creating package script '/home/faseeh/ros2/ros2_ws/src/install/spherebot_control/share/spherebot_control/package.ps1'
[13.224s] INFO:colcon.colcon_core.shell:Creating package descriptor '/home/faseeh/ros2/ros2_ws/src/install/spherebot_control/share/spherebot_control/package.dsv'
[13.224s] INFO:colcon.colcon_core.shell:Creating package script '/home/faseeh/ros2/ros2_ws/src/install/spherebot_control/share/spherebot_control/package.sh'
[13.224s] INFO:colcon.colcon_core.shell:Creating package script '/home/faseeh/ros2/ros2_ws/src/install/spherebot_control/share/spherebot_control/package.bash'
[13.224s] INFO:colcon.colcon_core.shell:Creating package script '/home/faseeh/ros2/ros2_ws/src/install/spherebot_control/share/spherebot_control/package.zsh'
[13.225s] Level 1:colcon.colcon_core.environment:create_file_with_runtime_dependencies(/home/faseeh/ros2/ros2_ws/src/install/spherebot_control/share/colcon-core/packages/spherebot_control)
[13.225s] INFO:colcon.colcon_ros.task.ament_python.build:Building ROS package in '/home/faseeh/ros2/ros2_ws/src/spherebot_gazebo' with build type 'ament_python'
[13.225s] Level 1:colcon.colcon_core.shell:create_environment_hook('spherebot_gazebo', 'ament_prefix_path')
[13.225s] INFO:colcon.colcon_core.shell:Creating environment hook '/home/faseeh/ros2/ros2_ws/src/install/spherebot_gazebo/share/spherebot_gazebo/hook/ament_prefix_path.ps1'
[13.226s] INFO:colcon.colcon_core.shell:Creating environment descriptor '/home/faseeh/ros2/ros2_ws/src/install/spherebot_gazebo/share/spherebot_gazebo/hook/ament_prefix_path.dsv'
[13.226s] INFO:colcon.colcon_core.shell:Creating environment hook '/home/faseeh/ros2/ros2_ws/src/install/spherebot_gazebo/share/spherebot_gazebo/hook/ament_prefix_path.sh'
[13.226s] INFO:colcon.colcon_core.shell:Skip shell extension 'powershell' for command environment: Not usable outside of PowerShell
[13.226s] DEBUG:colcon.colcon_core.shell:Skip shell extension 'dsv' for command environment
[13.392s] INFO:colcon.colcon_core.task.python.build:Building Python package in '/home/faseeh/ros2/ros2_ws/src/spherebot_gazebo'
[13.393s] INFO:colcon.colcon_core.shell:Skip shell extension 'powershell' for command environment: Not usable outside of PowerShell
[13.393s] DEBUG:colcon.colcon_core.shell:Skip shell extension 'dsv' for command environment
[13.787s] DEBUG:colcon.colcon_core.event_handler.log_command:Invoking command in '/home/faseeh/ros2/ros2_ws/src/spherebot_gazebo': AMENT_PREFIX_PATH=/home/faseeh/ros2/ros2_ws/src/install/spherebot_control:/home/faseeh/ros2/ros2_ws/src/install/spherebot_description:${AMENT_PREFIX_PATH} DEBUGINFOD_URLS=https://debuginfod.ubuntu.com PYTHONPATH=/home/faseeh/ros2/ros2_ws/src/build/spherebot_gazebo/prefix_override:/usr/lib/python3/dist-packages/colcon_core/task/python/colcon_distutils_commands:/home/faseeh/ros2/ros2_ws/src/install/spherebot_gazebo/lib/python3.12/site-packages:/home/faseeh/ros2/ros2_ws/src/install/spherebot_control/lib/python3.12/site-packages:/home/faseeh/ros2/ros2_ws/src/install/spherebot_description/lib/python3.12/site-packages:${PYTHONPATH} /usr/bin/python3 -W ignore:setup.py install is deprecated -W ignore:easy_install command is deprecated setup.py egg_info --egg-base ../build/spherebot_gazebo build --build-base /home/faseeh/ros2/ros2_ws/src/build/spherebot_gazebo/build install --record /home/faseeh/ros2/ros2_ws/src/build/spherebot_gazebo/install.log --single-version-externally-managed install_data
[14.182s] Level 1:colcon.colcon_core.environment:checking '/home/faseeh/ros2/ros2_ws/src/install/spherebot_gazebo' for CMake module files
[14.182s] DEBUG:colcon.colcon_core.event_handler.log_command:Invoked command in '/home/faseeh/ros2/ros2_ws/src/spherebot_gazebo' returned '0': AMENT_PREFIX_PATH=/home/faseeh/ros2/ros2_ws/src/install/spherebot_control:/home/faseeh/ros2/ros2_ws/src/install/spherebot_description:${AMENT_PREFIX_PATH} DEBUGINFOD_URLS=https://debuginfod.ubuntu.com PYTHONPATH=/home/faseeh/ros2/ros2_ws/src/build/spherebot_gazebo/prefix_override:/usr/lib/python3/dist-packages/colcon_core/task/python/colcon_distutils_commands:/home/faseeh/ros2/ros2_ws/src/install/spherebot_gazebo/lib/python3.12/site-packages:/home/faseeh/ros2/ros2_ws/src/install/spherebot_control/lib/python3.12/site-packages:/home/faseeh/ros2/ros2_ws/src/install/spherebot_description/lib/python3.12/site-packages:${PYTHONPATH} /usr/bin/python3 -W ignore:setup.py install is deprecated -W ignore:easy_install command is deprecated setup.py egg_info --egg-base ../build/spherebot_gazebo build --build-base /home/faseeh/ros2/ros2_ws/src/build/spherebot_gazebo/build install --record /home/faseeh/ros2/ros2_ws/src/build/spherebot_gazebo/install.log --single-version-externally-managed install_data
[14.182s] Level 1:colcon.colcon_core.environment:checking '/home/faseeh/ros2/ros2_ws/src/install/spherebot_gazebo' for CMake config files
[14.183s] Level 1:colcon.colcon_core.environment:checking '/home/faseeh/ros2/ros2_ws/src/install/spherebot_gazebo/lib'
[14.183s] Level 1:colcon.colcon_core.environment:checking '/home/faseeh/ros2/ros2_ws/src/install/spherebot_gazebo/bin'
[14.183s] Level 1:colcon.colcon_core.environment:checking '/home/faseeh/ros2/ros2_ws/src/install/spherebot_gazebo/lib/pkgconfig/spherebot_gazebo.pc'
[14.183s] Level 1:colcon.colcon_core.environment:checking '/home/faseeh/ros2/ros2_ws/src/install/spherebot_gazebo/lib/python3.12/site-packages'
[14.183s] Level 1:colcon.colcon_core.shell:create_environment_hook('spherebot_gazebo', 'pythonpath')
[14.183s] INFO:colcon.colcon_core.shell:Creating environment hook '/home/faseeh/ros2/ros2_ws/src/install/spherebot_gazebo/share/spherebot_gazebo/hook/pythonpath.ps1'
[14.183s] INFO:colcon.colcon_core.shell:Creating environment descriptor '/home/faseeh/ros2/ros2_ws/src/install/spherebot_gazebo/share/spherebot_gazebo/hook/pythonpath.dsv'
[14.183s] INFO:colcon.colcon_core.shell:Creating environment hook '/home/faseeh/ros2/ros2_ws/src/install/spherebot_gazebo/share/spherebot_gazebo/hook/pythonpath.sh'
[14.184s] Level 1:colcon.colcon_core.environment:checking '/home/faseeh/ros2/ros2_ws/src/install/spherebot_gazebo/bin'
[14.184s] Level 1:colcon.colcon_core.environment:create_environment_scripts_only(spherebot_gazebo)
[14.184s] INFO:colcon.colcon_core.shell:Creating package script '/home/faseeh/ros2/ros2_ws/src/install/spherebot_gazebo/share/spherebot_gazebo/package.ps1'
[14.184s] INFO:colcon.colcon_core.shell:Creating package descriptor '/home/faseeh/ros2/ros2_ws/src/install/spherebot_gazebo/share/spherebot_gazebo/package.dsv'
[14.185s] INFO:colcon.colcon_core.shell:Creating package script '/home/faseeh/ros2/ros2_ws/src/install/spherebot_gazebo/share/spherebot_gazebo/package.sh'
[14.185s] INFO:colcon.colcon_core.shell:Creating package script '/home/faseeh/ros2/ros2_ws/src/install/spherebot_gazebo/share/spherebot_gazebo/package.bash'
[14.185s] INFO:colcon.colcon_core.shell:Creating package script '/home/faseeh/ros2/ros2_ws/src/install/spherebot_gazebo/share/spherebot_gazebo/package.zsh'
[14.185s] Level 1:colcon.colcon_core.environment:create_file_with_runtime_dependencies(/home/faseeh/ros2/ros2_ws/src/install/spherebot_gazebo/share/colcon-core/packages/spherebot_gazebo)
[14.185s] DEBUG:colcon.colcon_parallel_executor.executor.parallel:closing loop
[14.186s] DEBUG:colcon.colcon_parallel_executor.executor.parallel:loop closed
[14.186s] DEBUG:colcon.colcon_parallel_executor.executor.parallel:run_until_complete finished with '0'
[14.186s] DEBUG:colcon.colcon_core.event_reactor:joining thread
[14.218s] INFO:colcon.colcon_core.plugin_system:Skipping extension 'colcon_notification.desktop_notification.terminal_notifier': Not used on non-Darwin systems
[14.219s] INFO:colcon.colcon_core.plugin_system:Skipping extension 'colcon_notification.desktop_notification.win32': Not used on non-Windows systems
[14.219s] INFO:colcon.colcon_notification.desktop_notification:Sending desktop notification using 'notify2'
[14.235s] DEBUG:colcon.colcon_core.event_reactor:joined thread
[14.235s] INFO:colcon.colcon_core.shell:Creating prefix script '/home/faseeh/ros2/ros2_ws/src/install/local_setup.ps1'
[14.236s] INFO:colcon.colcon_core.shell:Creating prefix util module '/home/faseeh/ros2/ros2_ws/src/install/_local_setup_util_ps1.py'
[14.237s] INFO:colcon.colcon_core.shell:Creating prefix chain script '/home/faseeh/ros2/ros2_ws/src/install/setup.ps1'
[14.238s] INFO:colcon.colcon_core.shell:Creating prefix script '/home/faseeh/ros2/ros2_ws/src/install/local_setup.sh'
[14.238s] INFO:colcon.colcon_core.shell:Creating prefix util module '/home/faseeh/ros2/ros2_ws/src/install/_local_setup_util_sh.py'
[14.239s] INFO:colcon.colcon_core.shell:Creating prefix chain script '/home/faseeh/ros2/ros2_ws/src/install/setup.sh'
[14.239s] INFO:colcon.colcon_core.shell:Creating prefix script '/home/faseeh/ros2/ros2_ws/src/install/local_setup.bash'
[14.240s] INFO:colcon.colcon_core.shell:Creating prefix chain script '/home/faseeh/ros2/ros2_ws/src/install/setup.bash'
[14.240s] INFO:colcon.colcon_core.shell:Creating prefix script '/home/faseeh/ros2/ros2_ws/src/install/local_setup.zsh'
[14.241s] INFO:colcon.colcon_core.shell:Creating prefix chain script '/home/faseeh/ros2/ros2_ws/src/install/setup.zsh'
