[0.114s] DEBUG:colcon:Command line arguments: ['/usr/bin/colcon', 'build', '--packages-select', 'spherebot_navigation', '--symlink-install']
[0.114s] DEBUG:colcon:Parsed command line arguments: Namespace(log_base=None, log_level=None, verb_name='build', build_base='build', install_base='install', merge_install=False, symlink_install=True, test_result_base=None, continue_on_error=False, executor='parallel', parallel_workers=8, event_handlers=None, ignore_user_meta=False, metas=['./colcon.meta'], base_paths=['.'], packages_ignore=None, packages_ignore_regex=None, paths=None, packages_up_to=None, packages_up_to_regex=None, packages_above=None, packages_above_and_dependencies=None, packages_above_depth=None, packages_select_by_dep=None, packages_skip_by_dep=None, packages_skip_up_to=None, packages_select_build_failed=False, packages_skip_build_finished=False, packages_select_test_failures=False, packages_skip_test_passed=False, packages_select=['spherebot_navigation'], packages_skip=None, packages_select_regex=None, packages_skip_regex=None, packages_start=None, packages_end=None, allow_overriding=[], cmake_args=None, cmake_target=None, cmake_target_skip_unavailable=False, cmake_clean_cache=False, cmake_clean_first=False, cmake_force_configure=False, ament_cmake_args=None, catkin_cmake_args=None, catkin_skip_building_tests=False, verb_parser=<colcon_defaults.argument_parser.defaults.DefaultArgumentsDecorator object at 0x7afc2ec8b410>, verb_extension=<colcon_core.verb.build.BuildVerb object at 0x7afc2edabdd0>, main=<bound method BuildVerb.main of <colcon_core.verb.build.BuildVerb object at 0x7afc2edabdd0>>)
[0.153s] Level 1:colcon.colcon_core.package_discovery:discover_packages(colcon_meta) check parameters
[0.154s] Level 1:colcon.colcon_core.package_discovery:discover_packages(recursive) check parameters
[0.154s] Level 1:colcon.colcon_core.package_discovery:discover_packages(ignore) check parameters
[0.154s] Level 1:colcon.colcon_core.package_discovery:discover_packages(path) check parameters
[0.154s] Level 1:colcon.colcon_core.package_discovery:discover_packages(colcon_meta) discover
[0.154s] Level 1:colcon.colcon_core.package_discovery:discover_packages(recursive) discover
[0.154s] INFO:colcon.colcon_core.package_discovery:Crawling recursively for packages in '/home/faseeh/ros2/ros2_ws/src'
[0.154s] Level 1:colcon.colcon_core.package_identification:_identify(.) by extensions ['ignore', 'ignore_ament_install']
[0.154s] Level 1:colcon.colcon_core.package_identification:_identify(.) by extension 'ignore'
[0.154s] Level 1:colcon.colcon_core.package_identification:_identify(.) by extension 'ignore_ament_install'
[0.154s] Level 1:colcon.colcon_core.package_identification:_identify(.) by extensions ['colcon_pkg']
[0.154s] Level 1:colcon.colcon_core.package_identification:_identify(.) by extension 'colcon_pkg'
[0.154s] Level 1:colcon.colcon_core.package_identification:_identify(.) by extensions ['colcon_meta']
[0.154s] Level 1:colcon.colcon_core.package_identification:_identify(.) by extension 'colcon_meta'
[0.154s] Level 1:colcon.colcon_core.package_identification:_identify(.) by extensions ['ros']
[0.154s] Level 1:colcon.colcon_core.package_identification:_identify(.) by extension 'ros'
[0.183s] Level 1:colcon.colcon_core.package_identification:_identify(.) by extensions ['cmake', 'python']
[0.183s] Level 1:colcon.colcon_core.package_identification:_identify(.) by extension 'cmake'
[0.183s] Level 1:colcon.colcon_core.package_identification:_identify(.) by extension 'python'
[0.183s] Level 1:colcon.colcon_core.package_identification:_identify(.) by extensions ['python_setup_py']
[0.183s] Level 1:colcon.colcon_core.package_identification:_identify(.) by extension 'python_setup_py'
[0.183s] Level 1:colcon.colcon_core.package_identification:_identify(build) by extensions ['ignore', 'ignore_ament_install']
[0.183s] Level 1:colcon.colcon_core.package_identification:_identify(build) by extension 'ignore'
[0.183s] Level 1:colcon.colcon_core.package_identification:_identify(build) ignored
[0.183s] Level 1:colcon.colcon_core.package_identification:_identify(install) by extensions ['ignore', 'ignore_ament_install']
[0.183s] Level 1:colcon.colcon_core.package_identification:_identify(install) by extension 'ignore'
[0.183s] Level 1:colcon.colcon_core.package_identification:_identify(install) ignored
[0.183s] Level 1:colcon.colcon_core.package_identification:_identify(log) by extensions ['ignore', 'ignore_ament_install']
[0.183s] Level 1:colcon.colcon_core.package_identification:_identify(log) by extension 'ignore'
[0.183s] Level 1:colcon.colcon_core.package_identification:_identify(log) ignored
[0.183s] Level 1:colcon.colcon_core.package_identification:_identify(spherebot_control) by extensions ['ignore', 'ignore_ament_install']
[0.184s] Level 1:colcon.colcon_core.package_identification:_identify(spherebot_control) by extension 'ignore'
[0.184s] Level 1:colcon.colcon_core.package_identification:_identify(spherebot_control) by extension 'ignore_ament_install'
[0.184s] Level 1:colcon.colcon_core.package_identification:_identify(spherebot_control) by extensions ['colcon_pkg']
[0.184s] Level 1:colcon.colcon_core.package_identification:_identify(spherebot_control) by extension 'colcon_pkg'
[0.184s] Level 1:colcon.colcon_core.package_identification:_identify(spherebot_control) by extensions ['colcon_meta']
[0.184s] Level 1:colcon.colcon_core.package_identification:_identify(spherebot_control) by extension 'colcon_meta'
[0.184s] Level 1:colcon.colcon_core.package_identification:_identify(spherebot_control) by extensions ['ros']
[0.184s] Level 1:colcon.colcon_core.package_identification:_identify(spherebot_control) by extension 'ros'
[0.186s] DEBUG:colcon.colcon_core.package_identification:Package 'spherebot_control' with type 'ros.ament_python' and name 'spherebot_control'
[0.186s] Level 1:colcon.colcon_core.package_identification:_identify(spherebot_description) by extensions ['ignore', 'ignore_ament_install']
[0.186s] Level 1:colcon.colcon_core.package_identification:_identify(spherebot_description) by extension 'ignore'
[0.186s] Level 1:colcon.colcon_core.package_identification:_identify(spherebot_description) by extension 'ignore_ament_install'
[0.186s] Level 1:colcon.colcon_core.package_identification:_identify(spherebot_description) by extensions ['colcon_pkg']
[0.186s] Level 1:colcon.colcon_core.package_identification:_identify(spherebot_description) by extension 'colcon_pkg'
[0.186s] Level 1:colcon.colcon_core.package_identification:_identify(spherebot_description) by extensions ['colcon_meta']
[0.186s] Level 1:colcon.colcon_core.package_identification:_identify(spherebot_description) by extension 'colcon_meta'
[0.186s] Level 1:colcon.colcon_core.package_identification:_identify(spherebot_description) by extensions ['ros']
[0.186s] Level 1:colcon.colcon_core.package_identification:_identify(spherebot_description) by extension 'ros'
[0.186s] DEBUG:colcon.colcon_core.package_identification:Package 'spherebot_description' with type 'ros.ament_python' and name 'spherebot_description'
[0.186s] Level 1:colcon.colcon_core.package_identification:_identify(spherebot_gazebo) by extensions ['ignore', 'ignore_ament_install']
[0.186s] Level 1:colcon.colcon_core.package_identification:_identify(spherebot_gazebo) by extension 'ignore'
[0.187s] Level 1:colcon.colcon_core.package_identification:_identify(spherebot_gazebo) by extension 'ignore_ament_install'
[0.187s] Level 1:colcon.colcon_core.package_identification:_identify(spherebot_gazebo) by extensions ['colcon_pkg']
[0.187s] Level 1:colcon.colcon_core.package_identification:_identify(spherebot_gazebo) by extension 'colcon_pkg'
[0.187s] Level 1:colcon.colcon_core.package_identification:_identify(spherebot_gazebo) by extensions ['colcon_meta']
[0.187s] Level 1:colcon.colcon_core.package_identification:_identify(spherebot_gazebo) by extension 'colcon_meta'
[0.187s] Level 1:colcon.colcon_core.package_identification:_identify(spherebot_gazebo) by extensions ['ros']
[0.187s] Level 1:colcon.colcon_core.package_identification:_identify(spherebot_gazebo) by extension 'ros'
[0.187s] DEBUG:colcon.colcon_core.package_identification:Package 'spherebot_gazebo' with type 'ros.ament_python' and name 'spherebot_gazebo'
[0.187s] Level 1:colcon.colcon_core.package_identification:_identify(spherebot_navigation) by extensions ['ignore', 'ignore_ament_install']
[0.187s] Level 1:colcon.colcon_core.package_identification:_identify(spherebot_navigation) by extension 'ignore'
[0.187s] Level 1:colcon.colcon_core.package_identification:_identify(spherebot_navigation) by extension 'ignore_ament_install'
[0.187s] Level 1:colcon.colcon_core.package_identification:_identify(spherebot_navigation) by extensions ['colcon_pkg']
[0.187s] Level 1:colcon.colcon_core.package_identification:_identify(spherebot_navigation) by extension 'colcon_pkg'
[0.187s] Level 1:colcon.colcon_core.package_identification:_identify(spherebot_navigation) by extensions ['colcon_meta']
[0.187s] Level 1:colcon.colcon_core.package_identification:_identify(spherebot_navigation) by extension 'colcon_meta'
[0.187s] Level 1:colcon.colcon_core.package_identification:_identify(spherebot_navigation) by extensions ['ros']
[0.187s] Level 1:colcon.colcon_core.package_identification:_identify(spherebot_navigation) by extension 'ros'
[0.188s] DEBUG:colcon.colcon_core.package_identification:Package 'spherebot_navigation' with type 'ros.ament_python' and name 'spherebot_navigation'
[0.188s] Level 1:colcon.colcon_core.package_identification:_identify(spherebot_slam) by extensions ['ignore', 'ignore_ament_install']
[0.188s] Level 1:colcon.colcon_core.package_identification:_identify(spherebot_slam) by extension 'ignore'
[0.188s] Level 1:colcon.colcon_core.package_identification:_identify(spherebot_slam) by extension 'ignore_ament_install'
[0.188s] Level 1:colcon.colcon_core.package_identification:_identify(spherebot_slam) by extensions ['colcon_pkg']
[0.188s] Level 1:colcon.colcon_core.package_identification:_identify(spherebot_slam) by extension 'colcon_pkg'
[0.188s] Level 1:colcon.colcon_core.package_identification:_identify(spherebot_slam) by extensions ['colcon_meta']
[0.188s] Level 1:colcon.colcon_core.package_identification:_identify(spherebot_slam) by extension 'colcon_meta'
[0.188s] Level 1:colcon.colcon_core.package_identification:_identify(spherebot_slam) by extensions ['ros']
[0.188s] Level 1:colcon.colcon_core.package_identification:_identify(spherebot_slam) by extension 'ros'
[0.189s] DEBUG:colcon.colcon_core.package_identification:Package 'spherebot_slam' with type 'ros.ament_python' and name 'spherebot_slam'
[0.189s] Level 1:colcon.colcon_core.package_identification:_identify(spherebot_teleop) by extensions ['ignore', 'ignore_ament_install']
[0.189s] Level 1:colcon.colcon_core.package_identification:_identify(spherebot_teleop) by extension 'ignore'
[0.189s] Level 1:colcon.colcon_core.package_identification:_identify(spherebot_teleop) by extension 'ignore_ament_install'
[0.189s] Level 1:colcon.colcon_core.package_identification:_identify(spherebot_teleop) by extensions ['colcon_pkg']
[0.189s] Level 1:colcon.colcon_core.package_identification:_identify(spherebot_teleop) by extension 'colcon_pkg'
[0.189s] Level 1:colcon.colcon_core.package_identification:_identify(spherebot_teleop) by extensions ['colcon_meta']
[0.189s] Level 1:colcon.colcon_core.package_identification:_identify(spherebot_teleop) by extension 'colcon_meta'
[0.189s] Level 1:colcon.colcon_core.package_identification:_identify(spherebot_teleop) by extensions ['ros']
[0.189s] Level 1:colcon.colcon_core.package_identification:_identify(spherebot_teleop) by extension 'ros'
[0.189s] DEBUG:colcon.colcon_core.package_identification:Package 'spherebot_teleop' with type 'ros.ament_python' and name 'spherebot_teleop'
[0.189s] Level 1:colcon.colcon_core.package_discovery:discover_packages(recursive) using defaults
[0.190s] Level 1:colcon.colcon_core.package_discovery:discover_packages(ignore) discover
[0.190s] Level 1:colcon.colcon_core.package_discovery:discover_packages(ignore) using defaults
[0.190s] Level 1:colcon.colcon_core.package_discovery:discover_packages(path) discover
[0.190s] Level 1:colcon.colcon_core.package_discovery:discover_packages(path) using defaults
[0.204s] INFO:colcon.colcon_core.package_selection:Skipping not selected package 'spherebot_description' in 'spherebot_description'
[0.204s] INFO:colcon.colcon_core.package_selection:Skipping not selected package 'spherebot_slam' in 'spherebot_slam'
[0.204s] INFO:colcon.colcon_core.package_selection:Skipping not selected package 'spherebot_teleop' in 'spherebot_teleop'
[0.205s] INFO:colcon.colcon_core.package_selection:Skipping not selected package 'spherebot_control' in 'spherebot_control'
[0.205s] INFO:colcon.colcon_core.package_selection:Skipping not selected package 'spherebot_gazebo' in 'spherebot_gazebo'
[0.205s] Level 1:colcon.colcon_core.package_discovery:discover_packages(prefix_path) check parameters
[0.205s] Level 1:colcon.colcon_core.package_discovery:discover_packages(prefix_path) discover
[0.207s] DEBUG:colcon.colcon_installed_package_information.package_discovery:Found 492 installed packages in /opt/ros/jazzy
[0.209s] Level 1:colcon.colcon_core.package_discovery:discover_packages(prefix_path) using defaults
[0.263s] Level 5:colcon.colcon_core.verb:set package 'spherebot_navigation' build argument 'cmake_args' from command line to 'None'
[0.263s] Level 5:colcon.colcon_core.verb:set package 'spherebot_navigation' build argument 'cmake_target' from command line to 'None'
[0.263s] Level 5:colcon.colcon_core.verb:set package 'spherebot_navigation' build argument 'cmake_target_skip_unavailable' from command line to 'False'
[0.264s] Level 5:colcon.colcon_core.verb:set package 'spherebot_navigation' build argument 'cmake_clean_cache' from command line to 'False'
[0.264s] Level 5:colcon.colcon_core.verb:set package 'spherebot_navigation' build argument 'cmake_clean_first' from command line to 'False'
[0.264s] Level 5:colcon.colcon_core.verb:set package 'spherebot_navigation' build argument 'cmake_force_configure' from command line to 'False'
[0.264s] Level 5:colcon.colcon_core.verb:set package 'spherebot_navigation' build argument 'ament_cmake_args' from command line to 'None'
[0.264s] Level 5:colcon.colcon_core.verb:set package 'spherebot_navigation' build argument 'catkin_cmake_args' from command line to 'None'
[0.264s] Level 5:colcon.colcon_core.verb:set package 'spherebot_navigation' build argument 'catkin_skip_building_tests' from command line to 'False'
[0.264s] DEBUG:colcon.colcon_core.verb:Building package 'spherebot_navigation' with the following arguments: {'ament_cmake_args': None, 'build_base': '/home/faseeh/ros2/ros2_ws/src/build/spherebot_navigation', 'catkin_cmake_args': None, 'catkin_skip_building_tests': False, 'cmake_args': None, 'cmake_clean_cache': False, 'cmake_clean_first': False, 'cmake_force_configure': False, 'cmake_target': None, 'cmake_target_skip_unavailable': False, 'install_base': '/home/faseeh/ros2/ros2_ws/src/install/spherebot_navigation', 'merge_install': False, 'path': '/home/faseeh/ros2/ros2_ws/src/spherebot_navigation', 'symlink_install': True, 'test_result_base': None}
[0.264s] INFO:colcon.colcon_core.executor:Executing jobs using 'parallel' executor
[0.265s] DEBUG:colcon.colcon_parallel_executor.executor.parallel:run_until_complete
[0.265s] INFO:colcon.colcon_ros.task.ament_python.build:Building ROS package in '/home/faseeh/ros2/ros2_ws/src/spherebot_navigation' with build type 'ament_python'
[0.265s] Level 1:colcon.colcon_core.shell:create_environment_hook('spherebot_navigation', 'ament_prefix_path')
[0.267s] INFO:colcon.colcon_core.plugin_system:Skipping extension 'colcon_core.shell.bat': Not used on non-Windows systems
[0.267s] INFO:colcon.colcon_core.shell:Creating environment hook '/home/faseeh/ros2/ros2_ws/src/install/spherebot_navigation/share/spherebot_navigation/hook/ament_prefix_path.ps1'
[0.268s] INFO:colcon.colcon_core.shell:Creating environment descriptor '/home/faseeh/ros2/ros2_ws/src/install/spherebot_navigation/share/spherebot_navigation/hook/ament_prefix_path.dsv'
[0.268s] INFO:colcon.colcon_core.shell:Creating environment hook '/home/faseeh/ros2/ros2_ws/src/install/spherebot_navigation/share/spherebot_navigation/hook/ament_prefix_path.sh'
[0.269s] INFO:colcon.colcon_core.shell:Skip shell extension 'powershell' for command environment: Not usable outside of PowerShell
[0.269s] DEBUG:colcon.colcon_core.shell:Skip shell extension 'dsv' for command environment
[0.454s] INFO:colcon.colcon_core.task.python.build:Building Python package in '/home/faseeh/ros2/ros2_ws/src/spherebot_navigation'
[0.454s] INFO:colcon.colcon_core.shell:Skip shell extension 'powershell' for command environment: Not usable outside of PowerShell
[0.454s] DEBUG:colcon.colcon_core.shell:Skip shell extension 'dsv' for command environment
[0.920s] DEBUG:colcon.colcon_core.event_handler.log_command:Invoking command in '/home/faseeh/ros2/ros2_ws/src/build/spherebot_navigation': DEBUGINFOD_URLS=https://debuginfod.ubuntu.com PYTHONPATH=/home/faseeh/ros2/ros2_ws/src/build/spherebot_navigation/prefix_override:/usr/lib/python3/dist-packages/colcon_core/task/python/colcon_distutils_commands:/home/faseeh/ros2/ros2_ws/src/install/spherebot_navigation/lib/python3.12/site-packages:${PYTHONPATH} /usr/bin/python3 -W ignore:setup.py install is deprecated -W ignore:easy_install command is deprecated setup.py develop --editable --build-directory /home/faseeh/ros2/ros2_ws/src/build/spherebot_navigation/build --no-deps symlink_data
[1.438s] Level 1:colcon.colcon_core.shell:create_environment_hook('spherebot_navigation', 'pythonpath_develop')
[1.438s] INFO:colcon.colcon_core.shell:Creating environment hook '/home/faseeh/ros2/ros2_ws/src/build/spherebot_navigation/share/spherebot_navigation/hook/pythonpath_develop.ps1'
[1.439s] DEBUG:colcon.colcon_core.event_handler.log_command:Invoked command in '/home/faseeh/ros2/ros2_ws/src/build/spherebot_navigation' returned '0': DEBUGINFOD_URLS=https://debuginfod.ubuntu.com PYTHONPATH=/home/faseeh/ros2/ros2_ws/src/build/spherebot_navigation/prefix_override:/usr/lib/python3/dist-packages/colcon_core/task/python/colcon_distutils_commands:/home/faseeh/ros2/ros2_ws/src/install/spherebot_navigation/lib/python3.12/site-packages:${PYTHONPATH} /usr/bin/python3 -W ignore:setup.py install is deprecated -W ignore:easy_install command is deprecated setup.py develop --editable --build-directory /home/faseeh/ros2/ros2_ws/src/build/spherebot_navigation/build --no-deps symlink_data
[1.439s] INFO:colcon.colcon_core.shell:Creating environment descriptor '/home/faseeh/ros2/ros2_ws/src/build/spherebot_navigation/share/spherebot_navigation/hook/pythonpath_develop.dsv'
[1.439s] INFO:colcon.colcon_core.shell:Creating environment hook '/home/faseeh/ros2/ros2_ws/src/build/spherebot_navigation/share/spherebot_navigation/hook/pythonpath_develop.sh'
[1.441s] Level 1:colcon.colcon_core.environment:checking '/home/faseeh/ros2/ros2_ws/src/install/spherebot_navigation' for CMake module files
[1.441s] Level 1:colcon.colcon_core.environment:checking '/home/faseeh/ros2/ros2_ws/src/install/spherebot_navigation' for CMake config files
[1.442s] Level 1:colcon.colcon_core.environment:checking '/home/faseeh/ros2/ros2_ws/src/install/spherebot_navigation/lib'
[1.442s] Level 1:colcon.colcon_core.environment:checking '/home/faseeh/ros2/ros2_ws/src/install/spherebot_navigation/bin'
[1.442s] Level 1:colcon.colcon_core.environment:checking '/home/faseeh/ros2/ros2_ws/src/install/spherebot_navigation/lib/pkgconfig/spherebot_navigation.pc'
[1.442s] Level 1:colcon.colcon_core.environment:checking '/home/faseeh/ros2/ros2_ws/src/install/spherebot_navigation/lib/python3.12/site-packages'
[1.442s] Level 1:colcon.colcon_core.shell:create_environment_hook('spherebot_navigation', 'pythonpath')
[1.442s] INFO:colcon.colcon_core.shell:Creating environment hook '/home/faseeh/ros2/ros2_ws/src/install/spherebot_navigation/share/spherebot_navigation/hook/pythonpath.ps1'
[1.443s] INFO:colcon.colcon_core.shell:Creating environment descriptor '/home/faseeh/ros2/ros2_ws/src/install/spherebot_navigation/share/spherebot_navigation/hook/pythonpath.dsv'
[1.443s] INFO:colcon.colcon_core.shell:Creating environment hook '/home/faseeh/ros2/ros2_ws/src/install/spherebot_navigation/share/spherebot_navigation/hook/pythonpath.sh'
[1.443s] Level 1:colcon.colcon_core.environment:checking '/home/faseeh/ros2/ros2_ws/src/install/spherebot_navigation/bin'
[1.443s] Level 1:colcon.colcon_core.environment:create_environment_scripts_only(spherebot_navigation)
[1.444s] INFO:colcon.colcon_core.shell:Creating package script '/home/faseeh/ros2/ros2_ws/src/install/spherebot_navigation/share/spherebot_navigation/package.ps1'
[1.444s] INFO:colcon.colcon_core.shell:Creating package descriptor '/home/faseeh/ros2/ros2_ws/src/install/spherebot_navigation/share/spherebot_navigation/package.dsv'
[1.444s] INFO:colcon.colcon_core.shell:Creating package script '/home/faseeh/ros2/ros2_ws/src/install/spherebot_navigation/share/spherebot_navigation/package.sh'
[1.445s] INFO:colcon.colcon_core.shell:Creating package script '/home/faseeh/ros2/ros2_ws/src/install/spherebot_navigation/share/spherebot_navigation/package.bash'
[1.445s] INFO:colcon.colcon_core.shell:Creating package script '/home/faseeh/ros2/ros2_ws/src/install/spherebot_navigation/share/spherebot_navigation/package.zsh'
[1.446s] Level 1:colcon.colcon_core.environment:create_file_with_runtime_dependencies(/home/faseeh/ros2/ros2_ws/src/install/spherebot_navigation/share/colcon-core/packages/spherebot_navigation)
[1.446s] DEBUG:colcon.colcon_parallel_executor.executor.parallel:closing loop
[1.446s] DEBUG:colcon.colcon_parallel_executor.executor.parallel:loop closed
[1.446s] DEBUG:colcon.colcon_parallel_executor.executor.parallel:run_until_complete finished with '0'
[1.446s] DEBUG:colcon.colcon_core.event_reactor:joining thread
[1.465s] INFO:colcon.colcon_core.plugin_system:Skipping extension 'colcon_notification.desktop_notification.terminal_notifier': Not used on non-Darwin systems
[1.465s] INFO:colcon.colcon_core.plugin_system:Skipping extension 'colcon_notification.desktop_notification.win32': Not used on non-Windows systems
[1.465s] INFO:colcon.colcon_notification.desktop_notification:Sending desktop notification using 'notify2'
[1.479s] DEBUG:colcon.colcon_core.event_reactor:joined thread
[1.479s] INFO:colcon.colcon_core.shell:Creating prefix script '/home/faseeh/ros2/ros2_ws/src/install/local_setup.ps1'
[1.480s] INFO:colcon.colcon_core.shell:Creating prefix util module '/home/faseeh/ros2/ros2_ws/src/install/_local_setup_util_ps1.py'
[1.481s] INFO:colcon.colcon_core.shell:Creating prefix chain script '/home/faseeh/ros2/ros2_ws/src/install/setup.ps1'
[1.481s] INFO:colcon.colcon_core.shell:Creating prefix script '/home/faseeh/ros2/ros2_ws/src/install/local_setup.sh'
[1.482s] INFO:colcon.colcon_core.shell:Creating prefix util module '/home/faseeh/ros2/ros2_ws/src/install/_local_setup_util_sh.py'
[1.482s] INFO:colcon.colcon_core.shell:Creating prefix chain script '/home/faseeh/ros2/ros2_ws/src/install/setup.sh'
[1.484s] INFO:colcon.colcon_core.shell:Creating prefix script '/home/faseeh/ros2/ros2_ws/src/install/local_setup.bash'
[1.486s] INFO:colcon.colcon_core.shell:Creating prefix chain script '/home/faseeh/ros2/ros2_ws/src/install/setup.bash'
[1.487s] INFO:colcon.colcon_core.shell:Creating prefix script '/home/faseeh/ros2/ros2_ws/src/install/local_setup.zsh'
[1.488s] INFO:colcon.colcon_core.shell:Creating prefix chain script '/home/faseeh/ros2/ros2_ws/src/install/setup.zsh'
