[0.087s] DEBUG:colcon:Command line arguments: ['/usr/bin/colcon', 'build', '--packages-select', 'spherebot_navigation', '--symlink-install', '--build-base', '../build', '--install-base', '../install']
[0.087s] DEBUG:colcon:Parsed command line arguments: Namespace(log_base=None, log_level=None, verb_name='build', build_base='/home/faseeh/ros2/ros2_ws/build', install_base='/home/faseeh/ros2/ros2_ws/install', merge_install=False, symlink_install=True, test_result_base=None, continue_on_error=False, executor='parallel', parallel_workers=8, event_handlers=None, ignore_user_meta=False, metas=['./colcon.meta'], base_paths=['.'], packages_ignore=None, packages_ignore_regex=None, paths=None, packages_up_to=None, packages_up_to_regex=None, packages_above=None, packages_above_and_dependencies=None, packages_above_depth=None, packages_select_by_dep=None, packages_skip_by_dep=None, packages_skip_up_to=None, packages_select_build_failed=False, packages_skip_build_finished=False, packages_select_test_failures=False, packages_skip_test_passed=False, packages_select=['spherebot_navigation'], packages_skip=None, packages_select_regex=None, packages_skip_regex=None, packages_start=None, packages_end=None, allow_overriding=[], cmake_args=None, cmake_target=None, cmake_target_skip_unavailable=False, cmake_clean_cache=False, cmake_clean_first=False, cmake_force_configure=False, ament_cmake_args=None, catkin_cmake_args=None, catkin_skip_building_tests=False, verb_parser=<colcon_defaults.argument_parser.defaults.DefaultArgumentsDecorator object at 0x7390aa9872c0>, verb_extension=<colcon_core.verb.build.BuildVerb object at 0x7390aaaa7fb0>, main=<bound method BuildVerb.main of <colcon_core.verb.build.BuildVerb object at 0x7390aaaa7fb0>>)
[0.121s] Level 1:colcon.colcon_core.package_discovery:discover_packages(colcon_meta) check parameters
[0.122s] Level 1:colcon.colcon_core.package_discovery:discover_packages(recursive) check parameters
[0.122s] Level 1:colcon.colcon_core.package_discovery:discover_packages(ignore) check parameters
[0.122s] Level 1:colcon.colcon_core.package_discovery:discover_packages(path) check parameters
[0.122s] Level 1:colcon.colcon_core.package_discovery:discover_packages(colcon_meta) discover
[0.122s] Level 1:colcon.colcon_core.package_discovery:discover_packages(recursive) discover
[0.122s] INFO:colcon.colcon_core.package_discovery:Crawling recursively for packages in '/home/faseeh/ros2/ros2_ws/src'
[0.122s] Level 1:colcon.colcon_core.package_identification:_identify(.) by extensions ['ignore', 'ignore_ament_install']
[0.122s] Level 1:colcon.colcon_core.package_identification:_identify(.) by extension 'ignore'
[0.122s] Level 1:colcon.colcon_core.package_identification:_identify(.) by extension 'ignore_ament_install'
[0.122s] Level 1:colcon.colcon_core.package_identification:_identify(.) by extensions ['colcon_pkg']
[0.122s] Level 1:colcon.colcon_core.package_identification:_identify(.) by extension 'colcon_pkg'
[0.122s] Level 1:colcon.colcon_core.package_identification:_identify(.) by extensions ['colcon_meta']
[0.122s] Level 1:colcon.colcon_core.package_identification:_identify(.) by extension 'colcon_meta'
[0.122s] Level 1:colcon.colcon_core.package_identification:_identify(.) by extensions ['ros']
[0.122s] Level 1:colcon.colcon_core.package_identification:_identify(.) by extension 'ros'
[0.146s] Level 1:colcon.colcon_core.package_identification:_identify(.) by extensions ['cmake', 'python']
[0.146s] Level 1:colcon.colcon_core.package_identification:_identify(.) by extension 'cmake'
[0.146s] Level 1:colcon.colcon_core.package_identification:_identify(.) by extension 'python'
[0.146s] Level 1:colcon.colcon_core.package_identification:_identify(.) by extensions ['python_setup_py']
[0.147s] Level 1:colcon.colcon_core.package_identification:_identify(.) by extension 'python_setup_py'
[0.147s] Level 1:colcon.colcon_core.package_identification:_identify(build) by extensions ['ignore', 'ignore_ament_install']
[0.147s] Level 1:colcon.colcon_core.package_identification:_identify(build) by extension 'ignore'
[0.147s] Level 1:colcon.colcon_core.package_identification:_identify(build) ignored
[0.147s] Level 1:colcon.colcon_core.package_identification:_identify(install) by extensions ['ignore', 'ignore_ament_install']
[0.147s] Level 1:colcon.colcon_core.package_identification:_identify(install) by extension 'ignore'
[0.147s] Level 1:colcon.colcon_core.package_identification:_identify(install) ignored
[0.147s] Level 1:colcon.colcon_core.package_identification:_identify(log) by extensions ['ignore', 'ignore_ament_install']
[0.147s] Level 1:colcon.colcon_core.package_identification:_identify(log) by extension 'ignore'
[0.147s] Level 1:colcon.colcon_core.package_identification:_identify(log) ignored
[0.147s] Level 1:colcon.colcon_core.package_identification:_identify(spherebot_control) by extensions ['ignore', 'ignore_ament_install']
[0.148s] Level 1:colcon.colcon_core.package_identification:_identify(spherebot_control) by extension 'ignore'
[0.148s] Level 1:colcon.colcon_core.package_identification:_identify(spherebot_control) by extension 'ignore_ament_install'
[0.148s] Level 1:colcon.colcon_core.package_identification:_identify(spherebot_control) by extensions ['colcon_pkg']
[0.148s] Level 1:colcon.colcon_core.package_identification:_identify(spherebot_control) by extension 'colcon_pkg'
[0.148s] Level 1:colcon.colcon_core.package_identification:_identify(spherebot_control) by extensions ['colcon_meta']
[0.148s] Level 1:colcon.colcon_core.package_identification:_identify(spherebot_control) by extension 'colcon_meta'
[0.148s] Level 1:colcon.colcon_core.package_identification:_identify(spherebot_control) by extensions ['ros']
[0.148s] Level 1:colcon.colcon_core.package_identification:_identify(spherebot_control) by extension 'ros'
[0.150s] DEBUG:colcon.colcon_core.package_identification:Package 'spherebot_control' with type 'ros.ament_python' and name 'spherebot_control'
[0.150s] Level 1:colcon.colcon_core.package_identification:_identify(spherebot_description) by extensions ['ignore', 'ignore_ament_install']
[0.150s] Level 1:colcon.colcon_core.package_identification:_identify(spherebot_description) by extension 'ignore'
[0.150s] Level 1:colcon.colcon_core.package_identification:_identify(spherebot_description) by extension 'ignore_ament_install'
[0.150s] Level 1:colcon.colcon_core.package_identification:_identify(spherebot_description) by extensions ['colcon_pkg']
[0.150s] Level 1:colcon.colcon_core.package_identification:_identify(spherebot_description) by extension 'colcon_pkg'
[0.150s] Level 1:colcon.colcon_core.package_identification:_identify(spherebot_description) by extensions ['colcon_meta']
[0.150s] Level 1:colcon.colcon_core.package_identification:_identify(spherebot_description) by extension 'colcon_meta'
[0.150s] Level 1:colcon.colcon_core.package_identification:_identify(spherebot_description) by extensions ['ros']
[0.150s] Level 1:colcon.colcon_core.package_identification:_identify(spherebot_description) by extension 'ros'
[0.151s] DEBUG:colcon.colcon_core.package_identification:Package 'spherebot_description' with type 'ros.ament_python' and name 'spherebot_description'
[0.151s] Level 1:colcon.colcon_core.package_identification:_identify(spherebot_gazebo) by extensions ['ignore', 'ignore_ament_install']
[0.151s] Level 1:colcon.colcon_core.package_identification:_identify(spherebot_gazebo) by extension 'ignore'
[0.151s] Level 1:colcon.colcon_core.package_identification:_identify(spherebot_gazebo) by extension 'ignore_ament_install'
[0.151s] Level 1:colcon.colcon_core.package_identification:_identify(spherebot_gazebo) by extensions ['colcon_pkg']
[0.151s] Level 1:colcon.colcon_core.package_identification:_identify(spherebot_gazebo) by extension 'colcon_pkg'
[0.151s] Level 1:colcon.colcon_core.package_identification:_identify(spherebot_gazebo) by extensions ['colcon_meta']
[0.151s] Level 1:colcon.colcon_core.package_identification:_identify(spherebot_gazebo) by extension 'colcon_meta'
[0.151s] Level 1:colcon.colcon_core.package_identification:_identify(spherebot_gazebo) by extensions ['ros']
[0.151s] Level 1:colcon.colcon_core.package_identification:_identify(spherebot_gazebo) by extension 'ros'
[0.151s] DEBUG:colcon.colcon_core.package_identification:Package 'spherebot_gazebo' with type 'ros.ament_python' and name 'spherebot_gazebo'
[0.151s] Level 1:colcon.colcon_core.package_identification:_identify(spherebot_navigation) by extensions ['ignore', 'ignore_ament_install']
[0.151s] Level 1:colcon.colcon_core.package_identification:_identify(spherebot_navigation) by extension 'ignore'
[0.152s] Level 1:colcon.colcon_core.package_identification:_identify(spherebot_navigation) by extension 'ignore_ament_install'
[0.152s] Level 1:colcon.colcon_core.package_identification:_identify(spherebot_navigation) by extensions ['colcon_pkg']
[0.152s] Level 1:colcon.colcon_core.package_identification:_identify(spherebot_navigation) by extension 'colcon_pkg'
[0.152s] Level 1:colcon.colcon_core.package_identification:_identify(spherebot_navigation) by extensions ['colcon_meta']
[0.152s] Level 1:colcon.colcon_core.package_identification:_identify(spherebot_navigation) by extension 'colcon_meta'
[0.152s] Level 1:colcon.colcon_core.package_identification:_identify(spherebot_navigation) by extensions ['ros']
[0.152s] Level 1:colcon.colcon_core.package_identification:_identify(spherebot_navigation) by extension 'ros'
[0.152s] DEBUG:colcon.colcon_core.package_identification:Package 'spherebot_navigation' with type 'ros.ament_cmake' and name 'spherebot_navigation'
[0.152s] Level 1:colcon.colcon_core.package_identification:_identify(spherebot_slam) by extensions ['ignore', 'ignore_ament_install']
[0.152s] Level 1:colcon.colcon_core.package_identification:_identify(spherebot_slam) by extension 'ignore'
[0.152s] Level 1:colcon.colcon_core.package_identification:_identify(spherebot_slam) by extension 'ignore_ament_install'
[0.152s] Level 1:colcon.colcon_core.package_identification:_identify(spherebot_slam) by extensions ['colcon_pkg']
[0.152s] Level 1:colcon.colcon_core.package_identification:_identify(spherebot_slam) by extension 'colcon_pkg'
[0.152s] Level 1:colcon.colcon_core.package_identification:_identify(spherebot_slam) by extensions ['colcon_meta']
[0.153s] Level 1:colcon.colcon_core.package_identification:_identify(spherebot_slam) by extension 'colcon_meta'
[0.153s] Level 1:colcon.colcon_core.package_identification:_identify(spherebot_slam) by extensions ['ros']
[0.153s] Level 1:colcon.colcon_core.package_identification:_identify(spherebot_slam) by extension 'ros'
[0.153s] DEBUG:colcon.colcon_core.package_identification:Package 'spherebot_slam' with type 'ros.ament_python' and name 'spherebot_slam'
[0.153s] Level 1:colcon.colcon_core.package_identification:_identify(spherebot_teleop) by extensions ['ignore', 'ignore_ament_install']
[0.153s] Level 1:colcon.colcon_core.package_identification:_identify(spherebot_teleop) by extension 'ignore'
[0.153s] Level 1:colcon.colcon_core.package_identification:_identify(spherebot_teleop) by extension 'ignore_ament_install'
[0.153s] Level 1:colcon.colcon_core.package_identification:_identify(spherebot_teleop) by extensions ['colcon_pkg']
[0.153s] Level 1:colcon.colcon_core.package_identification:_identify(spherebot_teleop) by extension 'colcon_pkg'
[0.153s] Level 1:colcon.colcon_core.package_identification:_identify(spherebot_teleop) by extensions ['colcon_meta']
[0.153s] Level 1:colcon.colcon_core.package_identification:_identify(spherebot_teleop) by extension 'colcon_meta'
[0.153s] Level 1:colcon.colcon_core.package_identification:_identify(spherebot_teleop) by extensions ['ros']
[0.153s] Level 1:colcon.colcon_core.package_identification:_identify(spherebot_teleop) by extension 'ros'
[0.154s] DEBUG:colcon.colcon_core.package_identification:Package 'spherebot_teleop' with type 'ros.ament_python' and name 'spherebot_teleop'
[0.154s] Level 1:colcon.colcon_core.package_discovery:discover_packages(recursive) using defaults
[0.154s] Level 1:colcon.colcon_core.package_discovery:discover_packages(ignore) discover
[0.154s] Level 1:colcon.colcon_core.package_discovery:discover_packages(ignore) using defaults
[0.154s] Level 1:colcon.colcon_core.package_discovery:discover_packages(path) discover
[0.154s] Level 1:colcon.colcon_core.package_discovery:discover_packages(path) using defaults
[0.171s] INFO:colcon.colcon_core.package_selection:Skipping not selected package 'spherebot_description' in 'spherebot_description'
[0.172s] INFO:colcon.colcon_core.package_selection:Skipping not selected package 'spherebot_slam' in 'spherebot_slam'
[0.172s] INFO:colcon.colcon_core.package_selection:Skipping not selected package 'spherebot_teleop' in 'spherebot_teleop'
[0.172s] INFO:colcon.colcon_core.package_selection:Skipping not selected package 'spherebot_control' in 'spherebot_control'
[0.172s] INFO:colcon.colcon_core.package_selection:Skipping not selected package 'spherebot_gazebo' in 'spherebot_gazebo'
[0.172s] Level 1:colcon.colcon_core.package_discovery:discover_packages(prefix_path) check parameters
[0.172s] Level 1:colcon.colcon_core.package_discovery:discover_packages(prefix_path) discover
[0.175s] DEBUG:colcon.colcon_installed_package_information.package_discovery:Found 492 installed packages in /opt/ros/jazzy
[0.176s] Level 1:colcon.colcon_core.package_discovery:discover_packages(prefix_path) using defaults
[0.224s] Level 5:colcon.colcon_core.verb:set package 'spherebot_navigation' build argument 'cmake_args' from command line to 'None'
[0.224s] Level 5:colcon.colcon_core.verb:set package 'spherebot_navigation' build argument 'cmake_target' from command line to 'None'
[0.224s] Level 5:colcon.colcon_core.verb:set package 'spherebot_navigation' build argument 'cmake_target_skip_unavailable' from command line to 'False'
[0.224s] Level 5:colcon.colcon_core.verb:set package 'spherebot_navigation' build argument 'cmake_clean_cache' from command line to 'False'
[0.224s] Level 5:colcon.colcon_core.verb:set package 'spherebot_navigation' build argument 'cmake_clean_first' from command line to 'False'
[0.224s] Level 5:colcon.colcon_core.verb:set package 'spherebot_navigation' build argument 'cmake_force_configure' from command line to 'False'
[0.224s] Level 5:colcon.colcon_core.verb:set package 'spherebot_navigation' build argument 'ament_cmake_args' from command line to 'None'
[0.224s] Level 5:colcon.colcon_core.verb:set package 'spherebot_navigation' build argument 'catkin_cmake_args' from command line to 'None'
[0.224s] Level 5:colcon.colcon_core.verb:set package 'spherebot_navigation' build argument 'catkin_skip_building_tests' from command line to 'False'
[0.224s] DEBUG:colcon.colcon_core.verb:Building package 'spherebot_navigation' with the following arguments: {'ament_cmake_args': None, 'build_base': '/home/faseeh/ros2/ros2_ws/build/spherebot_navigation', 'catkin_cmake_args': None, 'catkin_skip_building_tests': False, 'cmake_args': None, 'cmake_clean_cache': False, 'cmake_clean_first': False, 'cmake_force_configure': False, 'cmake_target': None, 'cmake_target_skip_unavailable': False, 'install_base': '/home/faseeh/ros2/ros2_ws/install/spherebot_navigation', 'merge_install': False, 'path': '/home/faseeh/ros2/ros2_ws/src/spherebot_navigation', 'symlink_install': True, 'test_result_base': None}
[0.224s] INFO:colcon.colcon_core.executor:Executing jobs using 'parallel' executor
[0.225s] DEBUG:colcon.colcon_parallel_executor.executor.parallel:run_until_complete
[0.225s] INFO:colcon.colcon_ros.task.ament_cmake.build:Building ROS package in '/home/faseeh/ros2/ros2_ws/src/spherebot_navigation' with build type 'ament_cmake'
[0.225s] INFO:colcon.colcon_cmake.task.cmake.build:Building CMake package in '/home/faseeh/ros2/ros2_ws/src/spherebot_navigation'
[0.226s] INFO:colcon.colcon_core.plugin_system:Skipping extension 'colcon_core.shell.bat': Not used on non-Windows systems
[0.226s] INFO:colcon.colcon_core.shell:Skip shell extension 'powershell' for command environment: Not usable outside of PowerShell
[0.226s] DEBUG:colcon.colcon_core.shell:Skip shell extension 'dsv' for command environment
[0.235s] DEBUG:colcon.colcon_core.event_handler.log_command:Invoking command in '/home/faseeh/ros2/ros2_ws/build/spherebot_navigation': AMENT_PREFIX_PATH=/home/faseeh/ros2/ros2_ws/install/spherebot_gazebo:/home/faseeh/ros2/ros2_ws/install/spherebot_control:/home/faseeh/ros2/ros2_ws/install/spherebot_slam:/home/faseeh/ros2/ros2_ws/install/spherebot_description:${AMENT_PREFIX_PATH} CMAKE_PREFIX_PATH=${CMAKE_PREFIX_PATH}:/opt/ros/jazzy DEBUGINFOD_URLS=https://debuginfod.ubuntu.com PYTHONPATH=/home/faseeh/ros2/ros2_ws/install/spherebot_gazebo/lib/python3.12/site-packages:/home/faseeh/ros2/ros2_ws/install/spherebot_control/lib/python3.12/site-packages:/home/faseeh/ros2/ros2_ws/install/spherebot_slam/lib/python3.12/site-packages:/home/faseeh/ros2/ros2_ws/install/spherebot_description/lib/python3.12/site-packages:${PYTHONPATH} /usr/bin/cmake /home/faseeh/ros2/ros2_ws/src/spherebot_navigation -DAMENT_CMAKE_SYMLINK_INSTALL=1 -DCMAKE_INSTALL_PREFIX=/home/faseeh/ros2/ros2_ws/install/spherebot_navigation
[4.352s] DEBUG:colcon.colcon_core.event_handler.log_command:Invoked command in '/home/faseeh/ros2/ros2_ws/build/spherebot_navigation' returned '0': AMENT_PREFIX_PATH=/home/faseeh/ros2/ros2_ws/install/spherebot_gazebo:/home/faseeh/ros2/ros2_ws/install/spherebot_control:/home/faseeh/ros2/ros2_ws/install/spherebot_slam:/home/faseeh/ros2/ros2_ws/install/spherebot_description:${AMENT_PREFIX_PATH} CMAKE_PREFIX_PATH=${CMAKE_PREFIX_PATH}:/opt/ros/jazzy DEBUGINFOD_URLS=https://debuginfod.ubuntu.com PYTHONPATH=/home/faseeh/ros2/ros2_ws/install/spherebot_gazebo/lib/python3.12/site-packages:/home/faseeh/ros2/ros2_ws/install/spherebot_control/lib/python3.12/site-packages:/home/faseeh/ros2/ros2_ws/install/spherebot_slam/lib/python3.12/site-packages:/home/faseeh/ros2/ros2_ws/install/spherebot_description/lib/python3.12/site-packages:${PYTHONPATH} /usr/bin/cmake /home/faseeh/ros2/ros2_ws/src/spherebot_navigation -DAMENT_CMAKE_SYMLINK_INSTALL=1 -DCMAKE_INSTALL_PREFIX=/home/faseeh/ros2/ros2_ws/install/spherebot_navigation
[4.353s] DEBUG:colcon.colcon_core.event_handler.log_command:Invoking command in '/home/faseeh/ros2/ros2_ws/build/spherebot_navigation': AMENT_PREFIX_PATH=/home/faseeh/ros2/ros2_ws/install/spherebot_gazebo:/home/faseeh/ros2/ros2_ws/install/spherebot_control:/home/faseeh/ros2/ros2_ws/install/spherebot_slam:/home/faseeh/ros2/ros2_ws/install/spherebot_description:${AMENT_PREFIX_PATH} CMAKE_PREFIX_PATH=${CMAKE_PREFIX_PATH}:/opt/ros/jazzy DEBUGINFOD_URLS=https://debuginfod.ubuntu.com PYTHONPATH=/home/faseeh/ros2/ros2_ws/install/spherebot_gazebo/lib/python3.12/site-packages:/home/faseeh/ros2/ros2_ws/install/spherebot_control/lib/python3.12/site-packages:/home/faseeh/ros2/ros2_ws/install/spherebot_slam/lib/python3.12/site-packages:/home/faseeh/ros2/ros2_ws/install/spherebot_description/lib/python3.12/site-packages:${PYTHONPATH} /usr/bin/cmake --build /home/faseeh/ros2/ros2_ws/build/spherebot_navigation -- -j8 -l8
[4.399s] DEBUG:colcon.colcon_core.event_handler.log_command:Invoked command in '/home/faseeh/ros2/ros2_ws/build/spherebot_navigation' returned '0': AMENT_PREFIX_PATH=/home/faseeh/ros2/ros2_ws/install/spherebot_gazebo:/home/faseeh/ros2/ros2_ws/install/spherebot_control:/home/faseeh/ros2/ros2_ws/install/spherebot_slam:/home/faseeh/ros2/ros2_ws/install/spherebot_description:${AMENT_PREFIX_PATH} CMAKE_PREFIX_PATH=${CMAKE_PREFIX_PATH}:/opt/ros/jazzy DEBUGINFOD_URLS=https://debuginfod.ubuntu.com PYTHONPATH=/home/faseeh/ros2/ros2_ws/install/spherebot_gazebo/lib/python3.12/site-packages:/home/faseeh/ros2/ros2_ws/install/spherebot_control/lib/python3.12/site-packages:/home/faseeh/ros2/ros2_ws/install/spherebot_slam/lib/python3.12/site-packages:/home/faseeh/ros2/ros2_ws/install/spherebot_description/lib/python3.12/site-packages:${PYTHONPATH} /usr/bin/cmake --build /home/faseeh/ros2/ros2_ws/build/spherebot_navigation -- -j8 -l8
[4.407s] DEBUG:colcon.colcon_core.event_handler.log_command:Invoking command in '/home/faseeh/ros2/ros2_ws/build/spherebot_navigation': AMENT_PREFIX_PATH=/home/faseeh/ros2/ros2_ws/install/spherebot_gazebo:/home/faseeh/ros2/ros2_ws/install/spherebot_control:/home/faseeh/ros2/ros2_ws/install/spherebot_slam:/home/faseeh/ros2/ros2_ws/install/spherebot_description:${AMENT_PREFIX_PATH} CMAKE_PREFIX_PATH=${CMAKE_PREFIX_PATH}:/opt/ros/jazzy DEBUGINFOD_URLS=https://debuginfod.ubuntu.com PYTHONPATH=/home/faseeh/ros2/ros2_ws/install/spherebot_gazebo/lib/python3.12/site-packages:/home/faseeh/ros2/ros2_ws/install/spherebot_control/lib/python3.12/site-packages:/home/faseeh/ros2/ros2_ws/install/spherebot_slam/lib/python3.12/site-packages:/home/faseeh/ros2/ros2_ws/install/spherebot_description/lib/python3.12/site-packages:${PYTHONPATH} /usr/bin/cmake --install /home/faseeh/ros2/ros2_ws/build/spherebot_navigation
[4.579s] Level 1:colcon.colcon_core.environment:create_environment_scripts_only(spherebot_navigation)
[4.580s] DEBUG:colcon.colcon_core.event_handler.log_command:Invoked command in '/home/faseeh/ros2/ros2_ws/build/spherebot_navigation' returned '0': AMENT_PREFIX_PATH=/home/faseeh/ros2/ros2_ws/install/spherebot_gazebo:/home/faseeh/ros2/ros2_ws/install/spherebot_control:/home/faseeh/ros2/ros2_ws/install/spherebot_slam:/home/faseeh/ros2/ros2_ws/install/spherebot_description:${AMENT_PREFIX_PATH} CMAKE_PREFIX_PATH=${CMAKE_PREFIX_PATH}:/opt/ros/jazzy DEBUGINFOD_URLS=https://debuginfod.ubuntu.com PYTHONPATH=/home/faseeh/ros2/ros2_ws/install/spherebot_gazebo/lib/python3.12/site-packages:/home/faseeh/ros2/ros2_ws/install/spherebot_control/lib/python3.12/site-packages:/home/faseeh/ros2/ros2_ws/install/spherebot_slam/lib/python3.12/site-packages:/home/faseeh/ros2/ros2_ws/install/spherebot_description/lib/python3.12/site-packages:${PYTHONPATH} /usr/bin/cmake --install /home/faseeh/ros2/ros2_ws/build/spherebot_navigation
[4.582s] Level 1:colcon.colcon_core.environment:checking '/home/faseeh/ros2/ros2_ws/install/spherebot_navigation' for CMake module files
[4.583s] Level 1:colcon.colcon_core.environment:checking '/home/faseeh/ros2/ros2_ws/install/spherebot_navigation' for CMake config files
[4.583s] Level 1:colcon.colcon_core.shell:create_environment_hook('spherebot_navigation', 'cmake_prefix_path')
[4.583s] INFO:colcon.colcon_core.shell:Creating environment hook '/home/faseeh/ros2/ros2_ws/install/spherebot_navigation/share/spherebot_navigation/hook/cmake_prefix_path.ps1'
[4.584s] INFO:colcon.colcon_core.shell:Creating environment descriptor '/home/faseeh/ros2/ros2_ws/install/spherebot_navigation/share/spherebot_navigation/hook/cmake_prefix_path.dsv'
[4.584s] INFO:colcon.colcon_core.shell:Creating environment hook '/home/faseeh/ros2/ros2_ws/install/spherebot_navigation/share/spherebot_navigation/hook/cmake_prefix_path.sh'
[4.585s] Level 1:colcon.colcon_core.environment:checking '/home/faseeh/ros2/ros2_ws/install/spherebot_navigation/bin'
[4.585s] Level 1:colcon.colcon_core.environment:checking '/home/faseeh/ros2/ros2_ws/install/spherebot_navigation/lib/pkgconfig/spherebot_navigation.pc'
[4.586s] Level 1:colcon.colcon_core.environment:checking '/home/faseeh/ros2/ros2_ws/install/spherebot_navigation/lib/python3.12/site-packages'
[4.586s] Level 1:colcon.colcon_core.environment:checking '/home/faseeh/ros2/ros2_ws/install/spherebot_navigation/bin'
[4.586s] INFO:colcon.colcon_core.shell:Creating package script '/home/faseeh/ros2/ros2_ws/install/spherebot_navigation/share/spherebot_navigation/package.ps1'
[4.587s] INFO:colcon.colcon_core.shell:Creating package descriptor '/home/faseeh/ros2/ros2_ws/install/spherebot_navigation/share/spherebot_navigation/package.dsv'
[4.588s] INFO:colcon.colcon_core.shell:Creating package script '/home/faseeh/ros2/ros2_ws/install/spherebot_navigation/share/spherebot_navigation/package.sh'
[4.588s] INFO:colcon.colcon_core.shell:Creating package script '/home/faseeh/ros2/ros2_ws/install/spherebot_navigation/share/spherebot_navigation/package.bash'
[4.588s] INFO:colcon.colcon_core.shell:Creating package script '/home/faseeh/ros2/ros2_ws/install/spherebot_navigation/share/spherebot_navigation/package.zsh'
[4.589s] Level 1:colcon.colcon_core.environment:create_file_with_runtime_dependencies(/home/faseeh/ros2/ros2_ws/install/spherebot_navigation/share/colcon-core/packages/spherebot_navigation)
[4.589s] Level 1:colcon.colcon_core.environment:create_environment_scripts_only(spherebot_navigation)
[4.589s] Level 1:colcon.colcon_core.environment:checking '/home/faseeh/ros2/ros2_ws/install/spherebot_navigation' for CMake module files
[4.590s] Level 1:colcon.colcon_core.environment:checking '/home/faseeh/ros2/ros2_ws/install/spherebot_navigation' for CMake config files
[4.590s] Level 1:colcon.colcon_core.shell:create_environment_hook('spherebot_navigation', 'cmake_prefix_path')
[4.590s] INFO:colcon.colcon_core.shell:Creating environment hook '/home/faseeh/ros2/ros2_ws/install/spherebot_navigation/share/spherebot_navigation/hook/cmake_prefix_path.ps1'
[4.590s] INFO:colcon.colcon_core.shell:Creating environment descriptor '/home/faseeh/ros2/ros2_ws/install/spherebot_navigation/share/spherebot_navigation/hook/cmake_prefix_path.dsv'
[4.590s] INFO:colcon.colcon_core.shell:Creating environment hook '/home/faseeh/ros2/ros2_ws/install/spherebot_navigation/share/spherebot_navigation/hook/cmake_prefix_path.sh'
[4.591s] Level 1:colcon.colcon_core.environment:checking '/home/faseeh/ros2/ros2_ws/install/spherebot_navigation/bin'
[4.591s] Level 1:colcon.colcon_core.environment:checking '/home/faseeh/ros2/ros2_ws/install/spherebot_navigation/lib/pkgconfig/spherebot_navigation.pc'
[4.591s] Level 1:colcon.colcon_core.environment:checking '/home/faseeh/ros2/ros2_ws/install/spherebot_navigation/lib/python3.12/site-packages'
[4.591s] Level 1:colcon.colcon_core.environment:checking '/home/faseeh/ros2/ros2_ws/install/spherebot_navigation/bin'
[4.591s] INFO:colcon.colcon_core.shell:Creating package script '/home/faseeh/ros2/ros2_ws/install/spherebot_navigation/share/spherebot_navigation/package.ps1'
[4.592s] INFO:colcon.colcon_core.shell:Creating package descriptor '/home/faseeh/ros2/ros2_ws/install/spherebot_navigation/share/spherebot_navigation/package.dsv'
[4.592s] INFO:colcon.colcon_core.shell:Creating package script '/home/faseeh/ros2/ros2_ws/install/spherebot_navigation/share/spherebot_navigation/package.sh'
[4.592s] INFO:colcon.colcon_core.shell:Creating package script '/home/faseeh/ros2/ros2_ws/install/spherebot_navigation/share/spherebot_navigation/package.bash'
[4.593s] INFO:colcon.colcon_core.shell:Creating package script '/home/faseeh/ros2/ros2_ws/install/spherebot_navigation/share/spherebot_navigation/package.zsh'
[4.593s] Level 1:colcon.colcon_core.environment:create_file_with_runtime_dependencies(/home/faseeh/ros2/ros2_ws/install/spherebot_navigation/share/colcon-core/packages/spherebot_navigation)
[4.593s] DEBUG:colcon.colcon_parallel_executor.executor.parallel:closing loop
[4.593s] DEBUG:colcon.colcon_parallel_executor.executor.parallel:loop closed
[4.593s] DEBUG:colcon.colcon_parallel_executor.executor.parallel:run_until_complete finished with '0'
[4.594s] DEBUG:colcon.colcon_core.event_reactor:joining thread
[4.616s] INFO:colcon.colcon_core.plugin_system:Skipping extension 'colcon_notification.desktop_notification.terminal_notifier': Not used on non-Darwin systems
[4.616s] INFO:colcon.colcon_core.plugin_system:Skipping extension 'colcon_notification.desktop_notification.win32': Not used on non-Windows systems
[4.616s] INFO:colcon.colcon_notification.desktop_notification:Sending desktop notification using 'notify2'
[4.629s] DEBUG:colcon.colcon_core.event_reactor:joined thread
[4.630s] INFO:colcon.colcon_core.shell:Creating prefix script '/home/faseeh/ros2/ros2_ws/install/local_setup.ps1'
[4.631s] INFO:colcon.colcon_core.shell:Creating prefix util module '/home/faseeh/ros2/ros2_ws/install/_local_setup_util_ps1.py'
[4.632s] INFO:colcon.colcon_core.shell:Creating prefix chain script '/home/faseeh/ros2/ros2_ws/install/setup.ps1'
[4.632s] INFO:colcon.colcon_core.shell:Creating prefix script '/home/faseeh/ros2/ros2_ws/install/local_setup.sh'
[4.633s] INFO:colcon.colcon_core.shell:Creating prefix util module '/home/faseeh/ros2/ros2_ws/install/_local_setup_util_sh.py'
[4.633s] INFO:colcon.colcon_core.shell:Creating prefix chain script '/home/faseeh/ros2/ros2_ws/install/setup.sh'
[4.634s] INFO:colcon.colcon_core.shell:Creating prefix script '/home/faseeh/ros2/ros2_ws/install/local_setup.bash'
[4.635s] INFO:colcon.colcon_core.shell:Creating prefix chain script '/home/faseeh/ros2/ros2_ws/install/setup.bash'
[4.635s] INFO:colcon.colcon_core.shell:Creating prefix script '/home/faseeh/ros2/ros2_ws/install/local_setup.zsh'
[4.636s] INFO:colcon.colcon_core.shell:Creating prefix chain script '/home/faseeh/ros2/ros2_ws/install/setup.zsh'
