running egg_info
creating ../build/spherebot_description/spherebot_description.egg-info
writing ../build/spherebot_description/spherebot_description.egg-info/PKG-INFO
writing dependency_links to ../build/spherebot_description/spherebot_description.egg-info/dependency_links.txt
writing requirements to ../build/spherebot_description/spherebot_description.egg-info/requires.txt
writing top-level names to ../build/spherebot_description/spherebot_description.egg-info/top_level.txt
writing manifest file '../build/spherebot_description/spherebot_description.egg-info/SOURCES.txt'
reading manifest file '../build/spherebot_description/spherebot_description.egg-info/SOURCES.txt'
writing manifest file '../build/spherebot_description/spherebot_description.egg-info/SOURCES.txt'
running build
running build_py
creating /home/faseeh/ros2/ros2_ws/src/build/spherebot_description/build
creating /home/faseeh/ros2/ros2_ws/src/build/spherebot_description/build/lib
creating /home/faseeh/ros2/ros2_ws/src/build/spherebot_description/build/lib/spherebot_description
copying spherebot_description/__init__.py -> /home/faseeh/ros2/ros2_ws/src/build/spherebot_description/build/lib/spherebot_description
running install
running install_lib
creating /home/faseeh/ros2/ros2_ws/src/install/spherebot_description/lib/python3.12/site-packages/spherebot_description
copying /home/faseeh/ros2/ros2_ws/src/build/spherebot_description/build/lib/spherebot_description/__init__.py -> /home/faseeh/ros2/ros2_ws/src/install/spherebot_description/lib/python3.12/site-packages/spherebot_description
byte-compiling /home/faseeh/ros2/ros2_ws/src/install/spherebot_description/lib/python3.12/site-packages/spherebot_description/__init__.py to __init__.cpython-312.pyc
running install_data
creating /home/faseeh/ros2/ros2_ws/src/install/spherebot_description/share/ament_index
creating /home/faseeh/ros2/ros2_ws/src/install/spherebot_description/share/ament_index/resource_index
creating /home/faseeh/ros2/ros2_ws/src/install/spherebot_description/share/ament_index/resource_index/packages
copying resource/spherebot_description -> /home/faseeh/ros2/ros2_ws/src/install/spherebot_description/share/ament_index/resource_index/packages
copying package.xml -> /home/faseeh/ros2/ros2_ws/src/install/spherebot_description/share/spherebot_description
creating /home/faseeh/ros2/ros2_ws/src/install/spherebot_description/share/spherebot_description/launch
copying launch/display.launch.py -> /home/faseeh/ros2/ros2_ws/src/install/spherebot_description/share/spherebot_description/launch
creating /home/faseeh/ros2/ros2_ws/src/install/spherebot_description/share/spherebot_description/urdf
copying urdf/spherebot.urdf -> /home/faseeh/ros2/ros2_ws/src/install/spherebot_description/share/spherebot_description/urdf
copying urdf/spherebot.urdf.xacro -> /home/faseeh/ros2/ros2_ws/src/install/spherebot_description/share/spherebot_description/urdf
creating /home/faseeh/ros2/ros2_ws/src/install/spherebot_description/share/spherebot_description/rviz
copying rviz/urdf_config.rviz -> /home/faseeh/ros2/ros2_ws/src/install/spherebot_description/share/spherebot_description/rviz
running install_egg_info
Copying ../build/spherebot_description/spherebot_description.egg-info to /home/faseeh/ros2/ros2_ws/src/install/spherebot_description/lib/python3.12/site-packages/spherebot_description-0.0.0-py3.12.egg-info
running install_scripts
writing list of installed files to '/home/faseeh/ros2/ros2_ws/src/build/spherebot_description/install.log'
