/home/faseeh/ros2/ros2_ws/src/install/spherebot_navigation/lib/python3.12/site-packages/spherebot_navigation/mission_control.py
/home/faseeh/ros2/ros2_ws/src/install/spherebot_navigation/lib/python3.12/site-packages/spherebot_navigation/vision_detector.py
/home/faseeh/ros2/ros2_ws/src/install/spherebot_navigation/lib/python3.12/site-packages/spherebot_navigation/__init__.py
/home/faseeh/ros2/ros2_ws/src/install/spherebot_navigation/lib/python3.12/site-packages/spherebot_navigation/go_to_pen.py
/home/faseeh/ros2/ros2_ws/src/install/spherebot_navigation/lib/python3.12/site-packages/spherebot_navigation/__pycache__/mission_control.cpython-312.pyc
/home/faseeh/ros2/ros2_ws/src/install/spherebot_navigation/lib/python3.12/site-packages/spherebot_navigation/__pycache__/vision_detector.cpython-312.pyc
/home/faseeh/ros2/ros2_ws/src/install/spherebot_navigation/lib/python3.12/site-packages/spherebot_navigation/__pycache__/__init__.cpython-312.pyc
/home/faseeh/ros2/ros2_ws/src/install/spherebot_navigation/lib/python3.12/site-packages/spherebot_navigation/__pycache__/go_to_pen.cpython-312.pyc
/home/faseeh/ros2/ros2_ws/src/install/spherebot_navigation/share/ament_index/resource_index/packages/spherebot_navigation
/home/faseeh/ros2/ros2_ws/src/install/spherebot_navigation/share/spherebot_navigation/package.xml
/home/faseeh/ros2/ros2_ws/src/install/spherebot_navigation/share/spherebot_navigation/launch/navigation.launch.py
/home/faseeh/ros2/ros2_ws/src/install/spherebot_navigation/share/spherebot_navigation/launch/go_to_pen.launch.py
/home/faseeh/ros2/ros2_ws/src/install/spherebot_navigation/share/spherebot_navigation/launch/complete_mission.launch.py
/home/faseeh/ros2/ros2_ws/src/install/spherebot_navigation/share/spherebot_navigation/config/nav2_params.yaml
/home/faseeh/ros2/ros2_ws/src/install/spherebot_navigation/share/spherebot_navigation/maps/assessment_map.yaml
/home/faseeh/ros2/ros2_ws/src/install/spherebot_navigation/share/spherebot_navigation/maps/assessment_map.pgm
/home/faseeh/ros2/ros2_ws/src/install/spherebot_navigation/lib/python3.12/site-packages/spherebot_navigation-0.0.0-py3.12.egg-info/entry_points.txt
/home/faseeh/ros2/ros2_ws/src/install/spherebot_navigation/lib/python3.12/site-packages/spherebot_navigation-0.0.0-py3.12.egg-info/zip-safe
/home/faseeh/ros2/ros2_ws/src/install/spherebot_navigation/lib/python3.12/site-packages/spherebot_navigation-0.0.0-py3.12.egg-info/SOURCES.txt
/home/faseeh/ros2/ros2_ws/src/install/spherebot_navigation/lib/python3.12/site-packages/spherebot_navigation-0.0.0-py3.12.egg-info/PKG-INFO
/home/faseeh/ros2/ros2_ws/src/install/spherebot_navigation/lib/python3.12/site-packages/spherebot_navigation-0.0.0-py3.12.egg-info/dependency_links.txt
/home/faseeh/ros2/ros2_ws/src/install/spherebot_navigation/lib/python3.12/site-packages/spherebot_navigation-0.0.0-py3.12.egg-info/requires.txt
/home/faseeh/ros2/ros2_ws/src/install/spherebot_navigation/lib/python3.12/site-packages/spherebot_navigation-0.0.0-py3.12.egg-info/top_level.txt
/home/faseeh/ros2/ros2_ws/src/install/spherebot_navigation/lib/spherebot_navigation/go_to_pen
/home/faseeh/ros2/ros2_ws/src/install/spherebot_navigation/lib/spherebot_navigation/mission_control
/home/faseeh/ros2/ros2_ws/src/install/spherebot_navigation/lib/spherebot_navigation/vision_detector
