running egg_info
writing ../build/spherebot_navigation/spherebot_navigation.egg-info/PKG-INFO
writing dependency_links to ../build/spherebot_navigation/spherebot_navigation.egg-info/dependency_links.txt
writing entry points to ../build/spherebot_navigation/spherebot_navigation.egg-info/entry_points.txt
writing requirements to ../build/spherebot_navigation/spherebot_navigation.egg-info/requires.txt
writing top-level names to ../build/spherebot_navigation/spherebot_navigation.egg-info/top_level.txt
reading manifest file '../build/spherebot_navigation/spherebot_navigation.egg-info/SOURCES.txt'
writing manifest file '../build/spherebot_navigation/spherebot_navigation.egg-info/SOURCES.txt'
running build
running build_py
copying spherebot_navigation/mission_control.py -> /home/faseeh/ros2/ros2_ws/src/build/spherebot_navigation/build/lib/spherebot_navigation
running install
running install_lib
copying /home/faseeh/ros2/ros2_ws/src/build/spherebot_navigation/build/lib/spherebot_navigation/mission_control.py -> /home/faseeh/ros2/ros2_ws/src/install/spherebot_navigation/lib/python3.12/site-packages/spherebot_navigation
byte-compiling /home/faseeh/ros2/ros2_ws/src/install/spherebot_navigation/lib/python3.12/site-packages/spherebot_navigation/mission_control.py to mission_control.cpython-312.pyc
running install_data
copying launch/navigation.launch.py -> /home/faseeh/ros2/ros2_ws/src/install/spherebot_navigation/share/spherebot_navigation/launch
copying launch/complete_mission.launch.py -> /home/faseeh/ros2/ros2_ws/src/install/spherebot_navigation/share/spherebot_navigation/launch
copying config/nav2_params.yaml -> /home/faseeh/ros2/ros2_ws/src/install/spherebot_navigation/share/spherebot_navigation/config
running install_egg_info
removing '/home/faseeh/ros2/ros2_ws/src/install/spherebot_navigation/lib/python3.12/site-packages/spherebot_navigation-0.0.0-py3.12.egg-info' (and everything under it)
Copying ../build/spherebot_navigation/spherebot_navigation.egg-info to /home/faseeh/ros2/ros2_ws/src/install/spherebot_navigation/lib/python3.12/site-packages/spherebot_navigation-0.0.0-py3.12.egg-info
running install_scripts
Installing go_to_pen script to /home/faseeh/ros2/ros2_ws/src/install/spherebot_navigation/lib/spherebot_navigation
Installing mission_control script to /home/faseeh/ros2/ros2_ws/src/install/spherebot_navigation/lib/spherebot_navigation
Installing vision_detector script to /home/faseeh/ros2/ros2_ws/src/install/spherebot_navigation/lib/spherebot_navigation
writing list of installed files to '/home/faseeh/ros2/ros2_ws/src/build/spherebot_navigation/install.log'
