[0.404s] Invoking command in '/home/faseeh/ros2/ros2_ws/src/spherebot_navigation': DEBUGINFOD_URLS=https://debuginfod.ubuntu.com PYTHONPATH=/home/faseeh/ros2/ros2_ws/src/build/spherebot_navigation/prefix_override:/usr/lib/python3/dist-packages/colcon_core/task/python/colcon_distutils_commands:/home/faseeh/ros2/ros2_ws/src/install/spherebot_navigation/lib/python3.12/site-packages: /usr/bin/python3 -W ignore:setup.py install is deprecated -W ignore:easy_install command is deprecated setup.py egg_info --egg-base ../build/spherebot_navigation build --build-base /home/faseeh/ros2/ros2_ws/src/build/spherebot_navigation/build install --record /home/faseeh/ros2/ros2_ws/src/build/spherebot_navigation/install.log --single-version-externally-managed install_data
[0.532s] running egg_info
[0.539s] writing ../build/spherebot_navigation/spherebot_navigation.egg-info/PKG-INFO
[0.539s] writing dependency_links to ../build/spherebot_navigation/spherebot_navigation.egg-info/dependency_links.txt
[0.539s] writing entry points to ../build/spherebot_navigation/spherebot_navigation.egg-info/entry_points.txt
[0.540s] writing requirements to ../build/spherebot_navigation/spherebot_navigation.egg-info/requires.txt
[0.540s] writing top-level names to ../build/spherebot_navigation/spherebot_navigation.egg-info/top_level.txt
[0.553s] reading manifest file '../build/spherebot_navigation/spherebot_navigation.egg-info/SOURCES.txt'
[0.554s] writing manifest file '../build/spherebot_navigation/spherebot_navigation.egg-info/SOURCES.txt'
[0.554s] running build
[0.554s] running build_py
[0.554s] copying spherebot_navigation/mission_control.py -> /home/faseeh/ros2/ros2_ws/src/build/spherebot_navigation/build/lib/spherebot_navigation
[0.555s] running install
[0.559s] running install_lib
[0.566s] copying /home/faseeh/ros2/ros2_ws/src/build/spherebot_navigation/build/lib/spherebot_navigation/mission_control.py -> /home/faseeh/ros2/ros2_ws/src/install/spherebot_navigation/lib/python3.12/site-packages/spherebot_navigation
[0.566s] byte-compiling /home/faseeh/ros2/ros2_ws/src/install/spherebot_navigation/lib/python3.12/site-packages/spherebot_navigation/mission_control.py to mission_control.cpython-312.pyc
[0.568s] running install_data
[0.568s] copying launch/navigation.launch.py -> /home/faseeh/ros2/ros2_ws/src/install/spherebot_navigation/share/spherebot_navigation/launch
[0.568s] copying launch/complete_mission.launch.py -> /home/faseeh/ros2/ros2_ws/src/install/spherebot_navigation/share/spherebot_navigation/launch
[0.568s] copying config/nav2_params.yaml -> /home/faseeh/ros2/ros2_ws/src/install/spherebot_navigation/share/spherebot_navigation/config
[0.568s] running install_egg_info
[0.576s] removing '/home/faseeh/ros2/ros2_ws/src/install/spherebot_navigation/lib/python3.12/site-packages/spherebot_navigation-0.0.0-py3.12.egg-info' (and everything under it)
[0.577s] Copying ../build/spherebot_navigation/spherebot_navigation.egg-info to /home/faseeh/ros2/ros2_ws/src/install/spherebot_navigation/lib/python3.12/site-packages/spherebot_navigation-0.0.0-py3.12.egg-info
[0.577s] running install_scripts
[0.633s] Installing go_to_pen script to /home/faseeh/ros2/ros2_ws/src/install/spherebot_navigation/lib/spherebot_navigation
[0.633s] Installing mission_control script to /home/faseeh/ros2/ros2_ws/src/install/spherebot_navigation/lib/spherebot_navigation
[0.633s] Installing vision_detector script to /home/faseeh/ros2/ros2_ws/src/install/spherebot_navigation/lib/spherebot_navigation
[0.634s] writing list of installed files to '/home/faseeh/ros2/ros2_ws/src/build/spherebot_navigation/install.log'
[0.653s] Invoked command in '/home/faseeh/ros2/ros2_ws/src/spherebot_navigation' returned '0': DEBUGINFOD_URLS=https://debuginfod.ubuntu.com PYTHONPATH=/home/faseeh/ros2/ros2_ws/src/build/spherebot_navigation/prefix_override:/usr/lib/python3/dist-packages/colcon_core/task/python/colcon_distutils_commands:/home/faseeh/ros2/ros2_ws/src/install/spherebot_navigation/lib/python3.12/site-packages: /usr/bin/python3 -W ignore:setup.py install is deprecated -W ignore:easy_install command is deprecated setup.py egg_info --egg-base ../build/spherebot_navigation build --build-base /home/faseeh/ros2/ros2_ws/src/build/spherebot_navigation/build install --record /home/faseeh/ros2/ros2_ws/src/build/spherebot_navigation/install.log --single-version-externally-managed install_data
